#
# A fatal error has been detected by the Java Runtime Environment:
#
#  SIGSEGV (0xb) at pc=0xb3636ee0, pid=4315, tid=3075884736
#
# JRE version: 6.0_27-b27
# Java VM: OpenJDK Client VM (20.0-b12 mixed mode, sharing linux-x86 )
# Derivative: IcedTea6 1.12.6
# Distribution: Ubuntu 12.10, package 6b27-1.12.6-1ubuntu0.12.10.2
# Problematic frame:
# C  [swrast_dri.so+0x6a0ee0]  _fini+0x3a6cfc
#
# If you would like to submit a bug report, please include
# instructions how to reproduce the bug and visit:
#   https://bugs.launchpad.net/ubuntu/+source/openjdk-6/
#

---------------  T H R E A D  ---------------

Current thread is native thread

siginfo:si_signo=SIGSEGV: si_errno=0, si_code=2 (SEGV_ACCERR), si_addr=0xb3636ee0

Registers:
EAX=0x0000000f, EBX=0xb6ae4ba8, ECX=0x00000000, EDX=0x00000000
ESP=0xbfb29d5c, EBP=0xb6ae4b40, ESI=0x00000000, EDI=0xb774c000
EIP=0xb3636ee0, EFLAGS=0x00210202, CR2=0xb3636ee0

Top of Stack: (sp=0xbfb29d5c)
0xbfb29d5c:   b7761400 0000000f 00000033 00000000
0xbfb29d6c:   0000007b 0000007b b774c000 00000000
0xbfb29d7c:   b6ae4b40 bfb2a2b0 b6ae4ba8 000010e0
0xbfb29d8c:   00000000 000000f0 0000000e 00000004
0xbfb29d9c:   b7761422 00000073 00200202 bfb2a2b0
0xbfb29dac:   0000007b bfb2a040 00000004 b651e100
0xbfb29dbc:   00000000 00000000 0804f168 00000000
0xbfb29dcc:   00000000 b774f608 b75646c0 000002a6 

Instructions: (pc=0xb3636ee0)
0xb3636ec0:   00 00 00 00 00 00 00 00 00 00 00 00 00 00 00 00
0xb3636ed0:   00 00 00 00 00 00 00 00 00 00 00 00 00 00 00 00
0xb3636ee0:   00 00 00 00 00 00 00 00 00 00 00 00 00 00 00 00
0xb3636ef0:   00 00 00 00 00 00 00 00 00 00 00 00 00 00 00 00 

Register to memory mapping:

EAX=0x0000000f is an unknown value
EBX=0xb6ae4ba8 is pointing into the stack for thread: 0xb6905800
ECX=0x00000000 is an unknown value
EDX=0x00000000 is an unknown value
ESP=0xbfb29d5c is an unknown value
EBP=0xb6ae4b40 is pointing into the stack for thread: 0xb6905800
ESI=0x00000000 is an unknown value
EDI=0xb774c000: <offset 0x18000> in /lib/i386-linux-gnu/libpthread.so.0 at 0xb7734000


Stack: [0xbfade000,0xbfb2e000],  sp=0xbfb29d5c,  free space=303k
Native frames: (J=compiled Java code, j=interpreted, Vv=VM code, C=native code)
C  [swrast_dri.so+0x6a0ee0]  _fini+0x3a6cfc


---------------  P R O C E S S  ---------------

VM state:not at safepoint (normal execution)

VM Mutex/Monitor currently owned by a thread: None

Heap
 def new generation   total 4800K, used 1153K [0x6f410000, 0x6f940000, 0x79b60000)
  eden space 4288K,  14% used [0x6f410000, 0x6f4b06b0, 0x6f840000)
  from space 512K, 100% used [0x6f840000, 0x6f8c0000, 0x6f8c0000)
  to   space 512K,   0% used [0x6f8c0000, 0x6f8c0000, 0x6f940000)
 tenured generation   total 10752K, used 796K [0x79b60000, 0x7a5e0000, 0x8ea10000)
   the space 10752K,   7% used [0x79b60000, 0x79c271a8, 0x79c27200, 0x7a5e0000)
 compacting perm gen  total 12288K, used 2354K [0x8ea10000, 0x8f610000, 0x92a10000)
   the space 12288K,  19% used [0x8ea10000, 0x8ec5c9a8, 0x8ec5ca00, 0x8f610000)
    ro space 10240K,  73% used [0x92a10000, 0x93175f00, 0x93176000, 0x93410000)
    rw space 12288K,  60% used [0x93410000, 0x93b5dbf8, 0x93b5dc00, 0x94010000)

Code Cache  [0xb4900000, 0xb49e0000, 0xb6900000)
 total_blobs=491 nmethods=223 adapters=204 free_code_cache=32668416 largest_free_block=64

Dynamic libraries:
08048000-08051000 r-xp 00000000 08:01 311923     /usr/lib/jvm/java-6-openjdk-i386/jre/bin/java
08051000-08052000 r--p 00008000 08:01 311923     /usr/lib/jvm/java-6-openjdk-i386/jre/bin/java
08052000-08053000 rw-p 00009000 08:01 311923     /usr/lib/jvm/java-6-openjdk-i386/jre/bin/java
08e74000-08f4e000 rw-p 00000000 00:00 0          [heap]
6f410000-6f940000 rw-p 00000000 00:00 0 
6f940000-79b60000 rw-p 00000000 00:00 0 
79b60000-7a5e0000 rw-p 00000000 00:00 0 
7a5e0000-8ea10000 rw-p 00000000 00:00 0 
8ea10000-8f610000 rw-p 00000000 00:00 0 
8f610000-92a10000 rw-p 00000000 00:00 0 
92a10000-93176000 r--s 00001000 08:01 312105     /usr/lib/jvm/java-6-openjdk-i386/jre/lib/i386/client/classes.jsa
93176000-93410000 rw-p 00000000 00:00 0 
93410000-93b5e000 rw-p 00767000 08:01 312105     /usr/lib/jvm/java-6-openjdk-i386/jre/lib/i386/client/classes.jsa
93b5e000-94010000 rw-p 00000000 00:00 0 
94010000-9410d000 rw-p 00eb5000 08:01 312105     /usr/lib/jvm/java-6-openjdk-i386/jre/lib/i386/client/classes.jsa
9410d000-94410000 rw-p 00000000 00:00 0 
94410000-94418000 r-xs 00fb2000 08:01 312105     /usr/lib/jvm/java-6-openjdk-i386/jre/lib/i386/client/classes.jsa
94418000-94810000 rw-p 00000000 00:00 0 
b0300000-b0d00000 rwxp 00000000 00:00 0 
b0d00000-b0de4000 rw-p 00000000 00:00 0 
b0de4000-b0e00000 ---p 00000000 00:00 0 
b0e77000-b0ef7000 rwxp 00000000 00:00 0 
b0ef7000-b1100000 rw-p 00000000 00:00 0 
b1100000-b11f5000 rw-p 00000000 00:00 0 
b11f5000-b1200000 ---p 00000000 00:00 0 
b1200000-b12f3000 rw-p 00000000 00:00 0 
b12f3000-b1300000 ---p 00000000 00:00 0 
b1300000-b1500000 rw-p 00000000 00:00 0 
b1500000-b1600000 rw-p 00000000 00:00 0 
b1677000-b16f7000 rwxp 00000000 00:00 0 
b16f7000-b1900000 rw-p 00000000 00:00 0 
b1900000-b19f9000 rw-p 00000000 00:00 0 
b19f9000-b1a00000 ---p 00000000 00:00 0 
b1a63000-b1ae3000 rwxp 00000000 00:00 0 
b1ae3000-b1b3a000 rw-p 00000000 00:00 0 
b1b5c000-b1bfe000 rw-p 00000000 00:00 0 
b1bfe000-b1c2e000 r-xp 00000000 08:01 396598     /usr/lib/i386-linux-gnu/libtxc_dxtn_s2tc.so.0.0.0
b1c2e000-b1c2f000 r--p 0002f000 08:01 396598     /usr/lib/i386-linux-gnu/libtxc_dxtn_s2tc.so.0.0.0
b1c2f000-b1c30000 rw-p 00030000 08:01 396598     /usr/lib/i386-linux-gnu/libtxc_dxtn_s2tc.so.0.0.0
b1c30000-b1c35000 r-xp 00000000 08:01 396171     /usr/lib/i386-linux-gnu/libffi.so.6.0.0
b1c35000-b1c36000 r--p 00005000 08:01 396171     /usr/lib/i386-linux-gnu/libffi.so.6.0.0
b1c36000-b1c37000 rw-p 00006000 08:01 396171     /usr/lib/i386-linux-gnu/libffi.so.6.0.0
b1c37000-b2ed1000 r-xp 00000000 08:01 395975     /usr/lib/i386-linux-gnu/libLLVM-3.1.so.1
b2ed1000-b2f63000 r--p 01299000 08:01 395975     /usr/lib/i386-linux-gnu/libLLVM-3.1.so.1
b2f63000-b2f66000 rw-p 0132b000 08:01 395975     /usr/lib/i386-linux-gnu/libLLVM-3.1.so.1
b2f66000-b2f6e000 rw-p 00000000 00:00 0 
b2f6e000-b2f93000 r-xp 00000000 08:01 263051     /lib/i386-linux-gnu/libexpat.so.1.6.0
b2f93000-b2f95000 r--p 00025000 08:01 263051     /lib/i386-linux-gnu/libexpat.so.1.6.0
b2f95000-b2f96000 rw-p 00027000 08:01 263051     /lib/i386-linux-gnu/libexpat.so.1.6.0
b2f96000-b33fa000 r-xp 00000000 08:01 396770     /usr/lib/i386-linux-gnu/dri/swrast_dri.so
b33fa000-b340b000 r--p 00464000 08:01 396770     /usr/lib/i386-linux-gnu/dri/swrast_dri.so
b340b000-b340f000 rw-p 00475000 08:01 396770     /usr/lib/i386-linux-gnu/dri/swrast_dri.so
b340f000-b36ef000 rw-p 00000000 00:00 0 
b36ef000-b36fa000 r-xp 00000000 08:01 396141     /usr/lib/i386-linux-gnu/libdrm.so.2.4.0
b36fa000-b36fb000 r--p 0000a000 08:01 396141     /usr/lib/i386-linux-gnu/libdrm.so.2.4.0
b36fb000-b36fc000 rw-p 0000b000 08:01 396141     /usr/lib/i386-linux-gnu/libdrm.so.2.4.0
b36fc000-b3712000 r-xp 00000000 08:01 396640     /usr/lib/i386-linux-gnu/libxcb-glx.so.0.0.0
b3712000-b3713000 r--p 00016000 08:01 396640     /usr/lib/i386-linux-gnu/libxcb-glx.so.0.0.0
b3713000-b3714000 rw-p 00017000 08:01 396640     /usr/lib/i386-linux-gnu/libxcb-glx.so.0.0.0
b3714000-b3723000 r-xp 00000000 08:01 396230     /usr/lib/i386-linux-gnu/libglapi.so.0.0.0
b3723000-b3725000 r--p 0000f000 08:01 396230     /usr/lib/i386-linux-gnu/libglapi.so.0.0.0
b3725000-b372a000 rwxp 00011000 08:01 396230     /usr/lib/i386-linux-gnu/libglapi.so.0.0.0
b372a000-b3781000 r-xp 00000000 08:01 397601     /usr/lib/i386-linux-gnu/mesa/libGL.so.1.2.0
b3781000-b3783000 r--p 00056000 08:01 397601     /usr/lib/i386-linux-gnu/mesa/libGL.so.1.2.0
b3783000-b3788000 rwxp 00058000 08:01 397601     /usr/lib/i386-linux-gnu/mesa/libGL.so.1.2.0
b3797000-b379a000 ---p 00000000 00:00 0 
b379a000-b37e8000 rw-p 00000000 00:00 0 
b37e8000-b3842000 r-xp 00000000 08:01 158246     /home/atra/Engine/native/linux/liblwjgl.so
b3842000-b3843000 r--p 0005a000 08:01 158246     /home/atra/Engine/native/linux/liblwjgl.so
b3843000-b3844000 rw-p 0005b000 08:01 158246     /home/atra/Engine/native/linux/liblwjgl.so
b3844000-b3845000 r-xp 00000000 08:01 311898     /usr/lib/jvm/java-6-openjdk-i386/jre/lib/i386/libjawt.so
b3845000-b3846000 r--p 00000000 08:01 311898     /usr/lib/jvm/java-6-openjdk-i386/jre/lib/i386/libjawt.so
b3846000-b3847000 rw-p 00001000 08:01 311898     /usr/lib/jvm/java-6-openjdk-i386/jre/lib/i386/libjawt.so
b3847000-b384a000 ---p 00000000 00:00 0 
b384a000-b3898000 rw-p 00000000 00:00 0          [stack:4330]
b3898000-b389e000 r--s 00000000 08:01 145574     /var/cache/fontconfig/945677eb7aeaf62f1d50efc3fb3ec7d8-le32d4.cache-3
b389e000-b38a0000 r--s 00000000 08:01 145576     /var/cache/fontconfig/99e8ed0e538f840c565b6ed5dad60d56-le32d4.cache-3
b38a0000-b38a3000 r--s 00000000 08:01 145558     /var/cache/fontconfig/2cd17615ca594fa2959ae173292e504c-le32d4.cache-3
b38a3000-b38a4000 r--s 00000000 08:01 145590     /var/cache/fontconfig/e7071f4a29fa870f4323321c154eba04-le32d4.cache-3
b38a4000-b38a5000 r--s 00000000 08:01 145555     /var/cache/fontconfig/0d8c3b2ac0904cb8a57a757ad11a4a08-le32d4.cache-3
b38a5000-b38a9000 r--s 00000000 08:01 145578     /var/cache/fontconfig/a755afe4a08bf5b97852ceb7400b47bc-le32d4.cache-3
b38a9000-b38b0000 r--s 00000000 08:01 135502     /var/cache/fontconfig/6d41288fd70b0be22e8c3a91e032eec0-le32d4.cache-3
b38b0000-b38bb000 r--s 00000000 08:01 145553     /var/cache/fontconfig/04aabc0a78ac019cf9454389977116d2-le32d4.cache-3
b38bb000-b38bc000 r--s 00000000 08:01 145557     /var/cache/fontconfig/1ac9eb803944fde146138c791f5cc56a-le32d4.cache-3
b38bc000-b38bf000 r--s 00000000 08:01 145562     /var/cache/fontconfig/385c0604a188198f04d133e54aba7fe7-le32d4.cache-3
b38bf000-b38c0000 r--s 00000000 08:01 145588     /var/cache/fontconfig/dc05db6664285cc2f12bf69c139ae4c3-le32d4.cache-3
b38c0000-b38c2000 r--s 00000000 08:01 145571     /var/cache/fontconfig/767a8244fc0220cfb567a839d0392e0b-le32d4.cache-3
b38c2000-b38c3000 r--s 00000000 08:01 145564     /var/cache/fontconfig/4794a0821666d79190d59a36cb4f44b5-le32d4.cache-3
b38c3000-b38c6000 r--s 00000000 08:01 145573     /var/cache/fontconfig/8801497958630a81b71ace7c5f9b32a8-le32d4.cache-3
b38c6000-b38c8000 r--s 00000000 08:01 145582     /var/cache/fontconfig/c57959a16110560c8d0fcea73374aeeb-le32d4.cache-3
b38c8000-b38cc000 r--s 00000000 08:01 145559     /var/cache/fontconfig/3047814df9a2f067bd2d96a2b9c36e5a-le32d4.cache-3
b38cc000-b38cd000 r--s 00000000 08:01 145566     /var/cache/fontconfig/56cf4f4769d0f4abc89a4895d7bd3ae1-le32d4.cache-3
b38cd000-b38ce000 r--s 00000000 08:01 145581     /var/cache/fontconfig/b9d506c9ac06c20b433354fa67a72993-le32d4.cache-3
b38ce000-b38d2000 r--s 00000000 08:01 145580     /var/cache/fontconfig/b47c4e1ecd0709278f4910c18777a504-le32d4.cache-3
b38d2000-b38df000 r--s 00000000 08:01 145586     /var/cache/fontconfig/d52a8644073d54c13679302ca1180695-le32d4.cache-3
b38df000-b38e5000 r--s 00000000 08:01 145563     /var/cache/fontconfig/3f7329c5293ffd510edef78f73874cfd-le32d4.cache-3
b38e5000-b38e6000 r--s 00000000 08:01 145554     /var/cache/fontconfig/0c9eb80ebd1c36541ebe2852d3bb0c49-le32d4.cache-3
b38e6000-b38ec000 r--s 00000000 08:01 145574     /var/cache/fontconfig/945677eb7aeaf62f1d50efc3fb3ec7d8-le32d4.cache-3
b38ec000-b38ee000 r--s 00000000 08:01 145576     /var/cache/fontconfig/99e8ed0e538f840c565b6ed5dad60d56-le32d4.cache-3
b38ee000-b38f1000 r--s 00000000 08:01 145558     /var/cache/fontconfig/2cd17615ca594fa2959ae173292e504c-le32d4.cache-3
b38f1000-b38f2000 r--s 00000000 08:01 145590     /var/cache/fontconfig/e7071f4a29fa870f4323321c154eba04-le32d4.cache-3
b38f2000-b38f3000 r--s 00000000 08:01 145555     /var/cache/fontconfig/0d8c3b2ac0904cb8a57a757ad11a4a08-le32d4.cache-3
b38f3000-b38f7000 r--s 00000000 08:01 145578     /var/cache/fontconfig/a755afe4a08bf5b97852ceb7400b47bc-le32d4.cache-3
b38f7000-b38fe000 r--s 00000000 08:01 135502     /var/cache/fontconfig/6d41288fd70b0be22e8c3a91e032eec0-le32d4.cache-3
b38fe000-b3909000 r--s 00000000 08:01 145553     /var/cache/fontconfig/04aabc0a78ac019cf9454389977116d2-le32d4.cache-3
b390f000-b3913000 r-xp 00000000 08:01 396030     /usr/lib/i386-linux-gnu/libXxf86vm.so.1.0.0
b3913000-b3914000 r--p 00003000 08:01 396030     /usr/lib/i386-linux-gnu/libXxf86vm.so.1.0.0
b3914000-b3915000 rw-p 00004000 08:01 396030     /usr/lib/i386-linux-gnu/libXxf86vm.so.1.0.0
b3915000-b391e000 r-xp 00000000 08:01 396016     /usr/lib/i386-linux-gnu/libXrandr.so.2.2.0
b391e000-b391f000 r--p 00008000 08:01 396016     /usr/lib/i386-linux-gnu/libXrandr.so.2.2.0
b391f000-b3920000 rw-p 00009000 08:01 396016     /usr/lib/i386-linux-gnu/libXrandr.so.2.2.0
b3920000-b3925000 r-xp 00000000 08:01 396000     /usr/lib/i386-linux-gnu/libXfixes.so.3.1.0
b3925000-b3926000 r--p 00004000 08:01 396000     /usr/lib/i386-linux-gnu/libXfixes.so.3.1.0
b3926000-b3927000 rw-p 00005000 08:01 396000     /usr/lib/i386-linux-gnu/libXfixes.so.3.1.0
b3927000-b3930000 r-xp 00000000 08:01 395992     /usr/lib/i386-linux-gnu/libXcursor.so.1.0.2
b3930000-b3931000 r--p 00008000 08:01 395992     /usr/lib/i386-linux-gnu/libXcursor.so.1.0.2
b3931000-b3932000 rw-p 00009000 08:01 395992     /usr/lib/i386-linux-gnu/libXcursor.so.1.0.2
b3932000-b3933000 rwxp 00000000 00:00 0 
b3933000-b393a000 r--s 00000000 08:01 397249     /usr/lib/i386-linux-gnu/gconv/gconv-modules.cache
b393a000-b393b000 r-xp 00000000 08:01 395979     /usr/lib/i386-linux-gnu/libX11-xcb.so.1.0.0
b393b000-b393c000 r--p 00000000 08:01 395979     /usr/lib/i386-linux-gnu/libX11-xcb.so.1.0.0
b393c000-b393d000 rw-p 00001000 08:01 395979     /usr/lib/i386-linux-gnu/libX11-xcb.so.1.0.0
b393d000-b393f000 r-xp 00000000 08:01 395994     /usr/lib/i386-linux-gnu/libXdamage.so.1.1.0
b393f000-b3940000 r--p 00001000 08:01 395994     /usr/lib/i386-linux-gnu/libXdamage.so.1.1.0
b3940000-b3941000 rw-p 00002000 08:01 395994     /usr/lib/i386-linux-gnu/libXdamage.so.1.1.0
b3941000-b3942000 r--s 00000000 08:01 145557     /var/cache/fontconfig/1ac9eb803944fde146138c791f5cc56a-le32d4.cache-3
b3942000-b3945000 r--s 00000000 08:01 145562     /var/cache/fontconfig/385c0604a188198f04d133e54aba7fe7-le32d4.cache-3
b3945000-b3946000 r--s 00000000 08:01 145588     /var/cache/fontconfig/dc05db6664285cc2f12bf69c139ae4c3-le32d4.cache-3
b3946000-b3948000 r--s 00000000 08:01 145571     /var/cache/fontconfig/767a8244fc0220cfb567a839d0392e0b-le32d4.cache-3
b3948000-b3949000 r--s 00000000 08:01 145564     /var/cache/fontconfig/4794a0821666d79190d59a36cb4f44b5-le32d4.cache-3
b3949000-b394c000 r--s 00000000 08:01 145573     /var/cache/fontconfig/8801497958630a81b71ace7c5f9b32a8-le32d4.cache-3
b394c000-b3950000 r--s 00000000 08:01 145580     /var/cache/fontconfig/b47c4e1ecd0709278f4910c18777a504-le32d4.cache-3
b3950000-b3952000 r--s 00000000 08:01 135499     /var/cache/fontconfig/e13b20fdb08344e0e664864cc2ede53d-le32d4.cache-3
b3952000-b3955000 r--s 00000000 08:01 135501     /var/cache/fontconfig/7ef2298fde41cc6eeb7af42e48b7d293-le32d4.cache-3
b3955000-b3958000 ---p 00000000 00:00 0 
b3958000-b39a6000 rw-p 00000000 00:00 0          [stack:4329]
b39a6000-b3a3b000 r-xp 00000000 08:01 396188     /usr/lib/i386-linux-gnu/libfreetype.so.6.9.0
b3a3b000-b3a3f000 r--p 00094000 08:01 396188     /usr/lib/i386-linux-gnu/libfreetype.so.6.9.0
b3a3f000-b3a40000 rw-p 00098000 08:01 396188     /usr/lib/i386-linux-gnu/libfreetype.so.6.9.0
b3a40000-b3a42000 r--s 00000000 08:01 145582     /var/cache/fontconfig/c57959a16110560c8d0fcea73374aeeb-le32d4.cache-3
b3a42000-b3a4f000 r--s 00000000 08:01 145586     /var/cache/fontconfig/d52a8644073d54c13679302ca1180695-le32d4.cache-3
b3a4f000-b3a96000 r-xp 00000000 08:01 311888     /usr/lib/jvm/java-6-openjdk-i386/jre/lib/i386/libfontmanager.so
b3a96000-b3a97000 r--p 00047000 08:01 311888     /usr/lib/jvm/java-6-openjdk-i386/jre/lib/i386/libfontmanager.so
b3a97000-b3a98000 rw-p 00048000 08:01 311888     /usr/lib/jvm/java-6-openjdk-i386/jre/lib/i386/libfontmanager.so
b3a98000-b3a9d000 r-xp 00000000 08:01 395996     /usr/lib/i386-linux-gnu/libXdmcp.so.6.0.0
b3a9d000-b3a9e000 r--p 00004000 08:01 395996     /usr/lib/i386-linux-gnu/libXdmcp.so.6.0.0
b3a9e000-b3a9f000 rw-p 00005000 08:01 395996     /usr/lib/i386-linux-gnu/libXdmcp.so.6.0.0
b3a9f000-b3abf000 r-xp 00000000 08:01 393520     /usr/lib/i386-linux-gnu/libxcb.so.1.1.0
b3abf000-b3ac0000 r--p 0001f000 08:01 393520     /usr/lib/i386-linux-gnu/libxcb.so.1.1.0
b3ac0000-b3ac1000 rw-p 00020000 08:01 393520     /usr/lib/i386-linux-gnu/libxcb.so.1.1.0
b3ac1000-b3acf000 r-xp 00000000 08:01 396004     /usr/lib/i386-linux-gnu/libXi.so.6.1.0
b3acf000-b3ad0000 r--p 0000d000 08:01 396004     /usr/lib/i386-linux-gnu/libXi.so.6.1.0
b3ad0000-b3ad1000 rw-p 0000e000 08:01 396004     /usr/lib/i386-linux-gnu/libXi.so.6.1.0
b3ad1000-b3ad6000 r-xp 00000000 08:01 396024     /usr/lib/i386-linux-gnu/libXtst.so.6.1.0
b3ad6000-b3ad7000 r--p 00004000 08:01 396024     /usr/lib/i386-linux-gnu/libXtst.so.6.1.0
b3ad7000-b3ad8000 rw-p 00005000 08:01 396024     /usr/lib/i386-linux-gnu/libXtst.so.6.1.0
b3ad8000-b3ae0000 r-xp 00000000 08:01 396018     /usr/lib/i386-linux-gnu/libXrender.so.1.3.0
b3ae0000-b3ae1000 r--p 00007000 08:01 396018     /usr/lib/i386-linux-gnu/libXrender.so.1.3.0
b3ae1000-b3ae2000 rw-p 00008000 08:01 396018     /usr/lib/i386-linux-gnu/libXrender.so.1.3.0
b3ae2000-b3c15000 r-xp 00000000 08:01 393522     /usr/lib/i386-linux-gnu/libX11.so.6.3.0
b3c15000-b3c16000 r--p 00132000 08:01 393522     /usr/lib/i386-linux-gnu/libX11.so.6.3.0
b3c16000-b3c19000 rw-p 00133000 08:01 393522     /usr/lib/i386-linux-gnu/libX11.so.6.3.0
b3c19000-b3c29000 r-xp 00000000 08:01 395998     /usr/lib/i386-linux-gnu/libXext.so.6.4.0
b3c29000-b3c2a000 r--p 0000f000 08:01 395998     /usr/lib/i386-linux-gnu/libXext.so.6.4.0
b3c2a000-b3c2b000 rw-p 00010000 08:01 395998     /usr/lib/i386-linux-gnu/libXext.so.6.4.0
b3c2b000-b3c2f000 r--s 00000000 08:01 145559     /var/cache/fontconfig/3047814df9a2f067bd2d96a2b9c36e5a-le32d4.cache-3
b3c2f000-b3c30000 r--s 00000000 08:01 145566     /var/cache/fontconfig/56cf4f4769d0f4abc89a4895d7bd3ae1-le32d4.cache-3
b3c30000-b3c31000 r--s 00000000 08:01 145581     /var/cache/fontconfig/b9d506c9ac06c20b433354fa67a72993-le32d4.cache-3
b3c31000-b3c37000 r--s 00000000 08:01 145563     /var/cache/fontconfig/3f7329c5293ffd510edef78f73874cfd-le32d4.cache-3
b3c37000-b3c3a000 r--s 00000000 08:01 135501     /var/cache/fontconfig/7ef2298fde41cc6eeb7af42e48b7d293-le32d4.cache-3
b3c3a000-b3cd4000 r-xp 00000000 08:01 311912     /usr/lib/jvm/java-6-openjdk-i386/jre/lib/i386/libawt.so
b3cd4000-b3cd5000 r--p 00099000 08:01 311912     /usr/lib/jvm/java-6-openjdk-i386/jre/lib/i386/libawt.so
b3cd5000-b3cdc000 rw-p 0009a000 08:01 311912     /usr/lib/jvm/java-6-openjdk-i386/jre/lib/i386/libawt.so
b3cdc000-b3d00000 rw-p 00000000 00:00 0 
b3d00000-b3df1000 rw-p 00000000 00:00 0 
b3df1000-b3e00000 ---p 00000000 00:00 0 
b3e00000-b3e01000 r--s 00000000 08:01 145554     /var/cache/fontconfig/0c9eb80ebd1c36541ebe2852d3bb0c49-le32d4.cache-3
b3e01000-b3e03000 r-xp 00000000 08:01 395985     /usr/lib/i386-linux-gnu/libXau.so.6.0.0
b3e03000-b3e04000 r--p 00001000 08:01 395985     /usr/lib/i386-linux-gnu/libXau.so.6.0.0
b3e04000-b3e05000 rw-p 00002000 08:01 395985     /usr/lib/i386-linux-gnu/libXau.so.6.0.0
b3e05000-b3e51000 r-xp 00000000 08:01 312054     /usr/lib/jvm/java-6-openjdk-i386/jre/lib/i386/xawt/libmawt.so
b3e51000-b3e52000 r--p 0004b000 08:01 312054     /usr/lib/jvm/java-6-openjdk-i386/jre/lib/i386/xawt/libmawt.so
b3e52000-b3e54000 rw-p 0004c000 08:01 312054     /usr/lib/jvm/java-6-openjdk-i386/jre/lib/i386/xawt/libmawt.so
b3e54000-b3e55000 rw-p 00000000 00:00 0 
b3e55000-b3e58000 ---p 00000000 00:00 0 
b3e58000-b3ea6000 rw-p 00000000 00:00 0          [stack:4328]
b3ea6000-b3ea8000 r--s 00005000 08:01 158434     /home/atra/Engine/lib/slf4j-api-1.7.5.jar
b3ea8000-b3eac000 r--s 00034000 08:01 158425     /home/atra/Engine/lib/jbox2d-library-2.1.2.jar
b3eac000-b3eae000 r--s 00045000 08:01 158435     /home/atra/Engine/lib/vecmath-1.3.1.jar
b3eae000-b3eaf000 r--s 00001000 08:01 158428     /home/atra/Engine/lib/jutils-1.0.0.jar
b3eaf000-b3eb3000 r--s 0002f000 08:01 158426     /home/atra/Engine/lib/jinput-2.0.5.jar
b3eb3000-b3eba000 r--s 000fc000 08:01 311164     /usr/lib/jvm/java-6-openjdk-common/jre/lib/resources.jar
b3eba000-b3ebb000 ---p 00000000 00:00 0 
b3ebb000-b3f3b000 rw-p 00000000 00:00 0          [stack:4327]
b3f3b000-b3f3e000 ---p 00000000 00:00 0 
b3f3e000-b3f8c000 rw-p 00000000 00:00 0          [stack:4326]
b3f8c000-b3f8f000 ---p 00000000 00:00 0 
b3f8f000-b400d000 rw-p 00000000 00:00 0          [stack:4325]
b400d000-b4010000 ---p 00000000 00:00 0 
b4010000-b405e000 rw-p 00000000 00:00 0          [stack:4324]
b405e000-b425e000 r--p 00000000 08:01 398204     /usr/lib/locale/locale-archive
b425e000-b4261000 ---p 00000000 00:00 0 
b4261000-b42af000 rw-p 00000000 00:00 0          [stack:4323]
b42af000-b42b2000 ---p 00000000 00:00 0 
b42b2000-b4300000 rw-p 00000000 00:00 0          [stack:4322]
b4300000-b4321000 rw-p 00000000 00:00 0 
b4321000-b4400000 ---p 00000000 00:00 0 
b4400000-b4402000 r--s 00000000 08:01 135499     /var/cache/fontconfig/e13b20fdb08344e0e664864cc2ede53d-le32d4.cache-3
b4402000-b4403000 r--s 00000000 08:01 158424     /home/atra/Engine/lib/javax.inject-1.jar
b4403000-b4408000 r--s 00041000 08:01 158017     /home/atra/Engine/lib/commons-lang-2.6.jar
b4408000-b440b000 r--s 00015000 08:01 158429     /home/atra/Engine/lib/kouinject-1.2.jar
b440b000-b440c000 r--s 00001000 08:01 158433     /home/atra/Engine/lib/lzma.jar
b440c000-b4419000 r--s 000e6000 08:01 158431     /home/atra/Engine/lib/lwjgl.jar
b4419000-b4427000 r--s 000e9000 08:01 158430     /home/atra/Engine/lib/lwjgl-debug.jar
b4427000-b442b000 r--s 00027000 08:01 158432     /home/atra/Engine/lib/lwjgl_util.jar
b442b000-b4430000 r--s 00030000 08:01 158427     /home/atra/Engine/lib/jinput.jar
b4430000-b4433000 r--s 0000e000 08:01 307649     /usr/share/java/hamcrest-core-1.2.jar
b4433000-b4436000 r--s 0000e000 08:01 307649     /usr/share/java/hamcrest-core-1.2.jar
b4436000-b443d000 r--s 00033000 08:01 307674     /usr/share/java/junit4-4.10.jar
b443d000-b443f000 r--s 00001000 08:01 310688     /usr/lib/jvm/java-6-openjdk-common/jre/lib/ext/dnsns.jar
b443f000-b4442000 r--s 00077000 08:01 310692     /usr/lib/jvm/java-6-openjdk-common/jre/lib/ext/localedata.jar
b4442000-b4444000 r--s 0000f000 08:01 310690     /usr/lib/jvm/java-6-openjdk-common/jre/lib/ext/pulse-java.jar
b4444000-b4448000 r--s 00039000 08:01 310691     /usr/lib/jvm/java-6-openjdk-common/jre/lib/ext/sunpkcs11.jar
b4448000-b4449000 ---p 00000000 00:00 0 
b4449000-b44fc000 rw-p 00000000 00:00 0          [stack:4321]
b44fc000-b4690000 r--s 03807000 08:01 311870     /usr/lib/jvm/java-6-openjdk-i386/jre/lib/rt.jar
b4690000-b4697000 rw-p 00000000 00:00 0 
b4697000-b46b1000 rw-p 00000000 00:00 0 
b46b1000-b46b7000 rw-p 00000000 00:00 0 
b46b7000-b4759000 rw-p 00000000 00:00 0 
b4759000-b475c000 rw-p 00000000 00:00 0 
b475c000-b47ac000 rw-p 00000000 00:00 0 
b47ac000-b47b2000 rw-p 00000000 00:00 0 
b47b2000-b4854000 rw-p 00000000 00:00 0 
b4854000-b485a000 rw-p 00000000 00:00 0 
b485a000-b4874000 rw-p 00000000 00:00 0 
b4874000-b4884000 rw-p 00000000 00:00 0 
b4884000-b4900000 rw-p 00000000 00:00 0 
b4900000-b49e0000 rwxp 00000000 00:00 0 
b49e0000-b6a00000 rw-p 00000000 00:00 0 
b6a00000-b6a02000 r--s 00006000 08:01 305221     /usr/share/java/java-atk-wrapper.jar
b6a02000-b6a05000 r--s 00031000 08:01 310689     /usr/lib/jvm/java-6-openjdk-common/jre/lib/ext/sunjce_provider.jar
b6a05000-b6a0c000 rw-p 00000000 00:00 0 
b6a0c000-b6a13000 r-xp 00000000 08:01 311906     /usr/lib/jvm/java-6-openjdk-i386/jre/lib/i386/libzip.so
b6a13000-b6a14000 r--p 00006000 08:01 311906     /usr/lib/jvm/java-6-openjdk-i386/jre/lib/i386/libzip.so
b6a14000-b6a15000 rw-p 00007000 08:01 311906     /usr/lib/jvm/java-6-openjdk-i386/jre/lib/i386/libzip.so
b6a15000-b6a20000 r-xp 00000000 08:01 263095     /lib/i386-linux-gnu/libnss_files-2.15.so
b6a20000-b6a21000 r--p 0000a000 08:01 263095     /lib/i386-linux-gnu/libnss_files-2.15.so
b6a21000-b6a22000 rw-p 0000b000 08:01 263095     /lib/i386-linux-gnu/libnss_files-2.15.so
b6a22000-b6a2c000 r-xp 00000000 08:01 263099     /lib/i386-linux-gnu/libnss_nis-2.15.so
b6a2c000-b6a2d000 r--p 00009000 08:01 263099     /lib/i386-linux-gnu/libnss_nis-2.15.so
b6a2d000-b6a2e000 rw-p 0000a000 08:01 263099     /lib/i386-linux-gnu/libnss_nis-2.15.so
b6a2e000-b6a44000 r-xp 00000000 08:01 263089     /lib/i386-linux-gnu/libnsl-2.15.so
b6a44000-b6a45000 r--p 00015000 08:01 263089     /lib/i386-linux-gnu/libnsl-2.15.so
b6a45000-b6a46000 rw-p 00016000 08:01 263089     /lib/i386-linux-gnu/libnsl-2.15.so
b6a46000-b6a48000 rw-p 00000000 00:00 0 
b6a48000-b6a4f000 r-xp 00000000 08:01 263091     /lib/i386-linux-gnu/libnss_compat-2.15.so
b6a4f000-b6a50000 r--p 00006000 08:01 263091     /lib/i386-linux-gnu/libnss_compat-2.15.so
b6a50000-b6a51000 rw-p 00007000 08:01 263091     /lib/i386-linux-gnu/libnss_compat-2.15.so
b6a51000-b6a52000 r--p 006e7000 08:01 398204     /usr/lib/locale/locale-archive
b6a52000-b6a58000 rw-p 00000000 00:00 0 
b6a58000-b6a60000 rw-s 00000000 08:01 242        /tmp/hsperfdata_atra/4315
b6a60000-b6a61000 rw-p 00000000 00:00 0 
b6a61000-b6a62000 r--p 00000000 00:00 0 
b6a62000-b6a88000 r-xp 00000000 08:01 311883     /usr/lib/jvm/java-6-openjdk-i386/jre/lib/i386/libjava.so
b6a88000-b6a89000 r--p 00026000 08:01 311883     /usr/lib/jvm/java-6-openjdk-i386/jre/lib/i386/libjava.so
b6a89000-b6a8b000 rw-p 00027000 08:01 311883     /usr/lib/jvm/java-6-openjdk-i386/jre/lib/i386/libjava.so
b6a8b000-b6a92000 r-xp 00000000 08:01 263134     /lib/i386-linux-gnu/librt-2.15.so
b6a92000-b6a93000 r--p 00006000 08:01 263134     /lib/i386-linux-gnu/librt-2.15.so
b6a93000-b6a94000 rw-p 00007000 08:01 263134     /lib/i386-linux-gnu/librt-2.15.so
b6a94000-b6a97000 ---p 00000000 00:00 0 
b6a97000-b6ae5000 rw-p 00000000 00:00 0          [stack:4320]
b6ae5000-b6b01000 r-xp 00000000 08:01 263056     /lib/i386-linux-gnu/libgcc_s.so.1
b6b01000-b6b02000 r--p 0001b000 08:01 263056     /lib/i386-linux-gnu/libgcc_s.so.1
b6b02000-b6b03000 rw-p 0001c000 08:01 263056     /lib/i386-linux-gnu/libgcc_s.so.1
b6b03000-b6b2d000 r-xp 00000000 08:01 263072     /lib/i386-linux-gnu/libm-2.15.so
b6b2d000-b6b2e000 r--p 00029000 08:01 263072     /lib/i386-linux-gnu/libm-2.15.so
b6b2e000-b6b2f000 rw-p 0002a000 08:01 263072     /lib/i386-linux-gnu/libm-2.15.so
b6b2f000-b6c0b000 r-xp 00000000 08:01 396566     /usr/lib/i386-linux-gnu/libstdc++.so.6.0.17
b6c0b000-b6c0c000 ---p 000dc000 08:01 396566     /usr/lib/i386-linux-gnu/libstdc++.so.6.0.17
b6c0c000-b6c10000 r--p 000dc000 08:01 396566     /usr/lib/i386-linux-gnu/libstdc++.so.6.0.17
b6c10000-b6c11000 rw-p 000e0000 08:01 396566     /usr/lib/i386-linux-gnu/libstdc++.so.6.0.17
b6c11000-b6c18000 rw-p 00000000 00:00 0 
b6c18000-b7128000 r-xp 00000000 08:01 311902     /usr/lib/jvm/java-6-openjdk-i386/jre/lib/i386/client/libjvm.so
b7128000-b713f000 r--p 00510000 08:01 311902     /usr/lib/jvm/java-6-openjdk-i386/jre/lib/i386/client/libjvm.so
b713f000-b714c000 rw-p 00527000 08:01 311902     /usr/lib/jvm/java-6-openjdk-i386/jre/lib/i386/client/libjvm.so
b714c000-b7566000 rw-p 00000000 00:00 0 
b7566000-b757d000 r-xp 00000000 08:01 263164     /lib/i386-linux-gnu/libz.so.1.2.7
b757d000-b757e000 r--p 00016000 08:01 263164     /lib/i386-linux-gnu/libz.so.1.2.7
b757e000-b757f000 rw-p 00017000 08:01 263164     /lib/i386-linux-gnu/libz.so.1.2.7
b757f000-b7722000 r-xp 00000000 08:01 263031     /lib/i386-linux-gnu/libc-2.15.so
b7722000-b7723000 ---p 001a3000 08:01 263031     /lib/i386-linux-gnu/libc-2.15.so
b7723000-b7725000 r--p 001a3000 08:01 263031     /lib/i386-linux-gnu/libc-2.15.so
b7725000-b7726000 rw-p 001a5000 08:01 263031     /lib/i386-linux-gnu/libc-2.15.so
b7726000-b7729000 rw-p 00000000 00:00 0 
b7729000-b772c000 r-xp 00000000 08:01 263046     /lib/i386-linux-gnu/libdl-2.15.so
b772c000-b772d000 r--p 00002000 08:01 263046     /lib/i386-linux-gnu/libdl-2.15.so
b772d000-b772e000 rw-p 00003000 08:01 263046     /lib/i386-linux-gnu/libdl-2.15.so
b772e000-b7732000 r-xp 00000000 08:01 311885     /usr/lib/jvm/java-6-openjdk-i386/jre/lib/i386/jli/libjli.so
b7732000-b7733000 r--p 00003000 08:01 311885     /usr/lib/jvm/java-6-openjdk-i386/jre/lib/i386/jli/libjli.so
b7733000-b7734000 rw-p 00004000 08:01 311885     /usr/lib/jvm/java-6-openjdk-i386/jre/lib/i386/jli/libjli.so
b7734000-b774b000 r-xp 00000000 08:01 263126     /lib/i386-linux-gnu/libpthread-2.15.so
b774b000-b774c000 r--p 00016000 08:01 263126     /lib/i386-linux-gnu/libpthread-2.15.so
b774c000-b774d000 rw-p 00017000 08:01 263126     /lib/i386-linux-gnu/libpthread-2.15.so
b774d000-b7750000 rw-p 00000000 00:00 0 
b7750000-b775d000 r-xp 00000000 08:01 311894     /usr/lib/jvm/java-6-openjdk-i386/jre/lib/i386/libverify.so
b775d000-b775e000 r--p 0000c000 08:01 311894     /usr/lib/jvm/java-6-openjdk-i386/jre/lib/i386/libverify.so
b775e000-b775f000 rw-p 0000d000 08:01 311894     /usr/lib/jvm/java-6-openjdk-i386/jre/lib/i386/libverify.so
b775f000-b7761000 rw-p 00000000 00:00 0 
b7761000-b7762000 r-xp 00000000 00:00 0          [vdso]
b7762000-b7782000 r-xp 00000000 08:01 263009     /lib/i386-linux-gnu/ld-2.15.so
b7782000-b7783000 r--p 0001f000 08:01 263009     /lib/i386-linux-gnu/ld-2.15.so
b7783000-b7784000 rw-p 00020000 08:01 263009     /lib/i386-linux-gnu/ld-2.15.so
bfb0d000-bfb2e000 rw-p 00000000 00:00 0          [stack]

VM Arguments:
jvm_args: -Dfile.encoding=UTF-8 
java_command: gameoct.GameMain
Launcher Type: SUN_STANDARD

Environment Variables:
PATH=/usr/lib/lightdm/lightdm:/usr/local/sbin:/usr/local/bin:/usr/sbin:/usr/bin:/sbin:/bin:/usr/games:/usr/local/games
LD_LIBRARY_PATH=/usr/lib/jvm/java-6-openjdk-i386/jre/lib/i386/client:/usr/lib/jvm/java-6-openjdk-i386/jre/lib/i386:/usr/lib/jvm/java-6-openjdk-i386/jre/../lib/i386:/usr/lib/jvm/java-7-openjdk-i386/jre/lib/i386/client:/usr/lib/jvm/java-7-openjdk-i386/jre/lib/i386:
SHELL=/bin/bash
DISPLAY=:0.0

Signal Handlers:
SIGSEGV: [libjvm.so+0x3f1b10], sa_mask[0]=0x7ffbfeff, sa_flags=0x10000004
SIGBUS: [libjvm.so+0x3f1b10], sa_mask[0]=0x7ffbfeff, sa_flags=0x10000004
SIGFPE: [libjvm.so+0x30e2b0], sa_mask[0]=0x7ffbfeff, sa_flags=0x10000004
SIGPIPE: SIG_IGN, sa_mask[0]=0x00001000, sa_flags=0x10000000
SIGXFSZ: [libjvm.so+0x30e2b0], sa_mask[0]=0x7ffbfeff, sa_flags=0x10000004
SIGILL: [libjvm.so+0x30e2b0], sa_mask[0]=0x7ffbfeff, sa_flags=0x10000004
SIGUSR1: SIG_DFL, sa_mask[0]=0x00000000, sa_flags=0x00000000
SIGUSR2: [libjvm.so+0x30e150], sa_mask[0]=0x00000004, sa_flags=0x10000004
SIGHUP: [libjvm.so+0x310de0], sa_mask[0]=0x7ffbfeff, sa_flags=0x10000004
SIGINT: [swrast_dri.so+0x6a0ee0], sa_mask[0]=0x00000002, sa_flags=0x10000000
SIGTERM: [swrast_dri.so+0x6a0ee0], sa_mask[0]=0x00004000, sa_flags=0x10000000
SIGQUIT: [libjvm.so+0x310de0], sa_mask[0]=0x7ffbfeff, sa_flags=0x10000004


---------------  S Y S T E M  ---------------

OS:Ubuntu 12.10 (quantal)
uname:Linux 3.5.0-17-generic #28-Ubuntu SMP Tue Oct 9 19:32:08 UTC 2012 i686
libc:glibc 2.15 NPTL 2.15 
rlimit: STACK 8192k, CORE 0k, NPROC 7903, NOFILE 4096, AS infinity
load average:3.87 1.92 1.21

/proc/meminfo:
MemTotal:        1027104 kB
MemFree:           86216 kB
Buffers:           23920 kB
Cached:           274140 kB
SwapCached:         3864 kB
Active:           432128 kB
Inactive:         425128 kB
Active(anon):     277804 kB
Inactive(anon):   292824 kB
Active(file):     154324 kB
Inactive(file):   132304 kB
Unevictable:       32500 kB
Mlocked:           32500 kB
HighTotal:        135112 kB
HighFree:           1776 kB
LowTotal:         891992 kB
LowFree:           84440 kB
SwapTotal:        522236 kB
SwapFree:         492584 kB
Dirty:               104 kB
Writeback:             0 kB
AnonPages:        588544 kB
Mapped:            80160 kB
Shmem:              4340 kB
Slab:              32808 kB
SReclaimable:      23252 kB
SUnreclaim:         9556 kB
KernelStack:        2960 kB
PageTables:         5876 kB
NFS_Unstable:          0 kB
Bounce:                0 kB
WritebackTmp:          0 kB
CommitLimit:     1035788 kB
Committed_AS:    1989132 kB
VmallocTotal:     122880 kB
VmallocUsed:       24480 kB
VmallocChunk:      96052 kB
HardwareCorrupted:     0 kB
AnonHugePages:         0 kB
HugePages_Total:       0
HugePages_Free:        0
HugePages_Rsvd:        0
HugePages_Surp:        0
Hugepagesize:       2048 kB
DirectMap4k:       20472 kB
DirectMap2M:      892928 kB


CPU:total 1 (1 cores per cpu, 1 threads per core) family 20 model 1 stepping 0, cmov, cx8, fxsr, mmx, sse, sse2, sse3, ssse3

Memory: 4k page, physical 1027104k(86216k free), swap 522236k(492584k free)

vm_info: OpenJDK Client VM (20.0-b12) for linux-x86 JRE (1.6.0_27-b27), built on Jul 17 2013 13:48:15 by "buildd" with gcc 4.7.2

time: Sun Oct 27 22:14:06 2013
elapsed time: 11 seconds

