#
# A fatal error has been detected by the Java Runtime Environment:
#
#  SIGSEGV (0xb) at pc=0xb3611ee0, pid=4362, tid=3075700416
#
# JRE version: 6.0_27-b27
# Java VM: OpenJDK Client VM (20.0-b12 mixed mode, sharing linux-x86 )
# Derivative: IcedTea6 1.12.6
# Distribution: Ubuntu 12.10, package 6b27-1.12.6-1ubuntu0.12.10.2
# Problematic frame:
# C  [swrast_dri.so+0x6a0ee0]  _fini+0x3a6cfc
#
# If you would like to submit a bug report, please include
# instructions how to reproduce the bug and visit:
#   https://bugs.launchpad.net/ubuntu/+source/openjdk-6/
#

---------------  T H R E A D  ---------------

Current thread is native thread

siginfo:si_signo=SIGSEGV: si_errno=0, si_code=2 (SEGV_ACCERR), si_addr=0xb3611ee0

Registers:
EAX=0x0000000f, EBX=0xb6ab7ba8, ECX=0x00000000, EDX=0x00000000
ESP=0xbfb11bbc, EBP=0xb6ab7b40, ESI=0x00000000, EDI=0xb771f000
EIP=0xb3611ee0, EFLAGS=0x00210206, CR2=0xb3611ee0

Top of Stack: (sp=0xbfb11bbc)
0xbfb11bbc:   b7734400 0000000f 00000033 00000000
0xbfb11bcc:   0000007b 0000007b b771f000 00000000
0xbfb11bdc:   b6ab7b40 bfb12110 b6ab7ba8 00001111
0xbfb11bec:   00000000 000000f0 0000000e 00000004
0xbfb11bfc:   b7734422 00000073 00200206 bfb12110
0xbfb11c0c:   0000007b bfb11ea0 00000004 b651e100
0xbfb11c1c:   00000000 00000000 0804f168 00000000
0xbfb11c2c:   00000000 b7722608 b75376c0 000002a6 

Instructions: (pc=0xb3611ee0)
0xb3611ec0:   00 00 00 00 00 00 00 00 00 00 00 00 00 00 00 00
0xb3611ed0:   00 00 00 00 00 00 00 00 00 00 00 00 00 00 00 00
0xb3611ee0:   00 00 00 00 00 00 00 00 00 00 00 00 00 00 00 00
0xb3611ef0:   00 00 00 00 00 00 00 00 00 00 00 00 00 00 00 00 

Register to memory mapping:

EAX=0x0000000f is an unknown value
EBX=0xb6ab7ba8 is pointing into the stack for thread: 0xb6905800
ECX=0x00000000 is an unknown value
EDX=0x00000000 is an unknown value
ESP=0xbfb11bbc is an unknown value
EBP=0xb6ab7b40 is pointing into the stack for thread: 0xb6905800
ESI=0x00000000 is an unknown value
EDI=0xb771f000: <offset 0x18000> in /lib/i386-linux-gnu/libpthread.so.0 at 0xb7707000


Stack: [0xbfac5000,0xbfb15000],  sp=0xbfb11bbc,  free space=306k
Native frames: (J=compiled Java code, j=interpreted, Vv=VM code, C=native code)
C  [swrast_dri.so+0x6a0ee0]  _fini+0x3a6cfc


---------------  P R O C E S S  ---------------

VM state:not at safepoint (normal execution)

VM Mutex/Monitor currently owned by a thread: None

Heap
 def new generation   total 4800K, used 3546K [0x6f410000, 0x6f940000, 0x79b60000)
  eden space 4288K,  74% used [0x6f410000, 0x6f72e678, 0x6f840000)
  from space 512K,  68% used [0x6f840000, 0x6f8984a0, 0x6f8c0000)
  to   space 512K,   0% used [0x6f8c0000, 0x6f8c0000, 0x6f940000)
 tenured generation   total 10752K, used 1453K [0x79b60000, 0x7a5e0000, 0x8ea10000)
   the space 10752K,  13% used [0x79b60000, 0x79ccb628, 0x79ccb800, 0x7a5e0000)
 compacting perm gen  total 12288K, used 2366K [0x8ea10000, 0x8f610000, 0x92a10000)
   the space 12288K,  19% used [0x8ea10000, 0x8ec5fbe8, 0x8ec5fc00, 0x8f610000)
    ro space 10240K,  73% used [0x92a10000, 0x93175f00, 0x93176000, 0x93410000)
    rw space 12288K,  60% used [0x93410000, 0x93b5dbf8, 0x93b5dc00, 0x94010000)

Code Cache  [0xb48de000, 0xb4a16000, 0xb68de000)
 total_blobs=697 nmethods=429 adapters=204 free_code_cache=32303104 largest_free_block=64

Dynamic libraries:
08048000-08051000 r-xp 00000000 08:01 311923     /usr/lib/jvm/java-6-openjdk-i386/jre/bin/java
08051000-08052000 r--p 00008000 08:01 311923     /usr/lib/jvm/java-6-openjdk-i386/jre/bin/java
08052000-08053000 rw-p 00009000 08:01 311923     /usr/lib/jvm/java-6-openjdk-i386/jre/bin/java
096ab000-097ce000 rw-p 00000000 00:00 0          [heap]
6f410000-6f940000 rw-p 00000000 00:00 0 
6f940000-79b60000 rw-p 00000000 00:00 0 
79b60000-7a5e0000 rw-p 00000000 00:00 0 
7a5e0000-8ea10000 rw-p 00000000 00:00 0 
8ea10000-8f610000 rw-p 00000000 00:00 0 
8f610000-92a10000 rw-p 00000000 00:00 0 
92a10000-93176000 r--s 00001000 08:01 312105     /usr/lib/jvm/java-6-openjdk-i386/jre/lib/i386/client/classes.jsa
93176000-93410000 rw-p 00000000 00:00 0 
93410000-93b5e000 rw-p 00767000 08:01 312105     /usr/lib/jvm/java-6-openjdk-i386/jre/lib/i386/client/classes.jsa
93b5e000-94010000 rw-p 00000000 00:00 0 
94010000-9410d000 rw-p 00eb5000 08:01 312105     /usr/lib/jvm/java-6-openjdk-i386/jre/lib/i386/client/classes.jsa
9410d000-94410000 rw-p 00000000 00:00 0 
94410000-94418000 r-xs 00fb2000 08:01 312105     /usr/lib/jvm/java-6-openjdk-i386/jre/lib/i386/client/classes.jsa
94418000-94810000 rw-p 00000000 00:00 0 
b0300000-b0d00000 rwxp 00000000 00:00 0 
b0d00000-b0df3000 rw-p 00000000 00:00 0 
b0df3000-b0e00000 ---p 00000000 00:00 0 
b1100000-b11f6000 rw-p 00000000 00:00 0 
b11f6000-b1200000 ---p 00000000 00:00 0 
b1200000-b12f5000 rw-p 00000000 00:00 0 
b12f5000-b1300000 ---p 00000000 00:00 0 
b1300000-b1500000 rw-p 00000000 00:00 0 
b1500000-b1600000 rw-p 00000000 00:00 0 
b1900000-b19f8000 rw-p 00000000 00:00 0 
b19f8000-b1a00000 ---p 00000000 00:00 0 
b1bd1000-b1c01000 r-xp 00000000 08:01 396598     /usr/lib/i386-linux-gnu/libtxc_dxtn_s2tc.so.0.0.0
b1c01000-b1c02000 r--p 0002f000 08:01 396598     /usr/lib/i386-linux-gnu/libtxc_dxtn_s2tc.so.0.0.0
b1c02000-b1c03000 rw-p 00030000 08:01 396598     /usr/lib/i386-linux-gnu/libtxc_dxtn_s2tc.so.0.0.0
b1c03000-b2e9d000 r-xp 00000000 08:01 395975     /usr/lib/i386-linux-gnu/libLLVM-3.1.so.1
b2e9d000-b2f2f000 r--p 01299000 08:01 395975     /usr/lib/i386-linux-gnu/libLLVM-3.1.so.1
b2f2f000-b2f32000 rw-p 0132b000 08:01 395975     /usr/lib/i386-linux-gnu/libLLVM-3.1.so.1
b2f32000-b2f3a000 rw-p 00000000 00:00 0 
b2f3a000-b2f5f000 r-xp 00000000 08:01 263051     /lib/i386-linux-gnu/libexpat.so.1.6.0
b2f5f000-b2f61000 r--p 00025000 08:01 263051     /lib/i386-linux-gnu/libexpat.so.1.6.0
b2f61000-b2f62000 rw-p 00027000 08:01 263051     /lib/i386-linux-gnu/libexpat.so.1.6.0
b2f71000-b33d5000 r-xp 00000000 08:01 396770     /usr/lib/i386-linux-gnu/dri/swrast_dri.so
b33d5000-b33e6000 r--p 00464000 08:01 396770     /usr/lib/i386-linux-gnu/dri/swrast_dri.so
b33e6000-b33ea000 rw-p 00475000 08:01 396770     /usr/lib/i386-linux-gnu/dri/swrast_dri.so
b33ea000-b36ca000 rw-p 00000000 00:00 0 
b36ca000-b36d9000 r-xp 00000000 08:01 396230     /usr/lib/i386-linux-gnu/libglapi.so.0.0.0
b36d9000-b36db000 r--p 0000f000 08:01 396230     /usr/lib/i386-linux-gnu/libglapi.so.0.0.0
b36db000-b36e0000 rwxp 00011000 08:01 396230     /usr/lib/i386-linux-gnu/libglapi.so.0.0.0
b36e0000-b3737000 r-xp 00000000 08:01 397601     /usr/lib/i386-linux-gnu/mesa/libGL.so.1.2.0
b3737000-b3739000 r--p 00056000 08:01 397601     /usr/lib/i386-linux-gnu/mesa/libGL.so.1.2.0
b3739000-b373e000 rwxp 00058000 08:01 397601     /usr/lib/i386-linux-gnu/mesa/libGL.so.1.2.0
b373e000-b3741000 ---p 00000000 00:00 0 
b3741000-b378f000 rw-p 00000000 00:00 0 
b378f000-b37e9000 r-xp 00000000 08:01 158246     /home/atra/Engine/native/linux/liblwjgl.so
b37e9000-b37ea000 r--p 0005a000 08:01 158246     /home/atra/Engine/native/linux/liblwjgl.so
b37ea000-b37eb000 rw-p 0005b000 08:01 158246     /home/atra/Engine/native/linux/liblwjgl.so
b37eb000-b37ee000 ---p 00000000 00:00 0 
b37ee000-b383c000 rw-p 00000000 00:00 0          [stack:4379]
b383c000-b3842000 r--s 00000000 08:01 145574     /var/cache/fontconfig/945677eb7aeaf62f1d50efc3fb3ec7d8-le32d4.cache-3
b3842000-b3844000 r--s 00000000 08:01 145576     /var/cache/fontconfig/99e8ed0e538f840c565b6ed5dad60d56-le32d4.cache-3
b3844000-b3847000 r--s 00000000 08:01 145558     /var/cache/fontconfig/2cd17615ca594fa2959ae173292e504c-le32d4.cache-3
b3847000-b3848000 r--s 00000000 08:01 145590     /var/cache/fontconfig/e7071f4a29fa870f4323321c154eba04-le32d4.cache-3
b3848000-b3849000 r--s 00000000 08:01 145555     /var/cache/fontconfig/0d8c3b2ac0904cb8a57a757ad11a4a08-le32d4.cache-3
b3849000-b384d000 r--s 00000000 08:01 145578     /var/cache/fontconfig/a755afe4a08bf5b97852ceb7400b47bc-le32d4.cache-3
b384d000-b3854000 r--s 00000000 08:01 135502     /var/cache/fontconfig/6d41288fd70b0be22e8c3a91e032eec0-le32d4.cache-3
b3854000-b385f000 r--s 00000000 08:01 145553     /var/cache/fontconfig/04aabc0a78ac019cf9454389977116d2-le32d4.cache-3
b3862000-b386d000 r-xp 00000000 08:01 396141     /usr/lib/i386-linux-gnu/libdrm.so.2.4.0
b386d000-b386e000 r--p 0000a000 08:01 396141     /usr/lib/i386-linux-gnu/libdrm.so.2.4.0
b386e000-b386f000 rw-p 0000b000 08:01 396141     /usr/lib/i386-linux-gnu/libdrm.so.2.4.0
b386f000-b3885000 r-xp 00000000 08:01 396640     /usr/lib/i386-linux-gnu/libxcb-glx.so.0.0.0
b3885000-b3886000 r--p 00016000 08:01 396640     /usr/lib/i386-linux-gnu/libxcb-glx.so.0.0.0
b3886000-b3887000 rw-p 00017000 08:01 396640     /usr/lib/i386-linux-gnu/libxcb-glx.so.0.0.0
b3887000-b388d000 r--s 00000000 08:01 145574     /var/cache/fontconfig/945677eb7aeaf62f1d50efc3fb3ec7d8-le32d4.cache-3
b388d000-b388f000 r--s 00000000 08:01 145576     /var/cache/fontconfig/99e8ed0e538f840c565b6ed5dad60d56-le32d4.cache-3
b388f000-b3892000 r--s 00000000 08:01 145558     /var/cache/fontconfig/2cd17615ca594fa2959ae173292e504c-le32d4.cache-3
b3892000-b3893000 r--s 00000000 08:01 145590     /var/cache/fontconfig/e7071f4a29fa870f4323321c154eba04-le32d4.cache-3
b3893000-b3894000 r--s 00000000 08:01 145555     /var/cache/fontconfig/0d8c3b2ac0904cb8a57a757ad11a4a08-le32d4.cache-3
b3894000-b3898000 r--s 00000000 08:01 145578     /var/cache/fontconfig/a755afe4a08bf5b97852ceb7400b47bc-le32d4.cache-3
b3898000-b389f000 r--s 00000000 08:01 135502     /var/cache/fontconfig/6d41288fd70b0be22e8c3a91e032eec0-le32d4.cache-3
b389f000-b38aa000 r--s 00000000 08:01 145553     /var/cache/fontconfig/04aabc0a78ac019cf9454389977116d2-le32d4.cache-3
b38aa000-b38ab000 r--s 00000000 08:01 145557     /var/cache/fontconfig/1ac9eb803944fde146138c791f5cc56a-le32d4.cache-3
b38ab000-b38ae000 r--s 00000000 08:01 145562     /var/cache/fontconfig/385c0604a188198f04d133e54aba7fe7-le32d4.cache-3
b38ae000-b38af000 r--s 00000000 08:01 145588     /var/cache/fontconfig/dc05db6664285cc2f12bf69c139ae4c3-le32d4.cache-3
b38af000-b38b1000 r--s 00000000 08:01 145571     /var/cache/fontconfig/767a8244fc0220cfb567a839d0392e0b-le32d4.cache-3
b38b1000-b38b2000 r--s 00000000 08:01 145564     /var/cache/fontconfig/4794a0821666d79190d59a36cb4f44b5-le32d4.cache-3
b38b2000-b38b5000 r--s 00000000 08:01 145573     /var/cache/fontconfig/8801497958630a81b71ace7c5f9b32a8-le32d4.cache-3
b38b5000-b38b7000 r--s 00000000 08:01 145582     /var/cache/fontconfig/c57959a16110560c8d0fcea73374aeeb-le32d4.cache-3
b38b7000-b38bb000 r--s 00000000 08:01 145559     /var/cache/fontconfig/3047814df9a2f067bd2d96a2b9c36e5a-le32d4.cache-3
b38bb000-b38bc000 r--s 00000000 08:01 145566     /var/cache/fontconfig/56cf4f4769d0f4abc89a4895d7bd3ae1-le32d4.cache-3
b38bc000-b38bd000 r--s 00000000 08:01 145581     /var/cache/fontconfig/b9d506c9ac06c20b433354fa67a72993-le32d4.cache-3
b38bd000-b38c1000 r--s 00000000 08:01 145580     /var/cache/fontconfig/b47c4e1ecd0709278f4910c18777a504-le32d4.cache-3
b38c1000-b38ce000 r--s 00000000 08:01 145586     /var/cache/fontconfig/d52a8644073d54c13679302ca1180695-le32d4.cache-3
b38ce000-b38d4000 r--s 00000000 08:01 145563     /var/cache/fontconfig/3f7329c5293ffd510edef78f73874cfd-le32d4.cache-3
b38d4000-b38d5000 r--s 00000000 08:01 145554     /var/cache/fontconfig/0c9eb80ebd1c36541ebe2852d3bb0c49-le32d4.cache-3
b38d6000-b38d7000 r-xp 00000000 08:01 395979     /usr/lib/i386-linux-gnu/libX11-xcb.so.1.0.0
b38d7000-b38d8000 r--p 00000000 08:01 395979     /usr/lib/i386-linux-gnu/libX11-xcb.so.1.0.0
b38d8000-b38d9000 rw-p 00001000 08:01 395979     /usr/lib/i386-linux-gnu/libX11-xcb.so.1.0.0
b38d9000-b38da000 r--s 00000000 08:01 145557     /var/cache/fontconfig/1ac9eb803944fde146138c791f5cc56a-le32d4.cache-3
b38da000-b38dd000 r--s 00000000 08:01 145562     /var/cache/fontconfig/385c0604a188198f04d133e54aba7fe7-le32d4.cache-3
b38dd000-b38de000 r--s 00000000 08:01 145588     /var/cache/fontconfig/dc05db6664285cc2f12bf69c139ae4c3-le32d4.cache-3
b38de000-b38e0000 r--s 00000000 08:01 145571     /var/cache/fontconfig/767a8244fc0220cfb567a839d0392e0b-le32d4.cache-3
b38e0000-b38e1000 r--s 00000000 08:01 145564     /var/cache/fontconfig/4794a0821666d79190d59a36cb4f44b5-le32d4.cache-3
b38e1000-b38e4000 r--s 00000000 08:01 145573     /var/cache/fontconfig/8801497958630a81b71ace7c5f9b32a8-le32d4.cache-3
b38e4000-b38e6000 r--s 00000000 08:01 145582     /var/cache/fontconfig/c57959a16110560c8d0fcea73374aeeb-le32d4.cache-3
b38e6000-b38ea000 r--s 00000000 08:01 145559     /var/cache/fontconfig/3047814df9a2f067bd2d96a2b9c36e5a-le32d4.cache-3
b38ea000-b38ee000 r--s 00000000 08:01 145580     /var/cache/fontconfig/b47c4e1ecd0709278f4910c18777a504-le32d4.cache-3
b38ee000-b38f0000 r-xp 00000000 08:01 395994     /usr/lib/i386-linux-gnu/libXdamage.so.1.1.0
b38f0000-b38f1000 r--p 00001000 08:01 395994     /usr/lib/i386-linux-gnu/libXdamage.so.1.1.0
b38f1000-b38f2000 rw-p 00002000 08:01 395994     /usr/lib/i386-linux-gnu/libXdamage.so.1.1.0
b38f2000-b38f6000 r-xp 00000000 08:01 396030     /usr/lib/i386-linux-gnu/libXxf86vm.so.1.0.0
b38f6000-b38f7000 r--p 00003000 08:01 396030     /usr/lib/i386-linux-gnu/libXxf86vm.so.1.0.0
b38f7000-b38f8000 rw-p 00004000 08:01 396030     /usr/lib/i386-linux-gnu/libXxf86vm.so.1.0.0
b38f9000-b38fe000 r-xp 00000000 08:01 396171     /usr/lib/i386-linux-gnu/libffi.so.6.0.0
b38fe000-b38ff000 r--p 00005000 08:01 396171     /usr/lib/i386-linux-gnu/libffi.so.6.0.0
b38ff000-b3900000 rw-p 00006000 08:01 396171     /usr/lib/i386-linux-gnu/libffi.so.6.0.0
b3900000-b3907000 r--s 00000000 08:01 397249     /usr/lib/i386-linux-gnu/gconv/gconv-modules.cache
b3907000-b390c000 r-xp 00000000 08:01 396000     /usr/lib/i386-linux-gnu/libXfixes.so.3.1.0
b390c000-b390d000 r--p 00004000 08:01 396000     /usr/lib/i386-linux-gnu/libXfixes.so.3.1.0
b390d000-b390e000 rw-p 00005000 08:01 396000     /usr/lib/i386-linux-gnu/libXfixes.so.3.1.0
b390e000-b3917000 r-xp 00000000 08:01 395992     /usr/lib/i386-linux-gnu/libXcursor.so.1.0.2
b3917000-b3918000 r--p 00008000 08:01 395992     /usr/lib/i386-linux-gnu/libXcursor.so.1.0.2
b3918000-b3919000 rw-p 00009000 08:01 395992     /usr/lib/i386-linux-gnu/libXcursor.so.1.0.2
b391a000-b3923000 r-xp 00000000 08:01 396016     /usr/lib/i386-linux-gnu/libXrandr.so.2.2.0
b3923000-b3924000 r--p 00008000 08:01 396016     /usr/lib/i386-linux-gnu/libXrandr.so.2.2.0
b3924000-b3925000 rw-p 00009000 08:01 396016     /usr/lib/i386-linux-gnu/libXrandr.so.2.2.0
b3925000-b3926000 r-xp 00000000 08:01 311898     /usr/lib/jvm/java-6-openjdk-i386/jre/lib/i386/libjawt.so
b3926000-b3927000 r--p 00000000 08:01 311898     /usr/lib/jvm/java-6-openjdk-i386/jre/lib/i386/libjawt.so
b3927000-b3928000 rw-p 00001000 08:01 311898     /usr/lib/jvm/java-6-openjdk-i386/jre/lib/i386/libjawt.so
b3928000-b3935000 r--s 00000000 08:01 145586     /var/cache/fontconfig/d52a8644073d54c13679302ca1180695-le32d4.cache-3
b3935000-b3938000 ---p 00000000 00:00 0 
b3938000-b3986000 rw-p 00000000 00:00 0          [stack:4378]
b3986000-b3a1b000 r-xp 00000000 08:01 396188     /usr/lib/i386-linux-gnu/libfreetype.so.6.9.0
b3a1b000-b3a1f000 r--p 00094000 08:01 396188     /usr/lib/i386-linux-gnu/libfreetype.so.6.9.0
b3a1f000-b3a20000 rw-p 00098000 08:01 396188     /usr/lib/i386-linux-gnu/libfreetype.so.6.9.0
b3a20000-b3a67000 r-xp 00000000 08:01 311888     /usr/lib/jvm/java-6-openjdk-i386/jre/lib/i386/libfontmanager.so
b3a67000-b3a68000 r--p 00047000 08:01 311888     /usr/lib/jvm/java-6-openjdk-i386/jre/lib/i386/libfontmanager.so
b3a68000-b3a69000 rw-p 00048000 08:01 311888     /usr/lib/jvm/java-6-openjdk-i386/jre/lib/i386/libfontmanager.so
b3a69000-b3a6e000 r-xp 00000000 08:01 395996     /usr/lib/i386-linux-gnu/libXdmcp.so.6.0.0
b3a6e000-b3a6f000 r--p 00004000 08:01 395996     /usr/lib/i386-linux-gnu/libXdmcp.so.6.0.0
b3a6f000-b3a70000 rw-p 00005000 08:01 395996     /usr/lib/i386-linux-gnu/libXdmcp.so.6.0.0
b3a70000-b3a90000 r-xp 00000000 08:01 393520     /usr/lib/i386-linux-gnu/libxcb.so.1.1.0
b3a90000-b3a91000 r--p 0001f000 08:01 393520     /usr/lib/i386-linux-gnu/libxcb.so.1.1.0
b3a91000-b3a92000 rw-p 00020000 08:01 393520     /usr/lib/i386-linux-gnu/libxcb.so.1.1.0
b3a92000-b3bc5000 r-xp 00000000 08:01 393522     /usr/lib/i386-linux-gnu/libX11.so.6.3.0
b3bc5000-b3bc6000 r--p 00132000 08:01 393522     /usr/lib/i386-linux-gnu/libX11.so.6.3.0
b3bc6000-b3bc9000 rw-p 00133000 08:01 393522     /usr/lib/i386-linux-gnu/libX11.so.6.3.0
b3bc9000-b3bd9000 r-xp 00000000 08:01 395998     /usr/lib/i386-linux-gnu/libXext.so.6.4.0
b3bd9000-b3bda000 r--p 0000f000 08:01 395998     /usr/lib/i386-linux-gnu/libXext.so.6.4.0
b3bda000-b3bdb000 rw-p 00010000 08:01 395998     /usr/lib/i386-linux-gnu/libXext.so.6.4.0
b3bdb000-b3bdc000 rwxp 00000000 00:00 0 
b3bdc000-b3bdd000 r--s 00000000 08:01 145566     /var/cache/fontconfig/56cf4f4769d0f4abc89a4895d7bd3ae1-le32d4.cache-3
b3bdd000-b3be3000 r--s 00000000 08:01 145563     /var/cache/fontconfig/3f7329c5293ffd510edef78f73874cfd-le32d4.cache-3
b3be3000-b3be5000 r--s 00000000 08:01 135499     /var/cache/fontconfig/e13b20fdb08344e0e664864cc2ede53d-le32d4.cache-3
b3be5000-b3be7000 r--s 00000000 08:01 135499     /var/cache/fontconfig/e13b20fdb08344e0e664864cc2ede53d-le32d4.cache-3
b3be7000-b3bea000 r--s 00000000 08:01 135501     /var/cache/fontconfig/7ef2298fde41cc6eeb7af42e48b7d293-le32d4.cache-3
b3bea000-b3c36000 r-xp 00000000 08:01 312054     /usr/lib/jvm/java-6-openjdk-i386/jre/lib/i386/xawt/libmawt.so
b3c36000-b3c37000 r--p 0004b000 08:01 312054     /usr/lib/jvm/java-6-openjdk-i386/jre/lib/i386/xawt/libmawt.so
b3c37000-b3c39000 rw-p 0004c000 08:01 312054     /usr/lib/jvm/java-6-openjdk-i386/jre/lib/i386/xawt/libmawt.so
b3c39000-b3c3a000 rw-p 00000000 00:00 0 
b3c3a000-b3cd4000 r-xp 00000000 08:01 311912     /usr/lib/jvm/java-6-openjdk-i386/jre/lib/i386/libawt.so
b3cd4000-b3cd5000 r--p 00099000 08:01 311912     /usr/lib/jvm/java-6-openjdk-i386/jre/lib/i386/libawt.so
b3cd5000-b3cdc000 rw-p 0009a000 08:01 311912     /usr/lib/jvm/java-6-openjdk-i386/jre/lib/i386/libawt.so
b3cdc000-b3d00000 rw-p 00000000 00:00 0 
b3d00000-b3df2000 rw-p 00000000 00:00 0 
b3df2000-b3e00000 ---p 00000000 00:00 0 
b3e00000-b3e01000 r--s 00000000 08:01 145581     /var/cache/fontconfig/b9d506c9ac06c20b433354fa67a72993-le32d4.cache-3
b3e01000-b3e04000 r--s 00000000 08:01 135501     /var/cache/fontconfig/7ef2298fde41cc6eeb7af42e48b7d293-le32d4.cache-3
b3e04000-b3e06000 r-xp 00000000 08:01 395985     /usr/lib/i386-linux-gnu/libXau.so.6.0.0
b3e06000-b3e07000 r--p 00001000 08:01 395985     /usr/lib/i386-linux-gnu/libXau.so.6.0.0
b3e07000-b3e08000 rw-p 00002000 08:01 395985     /usr/lib/i386-linux-gnu/libXau.so.6.0.0
b3e08000-b3e16000 r-xp 00000000 08:01 396004     /usr/lib/i386-linux-gnu/libXi.so.6.1.0
b3e16000-b3e17000 r--p 0000d000 08:01 396004     /usr/lib/i386-linux-gnu/libXi.so.6.1.0
b3e17000-b3e18000 rw-p 0000e000 08:01 396004     /usr/lib/i386-linux-gnu/libXi.so.6.1.0
b3e18000-b3e1d000 r-xp 00000000 08:01 396024     /usr/lib/i386-linux-gnu/libXtst.so.6.1.0
b3e1d000-b3e1e000 r--p 00004000 08:01 396024     /usr/lib/i386-linux-gnu/libXtst.so.6.1.0
b3e1e000-b3e1f000 rw-p 00005000 08:01 396024     /usr/lib/i386-linux-gnu/libXtst.so.6.1.0
b3e1f000-b3e27000 r-xp 00000000 08:01 396018     /usr/lib/i386-linux-gnu/libXrender.so.1.3.0
b3e27000-b3e28000 r--p 00007000 08:01 396018     /usr/lib/i386-linux-gnu/libXrender.so.1.3.0
b3e28000-b3e29000 rw-p 00008000 08:01 396018     /usr/lib/i386-linux-gnu/libXrender.so.1.3.0
b3e29000-b3e2c000 ---p 00000000 00:00 0 
b3e2c000-b3e7a000 rw-p 00000000 00:00 0          [stack:4377]
b3e7a000-b3e7c000 r--s 00005000 08:01 158434     /home/atra/Engine/lib/slf4j-api-1.7.5.jar
b3e7c000-b3e80000 r--s 00034000 08:01 158425     /home/atra/Engine/lib/jbox2d-library-2.1.2.jar
b3e80000-b3e82000 r--s 00045000 08:01 158435     /home/atra/Engine/lib/vecmath-1.3.1.jar
b3e82000-b3e86000 r--s 0002f000 08:01 158426     /home/atra/Engine/lib/jinput-2.0.5.jar
b3e86000-b3e8d000 r--s 000fc000 08:01 311164     /usr/lib/jvm/java-6-openjdk-common/jre/lib/resources.jar
b3e8d000-b3e92000 r--s 00041000 08:01 158017     /home/atra/Engine/lib/commons-lang-2.6.jar
b3e92000-b3e95000 r--s 00015000 08:01 158429     /home/atra/Engine/lib/kouinject-1.2.jar
b3e95000-b3e96000 r--s 00001000 08:01 158433     /home/atra/Engine/lib/lzma.jar
b3e96000-b3ea3000 r--s 000e6000 08:01 158431     /home/atra/Engine/lib/lwjgl.jar
b3ea3000-b3eb1000 r--s 000e9000 08:01 158430     /home/atra/Engine/lib/lwjgl-debug.jar
b3eb1000-b3eb5000 r--s 00027000 08:01 158432     /home/atra/Engine/lib/lwjgl_util.jar
b3eb5000-b3eba000 r--s 00030000 08:01 158427     /home/atra/Engine/lib/jinput.jar
b3eba000-b3ebb000 ---p 00000000 00:00 0 
b3ebb000-b3f3b000 rw-p 00000000 00:00 0          [stack:4376]
b3f3b000-b3f3e000 ---p 00000000 00:00 0 
b3f3e000-b3f8c000 rw-p 00000000 00:00 0          [stack:4375]
b3f8c000-b3f8f000 ---p 00000000 00:00 0 
b3f8f000-b400d000 rw-p 00000000 00:00 0          [stack:4374]
b400d000-b4010000 ---p 00000000 00:00 0 
b4010000-b405e000 rw-p 00000000 00:00 0          [stack:4373]
b405e000-b425e000 r--p 00000000 08:01 398204     /usr/lib/locale/locale-archive
b425e000-b4261000 ---p 00000000 00:00 0 
b4261000-b42af000 rw-p 00000000 00:00 0          [stack:4372]
b42af000-b42b2000 ---p 00000000 00:00 0 
b42b2000-b4300000 rw-p 00000000 00:00 0          [stack:4371]
b4300000-b4321000 rw-p 00000000 00:00 0 
b4321000-b4400000 ---p 00000000 00:00 0 
b4400000-b4401000 r--s 00000000 08:01 145554     /var/cache/fontconfig/0c9eb80ebd1c36541ebe2852d3bb0c49-le32d4.cache-3
b4401000-b4402000 r--s 00001000 08:01 158428     /home/atra/Engine/lib/jutils-1.0.0.jar
b4402000-b4405000 r--s 0000e000 08:01 307649     /usr/share/java/hamcrest-core-1.2.jar
b4405000-b4408000 r--s 0000e000 08:01 307649     /usr/share/java/hamcrest-core-1.2.jar
b4408000-b440f000 r--s 00033000 08:01 307674     /usr/share/java/junit4-4.10.jar
b440f000-b4411000 r--s 00001000 08:01 310688     /usr/lib/jvm/java-6-openjdk-common/jre/lib/ext/dnsns.jar
b4411000-b4414000 r--s 00077000 08:01 310692     /usr/lib/jvm/java-6-openjdk-common/jre/lib/ext/localedata.jar
b4414000-b4416000 r--s 0000f000 08:01 310690     /usr/lib/jvm/java-6-openjdk-common/jre/lib/ext/pulse-java.jar
b4416000-b4418000 r--s 00006000 08:01 305221     /usr/share/java/java-atk-wrapper.jar
b4418000-b441c000 r--s 00039000 08:01 310691     /usr/lib/jvm/java-6-openjdk-common/jre/lib/ext/sunpkcs11.jar
b441c000-b441f000 r--s 00031000 08:01 310689     /usr/lib/jvm/java-6-openjdk-common/jre/lib/ext/sunjce_provider.jar
b441f000-b4420000 ---p 00000000 00:00 0 
b4420000-b44d3000 rw-p 00000000 00:00 0          [stack:4370]
b44d3000-b4667000 r--s 03807000 08:01 311870     /usr/lib/jvm/java-6-openjdk-i386/jre/lib/rt.jar
b4667000-b4675000 rw-p 00000000 00:00 0 
b4675000-b468f000 rw-p 00000000 00:00 0 
b468f000-b4695000 rw-p 00000000 00:00 0 
b4695000-b4737000 rw-p 00000000 00:00 0 
b4737000-b473a000 rw-p 00000000 00:00 0 
b473a000-b478a000 rw-p 00000000 00:00 0 
b478a000-b4790000 rw-p 00000000 00:00 0 
b4790000-b4832000 rw-p 00000000 00:00 0 
b4832000-b4838000 rw-p 00000000 00:00 0 
b4838000-b4852000 rw-p 00000000 00:00 0 
b4852000-b4863000 rw-p 00000000 00:00 0 
b4863000-b48de000 rw-p 00000000 00:00 0 
b48de000-b4a16000 rwxp 00000000 00:00 0 
b4a16000-b68de000 rw-p 00000000 00:00 0 
b68de000-b68e5000 r-xp 00000000 08:01 311906     /usr/lib/jvm/java-6-openjdk-i386/jre/lib/i386/libzip.so
b68e5000-b68e6000 r--p 00006000 08:01 311906     /usr/lib/jvm/java-6-openjdk-i386/jre/lib/i386/libzip.so
b68e6000-b68e7000 rw-p 00007000 08:01 311906     /usr/lib/jvm/java-6-openjdk-i386/jre/lib/i386/libzip.so
b68e7000-b68f2000 r-xp 00000000 08:01 263095     /lib/i386-linux-gnu/libnss_files-2.15.so
b68f2000-b68f3000 r--p 0000a000 08:01 263095     /lib/i386-linux-gnu/libnss_files-2.15.so
b68f3000-b68f4000 rw-p 0000b000 08:01 263095     /lib/i386-linux-gnu/libnss_files-2.15.so
b68f4000-b68fe000 r-xp 00000000 08:01 263099     /lib/i386-linux-gnu/libnss_nis-2.15.so
b68fe000-b68ff000 r--p 00009000 08:01 263099     /lib/i386-linux-gnu/libnss_nis-2.15.so
b68ff000-b6900000 rw-p 0000a000 08:01 263099     /lib/i386-linux-gnu/libnss_nis-2.15.so
b6900000-b6a00000 rw-p 00000000 00:00 0 
b6a00000-b6a01000 r--s 00000000 08:01 158424     /home/atra/Engine/lib/javax.inject-1.jar
b6a01000-b6a17000 r-xp 00000000 08:01 263089     /lib/i386-linux-gnu/libnsl-2.15.so
b6a17000-b6a18000 r--p 00015000 08:01 263089     /lib/i386-linux-gnu/libnsl-2.15.so
b6a18000-b6a19000 rw-p 00016000 08:01 263089     /lib/i386-linux-gnu/libnsl-2.15.so
b6a19000-b6a1b000 rw-p 00000000 00:00 0 
b6a1b000-b6a22000 r-xp 00000000 08:01 263091     /lib/i386-linux-gnu/libnss_compat-2.15.so
b6a22000-b6a23000 r--p 00006000 08:01 263091     /lib/i386-linux-gnu/libnss_compat-2.15.so
b6a23000-b6a24000 rw-p 00007000 08:01 263091     /lib/i386-linux-gnu/libnss_compat-2.15.so
b6a24000-b6a25000 r--p 006e7000 08:01 398204     /usr/lib/locale/locale-archive
b6a25000-b6a2b000 rw-p 00000000 00:00 0 
b6a2b000-b6a33000 rw-s 00000000 08:01 242        /tmp/hsperfdata_atra/4362
b6a33000-b6a34000 rw-p 00000000 00:00 0 
b6a34000-b6a35000 r--p 00000000 00:00 0 
b6a35000-b6a5b000 r-xp 00000000 08:01 311883     /usr/lib/jvm/java-6-openjdk-i386/jre/lib/i386/libjava.so
b6a5b000-b6a5c000 r--p 00026000 08:01 311883     /usr/lib/jvm/java-6-openjdk-i386/jre/lib/i386/libjava.so
b6a5c000-b6a5e000 rw-p 00027000 08:01 311883     /usr/lib/jvm/java-6-openjdk-i386/jre/lib/i386/libjava.so
b6a5e000-b6a65000 r-xp 00000000 08:01 263134     /lib/i386-linux-gnu/librt-2.15.so
b6a65000-b6a66000 r--p 00006000 08:01 263134     /lib/i386-linux-gnu/librt-2.15.so
b6a66000-b6a67000 rw-p 00007000 08:01 263134     /lib/i386-linux-gnu/librt-2.15.so
b6a67000-b6a6a000 ---p 00000000 00:00 0 
b6a6a000-b6ab8000 rw-p 00000000 00:00 0          [stack:4369]
b6ab8000-b6ad4000 r-xp 00000000 08:01 263056     /lib/i386-linux-gnu/libgcc_s.so.1
b6ad4000-b6ad5000 r--p 0001b000 08:01 263056     /lib/i386-linux-gnu/libgcc_s.so.1
b6ad5000-b6ad6000 rw-p 0001c000 08:01 263056     /lib/i386-linux-gnu/libgcc_s.so.1
b6ad6000-b6b00000 r-xp 00000000 08:01 263072     /lib/i386-linux-gnu/libm-2.15.so
b6b00000-b6b01000 r--p 00029000 08:01 263072     /lib/i386-linux-gnu/libm-2.15.so
b6b01000-b6b02000 rw-p 0002a000 08:01 263072     /lib/i386-linux-gnu/libm-2.15.so
b6b02000-b6bde000 r-xp 00000000 08:01 396566     /usr/lib/i386-linux-gnu/libstdc++.so.6.0.17
b6bde000-b6bdf000 ---p 000dc000 08:01 396566     /usr/lib/i386-linux-gnu/libstdc++.so.6.0.17
b6bdf000-b6be3000 r--p 000dc000 08:01 396566     /usr/lib/i386-linux-gnu/libstdc++.so.6.0.17
b6be3000-b6be4000 rw-p 000e0000 08:01 396566     /usr/lib/i386-linux-gnu/libstdc++.so.6.0.17
b6be4000-b6beb000 rw-p 00000000 00:00 0 
b6beb000-b70fb000 r-xp 00000000 08:01 311902     /usr/lib/jvm/java-6-openjdk-i386/jre/lib/i386/client/libjvm.so
b70fb000-b7112000 r--p 00510000 08:01 311902     /usr/lib/jvm/java-6-openjdk-i386/jre/lib/i386/client/libjvm.so
b7112000-b711f000 rw-p 00527000 08:01 311902     /usr/lib/jvm/java-6-openjdk-i386/jre/lib/i386/client/libjvm.so
b711f000-b7539000 rw-p 00000000 00:00 0 
b7539000-b7550000 r-xp 00000000 08:01 263164     /lib/i386-linux-gnu/libz.so.1.2.7
b7550000-b7551000 r--p 00016000 08:01 263164     /lib/i386-linux-gnu/libz.so.1.2.7
b7551000-b7552000 rw-p 00017000 08:01 263164     /lib/i386-linux-gnu/libz.so.1.2.7
b7552000-b76f5000 r-xp 00000000 08:01 263031     /lib/i386-linux-gnu/libc-2.15.so
b76f5000-b76f6000 ---p 001a3000 08:01 263031     /lib/i386-linux-gnu/libc-2.15.so
b76f6000-b76f8000 r--p 001a3000 08:01 263031     /lib/i386-linux-gnu/libc-2.15.so
b76f8000-b76f9000 rw-p 001a5000 08:01 263031     /lib/i386-linux-gnu/libc-2.15.so
b76f9000-b76fc000 rw-p 00000000 00:00 0 
b76fc000-b76ff000 r-xp 00000000 08:01 263046     /lib/i386-linux-gnu/libdl-2.15.so
b76ff000-b7700000 r--p 00002000 08:01 263046     /lib/i386-linux-gnu/libdl-2.15.so
b7700000-b7701000 rw-p 00003000 08:01 263046     /lib/i386-linux-gnu/libdl-2.15.so
b7701000-b7705000 r-xp 00000000 08:01 311885     /usr/lib/jvm/java-6-openjdk-i386/jre/lib/i386/jli/libjli.so
b7705000-b7706000 r--p 00003000 08:01 311885     /usr/lib/jvm/java-6-openjdk-i386/jre/lib/i386/jli/libjli.so
b7706000-b7707000 rw-p 00004000 08:01 311885     /usr/lib/jvm/java-6-openjdk-i386/jre/lib/i386/jli/libjli.so
b7707000-b771e000 r-xp 00000000 08:01 263126     /lib/i386-linux-gnu/libpthread-2.15.so
b771e000-b771f000 r--p 00016000 08:01 263126     /lib/i386-linux-gnu/libpthread-2.15.so
b771f000-b7720000 rw-p 00017000 08:01 263126     /lib/i386-linux-gnu/libpthread-2.15.so
b7720000-b7723000 rw-p 00000000 00:00 0 
b7723000-b7730000 r-xp 00000000 08:01 311894     /usr/lib/jvm/java-6-openjdk-i386/jre/lib/i386/libverify.so
b7730000-b7731000 r--p 0000c000 08:01 311894     /usr/lib/jvm/java-6-openjdk-i386/jre/lib/i386/libverify.so
b7731000-b7732000 rw-p 0000d000 08:01 311894     /usr/lib/jvm/java-6-openjdk-i386/jre/lib/i386/libverify.so
b7732000-b7734000 rw-p 00000000 00:00 0 
b7734000-b7735000 r-xp 00000000 00:00 0          [vdso]
b7735000-b7755000 r-xp 00000000 08:01 263009     /lib/i386-linux-gnu/ld-2.15.so
b7755000-b7756000 r--p 0001f000 08:01 263009     /lib/i386-linux-gnu/ld-2.15.so
b7756000-b7757000 rw-p 00020000 08:01 263009     /lib/i386-linux-gnu/ld-2.15.so
bfaf4000-bfb15000 rw-p 00000000 00:00 0          [stack]

VM Arguments:
jvm_args: -Dfile.encoding=UTF-8 
java_command: gameoct.GameMain
Launcher Type: SUN_STANDARD

Environment Variables:
PATH=/usr/lib/lightdm/lightdm:/usr/local/sbin:/usr/local/bin:/usr/sbin:/usr/bin:/sbin:/bin:/usr/games:/usr/local/games
LD_LIBRARY_PATH=/usr/lib/jvm/java-6-openjdk-i386/jre/lib/i386/client:/usr/lib/jvm/java-6-openjdk-i386/jre/lib/i386:/usr/lib/jvm/java-6-openjdk-i386/jre/../lib/i386:/usr/lib/jvm/java-7-openjdk-i386/jre/lib/i386/client:/usr/lib/jvm/java-7-openjdk-i386/jre/lib/i386:
SHELL=/bin/bash
DISPLAY=:0.0

Signal Handlers:
SIGSEGV: [libjvm.so+0x3f1b10], sa_mask[0]=0x7ffbfeff, sa_flags=0x10000004
SIGBUS: [libjvm.so+0x3f1b10], sa_mask[0]=0x7ffbfeff, sa_flags=0x10000004
SIGFPE: [libjvm.so+0x30e2b0], sa_mask[0]=0x7ffbfeff, sa_flags=0x10000004
SIGPIPE: SIG_IGN, sa_mask[0]=0x00001000, sa_flags=0x10000000
SIGXFSZ: [libjvm.so+0x30e2b0], sa_mask[0]=0x7ffbfeff, sa_flags=0x10000004
SIGILL: [libjvm.so+0x30e2b0], sa_mask[0]=0x7ffbfeff, sa_flags=0x10000004
SIGUSR1: SIG_DFL, sa_mask[0]=0x00000000, sa_flags=0x00000000
SIGUSR2: [libjvm.so+0x30e150], sa_mask[0]=0x00000004, sa_flags=0x10000004
SIGHUP: [libjvm.so+0x310de0], sa_mask[0]=0x7ffbfeff, sa_flags=0x10000004
SIGINT: [swrast_dri.so+0x6a0ee0], sa_mask[0]=0x00000002, sa_flags=0x10000000
SIGTERM: [swrast_dri.so+0x6a0ee0], sa_mask[0]=0x00004000, sa_flags=0x10000000
SIGQUIT: [libjvm.so+0x310de0], sa_mask[0]=0x7ffbfeff, sa_flags=0x10000004


---------------  S Y S T E M  ---------------

OS:Ubuntu 12.10 (quantal)
uname:Linux 3.5.0-17-generic #28-Ubuntu SMP Tue Oct 9 19:32:08 UTC 2012 i686
libc:glibc 2.15 NPTL 2.15 
rlimit: STACK 8192k, CORE 0k, NPROC 7903, NOFILE 4096, AS infinity
load average:1.79 1.62 1.18

/proc/meminfo:
MemTotal:        1027104 kB
MemFree:           90960 kB
Buffers:           24008 kB
Cached:           274272 kB
SwapCached:         3864 kB
Active:           434692 kB
Inactive:         417904 kB
Active(anon):     272936 kB
Inactive(anon):   292820 kB
Active(file):     161756 kB
Inactive(file):   125084 kB
Unevictable:       32500 kB
Mlocked:           32500 kB
HighTotal:        135112 kB
HighFree:           1776 kB
LowTotal:         891992 kB
LowFree:           89184 kB
SwapTotal:        522236 kB
SwapFree:         492584 kB
Dirty:                60 kB
Writeback:             0 kB
AnonPages:        583672 kB
Mapped:            80196 kB
Shmem:              4340 kB
Slab:              32808 kB
SReclaimable:      23252 kB
SUnreclaim:         9556 kB
KernelStack:        2928 kB
PageTables:         5864 kB
NFS_Unstable:          0 kB
Bounce:                0 kB
WritebackTmp:          0 kB
CommitLimit:     1035788 kB
Committed_AS:    1973212 kB
VmallocTotal:     122880 kB
VmallocUsed:       24480 kB
VmallocChunk:      96052 kB
HardwareCorrupted:     0 kB
AnonHugePages:         0 kB
HugePages_Total:       0
HugePages_Free:        0
HugePages_Rsvd:        0
HugePages_Surp:        0
Hugepagesize:       2048 kB
DirectMap4k:       20472 kB
DirectMap2M:      892928 kB


CPU:total 1 (1 cores per cpu, 1 threads per core) family 20 model 1 stepping 0, cmov, cx8, fxsr, mmx, sse, sse2, sse3, ssse3

Memory: 4k page, physical 1027104k(90960k free), swap 522236k(492584k free)

vm_info: OpenJDK Client VM (20.0-b12) for linux-x86 JRE (1.6.0_27-b27), built on Jul 17 2013 13:48:15 by "buildd" with gcc 4.7.2

time: Sun Oct 27 22:16:07 2013
elapsed time: 24 seconds

