#
# A fatal error has been detected by the Java Runtime Environment:
#
#  SIGSEGV (0xb) at pc=0xb2855ee0, pid=1653, tid=3076318912
#
# JRE version: 7.0_25-b30
# Java VM: OpenJDK Client VM (23.7-b01 mixed mode, sharing linux-x86 )
# Problematic frame:
# C  [swrast_dri.so+0x6a0ee0]  _fini+0x3a6cfc
#
# Failed to write core dump. Core dumps have been disabled. To enable core dumping, try "ulimit -c unlimited" before starting Java again
#
# If you would like to submit a bug report, please include
# instructions on how to reproduce the bug and visit:
#   https://bugs.launchpad.net/ubuntu/+source/openjdk-7/
#

---------------  T H R E A D  ---------------

Current thread is native thread

siginfo:si_signo=SIGSEGV: si_errno=0, si_code=2 (SEGV_ACCERR), si_addr=0xb2855ee0

Registers:
EAX=0x0000000f, EBX=0xb6aa8ba8, ECX=0x00000000, EDX=0x00000000
ESP=0xbf89000c, EBP=0xb6aa8b40, ESI=0x00000000, EDI=0xb7601000
EIP=0xb2855ee0, EFLAGS=0x00210202, CR2=0xb2855ee0

Top of Stack: (sp=0xbf89000c)
0xbf89000c:   b77d4400 0000000f 00000033 00000000
0xbf89001c:   0000007b 0000007b b7601000 00000000
0xbf89002c:   b6aa8b40 bf890560 b6aa8ba8 0000067a
0xbf89003c:   00000000 000000f0 0000000e 00000004
0xbf89004c:   b77d4422 00000073 00200202 bf890560
0xbf89005c:   0000007b bf8902f0 00000004 b64fd100
0xbf89006c:   00000000 0001f530 00000000 000000ff
0xbf89007c:   b767f5e9 0000005e 0000006e 00000077 

Instructions: (pc=0xb2855ee0)
0xb2855ec0:   00 00 00 00 00 00 00 00 00 00 00 00 00 00 00 00
0xb2855ed0:   00 00 00 00 00 00 00 00 00 00 00 00 00 00 00 00
0xb2855ee0:   00 00 00 00 00 00 00 00 00 00 00 00 00 00 00 00
0xb2855ef0:   00 00 00 00 00 00 00 00 00 00 00 00 00 00 00 00 

Register to memory mapping:

EAX=0x0000000f is an unknown value
EBX=0xb6aa8ba8 is pointing into the stack for thread: 0xb6906c00
ECX=0x00000000 is an unknown value
EDX=0x00000000 is an unknown value
ESP=0xbf89000c is an unknown value
EBP=0xb6aa8b40 is pointing into the stack for thread: 0xb6906c00
ESI=0x00000000 is an unknown value
EDI=0xb7601000: <offset 0x18000> in /lib/i386-linux-gnu/libpthread.so.0 at 0xb75e9000


Stack: [0xbf847000,0xbf897000],  sp=0xbf89000c,  free space=292k
Native frames: (J=compiled Java code, j=interpreted, Vv=VM code, C=native code)
C  [swrast_dri.so+0x6a0ee0]  _fini+0x3a6cfc


---------------  P R O C E S S  ---------------

VM state:not at safepoint (normal execution)

VM Mutex/Monitor currently owned by a thread: None

Heap
 def new generation   total 4800K, used 2656K [0x6f400000, 0x6f930000, 0x79b50000)
  eden space 4288K,  50% used [0x6f400000, 0x6f618190, 0x6f830000)
  from space 512K, 100% used [0x6f830000, 0x6f8b0000, 0x6f8b0000)
  to   space 512K,   0% used [0x6f8b0000, 0x6f8b0000, 0x6f930000)
 tenured generation   total 10752K, used 1330K [0x79b50000, 0x7a5d0000, 0x8ea00000)
   the space 10752K,  12% used [0x79b50000, 0x79c9c840, 0x79c9ca00, 0x7a5d0000)
 compacting perm gen  total 12288K, used 1954K [0x8ea00000, 0x8f600000, 0x92a00000)
   the space 12288K,  15% used [0x8ea00000, 0x8ebe8b38, 0x8ebe8c00, 0x8f600000)
    ro space 10240K,  60% used [0x92a00000, 0x9300c968, 0x9300ca00, 0x93400000)
    rw space 12288K,  61% used [0x93400000, 0x93b662d8, 0x93b66400, 0x94000000)

Card table byte_map: [0xb4729000,0xb4850000] byte_map_base: 0xb43af000

Polling page: 0xb77c1000

Code Cache  [0xb48d0000, 0xb4a08000, 0xb68d0000)
 total_blobs=628 nmethods=364 adapters=199 free_code_cache=31549Kb largest_free_block=32306048

Compilation events (10 events):
Event: 23,202 Thread 0xb6941c00  363             java.nio.DirectIntBufferU::get (16 bytes)
Event: 23,203 Thread 0xb6941c00 nmethod 363 0xb49ff8c8 code [0xb49ff9c0, 0xb49ffa60]
Event: 23,203 Thread 0xb6941c00  364   !         org.lwjgl.opengl.Display::isFullscreen (34 bytes)
Event: 23,204 Thread 0xb6941c00 nmethod 364 0xb49ffb08 code [0xb49ffc30, 0xb49ffe70]
Event: 23,271 Thread 0xb6941c00  365             java.nio.DirectIntBufferU::put (18 bytes)
Event: 23,272 Thread 0xb6941c00 nmethod 365 0xb49fff48 code [0xb4a00040, 0xb4a000f0]
Event: 29,580 Thread 0xb6941c00  366             java.util.concurrent.locks.AbstractQueuedSynchronizer$Node::predecessor (19 bytes)
Event: 29,580 Thread 0xb6941c00 nmethod 366 0xb4a001c8 code [0xb4a002d0, 0xb4a003bc]
Event: 30,556 Thread 0xb6941c00  367   !         java.util.concurrent.locks.AbstractQueuedSynchronizer::acquireQueued (93 bytes)
Event: 30,558 Thread 0xb6941c00 nmethod 367 0xb4a00448 code [0xb4a005c0, 0xb4a008ac]

GC Heap History (4 events):
Event: 1,007 GC heap before
{Heap before GC invocations=0 (full 0):
 def new generation   total 4800K, used 4288K [0x6f400000, 0x6f930000, 0x79b50000)
  eden space 4288K, 100% used [0x6f400000, 0x6f830000, 0x6f830000)
  from space 512K,   0% used [0x6f830000, 0x6f830000, 0x6f8b0000)
  to   space 512K,   0% used [0x6f8b0000, 0x6f8b0000, 0x6f930000)
 tenured generation   total 10752K, used 0K [0x79b50000, 0x7a5d0000, 0x8ea00000)
   the space 10752K,   0% used [0x79b50000, 0x79b50000, 0x79b50200, 0x7a5d0000)
 compacting perm gen  total 12288K, used 832K [0x8ea00000, 0x8f600000, 0x92a00000)
   the space 12288K,   6% used [0x8ea00000, 0x8ead0110, 0x8ead0200, 0x8f600000)
    ro space 10240K,  60% used [0x92a00000, 0x9300c968, 0x9300ca00, 0x93400000)
    rw space 12288K,  61% used [0x93400000, 0x93b662d8, 0x93b66400, 0x94000000)
Event: 1,019 GC heap after
Heap after GC invocations=1 (full 0):
 def new generation   total 4800K, used 512K [0x6f400000, 0x6f930000, 0x79b50000)
  eden space 4288K,   0% used [0x6f400000, 0x6f400000, 0x6f830000)
  from space 512K, 100% used [0x6f8b0000, 0x6f930000, 0x6f930000)
  to   space 512K,   0% used [0x6f830000, 0x6f830000, 0x6f8b0000)
 tenured generation   total 10752K, used 394K [0x79b50000, 0x7a5d0000, 0x8ea00000)
   the space 10752K,   3% used [0x79b50000, 0x79bb29a8, 0x79bb2a00, 0x7a5d0000)
 compacting perm gen  total 12288K, used 832K [0x8ea00000, 0x8f600000, 0x92a00000)
   the space 12288K,   6% used [0x8ea00000, 0x8ead0110, 0x8ead0200, 0x8f600000)
    ro space 10240K,  60% used [0x92a00000, 0x9300c968, 0x9300ca00, 0x93400000)
    rw space 12288K,  61% used [0x93400000, 0x93b662d8, 0x93b66400, 0x94000000)
}
Event: 2,323 GC heap before
{Heap before GC invocations=1 (full 0):
 def new generation   total 4800K, used 4800K [0x6f400000, 0x6f930000, 0x79b50000)
  eden space 4288K, 100% used [0x6f400000, 0x6f830000, 0x6f830000)
  from space 512K, 100% used [0x6f8b0000, 0x6f930000, 0x6f930000)
  to   space 512K,   0% used [0x6f830000, 0x6f830000, 0x6f8b0000)
 tenured generation   total 10752K, used 394K [0x79b50000, 0x7a5d0000, 0x8ea00000)
   the space 10752K,   3% used [0x79b50000, 0x79bb29a8, 0x79bb2a00, 0x7a5d0000)
 compacting perm gen  total 12288K, used 1894K [0x8ea00000, 0x8f600000, 0x92a00000)
   the space 12288K,  15% used [0x8ea00000, 0x8ebd9ab0, 0x8ebd9c00, 0x8f600000)
    ro space 10240K,  60% used [0x92a00000, 0x9300c968, 0x9300ca00, 0x93400000)
    rw space 12288K,  61% used [0x93400000, 0x93b662d8, 0x93b66400, 0x94000000)
Event: 2,351 GC heap after
Heap after GC invocations=2 (full 0):
 def new generation   total 4800K, used 512K [0x6f400000, 0x6f930000, 0x79b50000)
  eden space 4288K,   0% used [0x6f400000, 0x6f400000, 0x6f830000)
  from space 512K, 100% used [0x6f830000, 0x6f8b0000, 0x6f8b0000)
  to   space 512K,   0% used [0x6f8b0000, 0x6f8b0000, 0x6f930000)
 tenured generation   total 10752K, used 1330K [0x79b50000, 0x7a5d0000, 0x8ea00000)
   the space 10752K,  12% used [0x79b50000, 0x79c9c840, 0x79c9ca00, 0x7a5d0000)
 compacting perm gen  total 12288K, used 1894K [0x8ea00000, 0x8f600000, 0x92a00000)
   the space 12288K,  15% used [0x8ea00000, 0x8ebd9ab0, 0x8ebd9c00, 0x8f600000)
    ro space 10240K,  60% used [0x92a00000, 0x9300c968, 0x9300ca00, 0x93400000)
    rw space 12288K,  61% used [0x93400000, 0x93b662d8, 0x93b66400, 0x94000000)
}

Deoptimization events (0 events):
No events

Internal exceptions (10 events):
Event: 2,454 Thread 0xb6906c00 Threw 0x6f433b60 at /build/buildd/openjdk-7-7u25-2.3.10/build/openjdk/hotspot/src/share/vm/prims/jvm.cpp:1235
Event: 2,455 Thread 0xb6906c00 Threw 0x6f4374c0 at /build/buildd/openjdk-7-7u25-2.3.10/build/openjdk/hotspot/src/share/vm/prims/jvm.cpp:1235
Event: 2,457 Thread 0xb6906c00 Threw 0x6f43ac98 at /build/buildd/openjdk-7-7u25-2.3.10/build/openjdk/hotspot/src/share/vm/prims/jvm.cpp:1235
Event: 2,459 Thread 0xb6906c00 Threw 0x6f43f058 at /build/buildd/openjdk-7-7u25-2.3.10/build/openjdk/hotspot/src/share/vm/prims/jvm.cpp:1235
Event: 2,776 Thread 0xb6906c00 Threw 0x6f4d9f00 at /build/buildd/openjdk-7-7u25-2.3.10/build/openjdk/hotspot/src/share/vm/prims/jvm.cpp:1235
Event: 2,779 Thread 0xb6906c00 Threw 0x6f4e1930 at /build/buildd/openjdk-7-7u25-2.3.10/build/openjdk/hotspot/src/share/vm/prims/jvm.cpp:1235
Event: 2,780 Thread 0xb6906c00 Threw 0x6f4e50e0 at /build/buildd/openjdk-7-7u25-2.3.10/build/openjdk/hotspot/src/share/vm/prims/jvm.cpp:1235
Event: 6,528 Thread 0xb6906c00 Threw 0x6f515048 at /build/buildd/openjdk-7-7u25-2.3.10/build/openjdk/hotspot/src/share/vm/prims/jvm.cpp:1235
Event: 6,531 Thread 0xb6906c00 Threw 0x6f51a3c8 at /build/buildd/openjdk-7-7u25-2.3.10/build/openjdk/hotspot/src/share/vm/prims/jvm.cpp:1235
Event: 6,544 Thread 0xb6906c00 Threw 0x6f51e728 at /build/buildd/openjdk-7-7u25-2.3.10/build/openjdk/hotspot/src/share/vm/prims/jvm.cpp:1235

Events (10 events):
Event: 4,794 Thread 0xb6941c00 flushing nmethod 0xb497f808
Event: 4,794 Thread 0xb6941c00 flushing nmethod 0xb497fb88
Event: 4,840 Thread 0xb6941c00 flushing nmethod 0xb4980d08
Event: 6,528 loading class 0xb3d5e548
Event: 6,528 loading class 0xb3d5e548 done
Event: 6,531 loading class 0xb3d694e0
Event: 6,531 loading class 0xb3d694e0 done
Event: 6,543 loading class 0xb3d81838
Event: 6,543 loading class 0xb3d81838 done
Event: 6,693 Thread 0xb6941c00 flushing nmethod 0xb497d808


Dynamic libraries:
08048000-08049000 r-xp 00000000 08:01 304490     /usr/lib/jvm/java-7-openjdk-i386/jre/bin/java
08049000-0804a000 r--p 00000000 08:01 304490     /usr/lib/jvm/java-7-openjdk-i386/jre/bin/java
0804a000-0804b000 rw-p 00001000 08:01 304490     /usr/lib/jvm/java-7-openjdk-i386/jre/bin/java
08369000-0848f000 rw-p 00000000 00:00 0          [heap]
6f400000-6f930000 rw-p 00000000 00:00 0 
6f930000-79b50000 rw-p 00000000 00:00 0 
79b50000-7a5d0000 rw-p 00000000 00:00 0 
7a5d0000-8ea00000 rw-p 00000000 00:00 0 
8ea00000-8f600000 rw-p 00000000 00:00 0 
8f600000-92a00000 rw-p 00000000 00:00 0 
92a00000-9300d000 r--p 00001000 08:01 309004     /usr/lib/jvm/java-7-openjdk-i386/jre/lib/i386/client/classes.jsa
9300d000-93400000 rw-p 00000000 00:00 0 
93400000-93b67000 rw-p 0060e000 08:01 309004     /usr/lib/jvm/java-7-openjdk-i386/jre/lib/i386/client/classes.jsa
93b67000-94000000 rw-p 00000000 00:00 0 
94000000-9431a000 rw-p 00d75000 08:01 309004     /usr/lib/jvm/java-7-openjdk-i386/jre/lib/i386/client/classes.jsa
9431a000-94400000 rw-p 00000000 00:00 0 
94400000-94409000 r-xp 0108f000 08:01 309004     /usr/lib/jvm/java-7-openjdk-i386/jre/lib/i386/client/classes.jsa
94409000-94800000 rw-p 00000000 00:00 0 
af7f7000-b01f7000 rwxp 00000000 00:00 0 
b01f7000-b0400000 rw-p 00000000 00:00 0 
b0400000-b04d5000 rw-p 00000000 00:00 0 
b04d5000-b0500000 ---p 00000000 00:00 0 
b0580000-b0600000 rwxp 00000000 00:00 0 
b0600000-b06f9000 rw-p 00000000 00:00 0 
b06f9000-b0700000 ---p 00000000 00:00 0 
b0777000-b07f7000 rwxp 00000000 00:00 0 
b07f7000-b0a00000 rw-p 00000000 00:00 0 
b0a00000-b0afa000 rw-p 00000000 00:00 0 
b0afa000-b0b00000 ---p 00000000 00:00 0 
b0b65000-b0be5000 rwxp 00000000 00:00 0 
b0be5000-b0c3c000 rw-p 00000000 00:00 0 
b0c5e000-b0d00000 rw-p 00000000 00:00 0 
b0d00000-b0dff000 rw-p 00000000 00:00 0 
b0dff000-b0e00000 ---p 00000000 00:00 0 
b0e4c000-b0e7c000 r-xp 00000000 08:01 396598     /usr/lib/i386-linux-gnu/libtxc_dxtn_s2tc.so.0.0.0
b0e7c000-b0e7d000 r--p 0002f000 08:01 396598     /usr/lib/i386-linux-gnu/libtxc_dxtn_s2tc.so.0.0.0
b0e7d000-b0e7e000 rw-p 00030000 08:01 396598     /usr/lib/i386-linux-gnu/libtxc_dxtn_s2tc.so.0.0.0
b0e7e000-b2118000 r-xp 00000000 08:01 395975     /usr/lib/i386-linux-gnu/libLLVM-3.1.so.1
b2118000-b21aa000 r--p 01299000 08:01 395975     /usr/lib/i386-linux-gnu/libLLVM-3.1.so.1
b21aa000-b21ad000 rw-p 0132b000 08:01 395975     /usr/lib/i386-linux-gnu/libLLVM-3.1.so.1
b21ad000-b21b5000 rw-p 00000000 00:00 0 
b21b5000-b2619000 r-xp 00000000 08:01 396770     /usr/lib/i386-linux-gnu/dri/swrast_dri.so
b2619000-b262a000 r--p 00464000 08:01 396770     /usr/lib/i386-linux-gnu/dri/swrast_dri.so
b262a000-b262e000 rw-p 00475000 08:01 396770     /usr/lib/i386-linux-gnu/dri/swrast_dri.so
b262e000-b290e000 rw-p 00000000 00:00 0 
b290e000-b2919000 r-xp 00000000 08:01 396141     /usr/lib/i386-linux-gnu/libdrm.so.2.4.0
b2919000-b291a000 r--p 0000a000 08:01 396141     /usr/lib/i386-linux-gnu/libdrm.so.2.4.0
b291a000-b291b000 rw-p 0000b000 08:01 396141     /usr/lib/i386-linux-gnu/libdrm.so.2.4.0
b291b000-b2931000 r-xp 00000000 08:01 396640     /usr/lib/i386-linux-gnu/libxcb-glx.so.0.0.0
b2931000-b2932000 r--p 00016000 08:01 396640     /usr/lib/i386-linux-gnu/libxcb-glx.so.0.0.0
b2932000-b2933000 rw-p 00017000 08:01 396640     /usr/lib/i386-linux-gnu/libxcb-glx.so.0.0.0
b2933000-b2942000 r-xp 00000000 08:01 396230     /usr/lib/i386-linux-gnu/libglapi.so.0.0.0
b2942000-b2944000 r--p 0000f000 08:01 396230     /usr/lib/i386-linux-gnu/libglapi.so.0.0.0
b2944000-b2949000 rwxp 00011000 08:01 396230     /usr/lib/i386-linux-gnu/libglapi.so.0.0.0
b2949000-b29a0000 r-xp 00000000 08:01 397601     /usr/lib/i386-linux-gnu/mesa/libGL.so.1.2.0
b29a0000-b29a2000 r--p 00056000 08:01 397601     /usr/lib/i386-linux-gnu/mesa/libGL.so.1.2.0
b29a2000-b29a7000 rwxp 00058000 08:01 397601     /usr/lib/i386-linux-gnu/mesa/libGL.so.1.2.0
b29b6000-b29ba000 r-xp 00000000 08:01 396030     /usr/lib/i386-linux-gnu/libXxf86vm.so.1.0.0
b29ba000-b29bb000 r--p 00003000 08:01 396030     /usr/lib/i386-linux-gnu/libXxf86vm.so.1.0.0
b29bb000-b29bc000 rw-p 00004000 08:01 396030     /usr/lib/i386-linux-gnu/libXxf86vm.so.1.0.0
b29bc000-b29bf000 ---p 00000000 00:00 0 
b29bf000-b29cb000 rw-p 00000000 00:00 0          [stack:1669]
b29cb000-b2a25000 r-xp 00000000 08:01 158246     /home/atra/Engine/native/linux/liblwjgl.so
b2a25000-b2a26000 r--p 0005a000 08:01 158246     /home/atra/Engine/native/linux/liblwjgl.so
b2a26000-b2a27000 rw-p 0005b000 08:01 158246     /home/atra/Engine/native/linux/liblwjgl.so
b2a27000-b2a2a000 ---p 00000000 00:00 0 
b2a2a000-b2a78000 rw-p 00000000 00:00 0          [stack:1667]
b2a78000-b2a7b000 ---p 00000000 00:00 0 
b2a7b000-b2ac9000 rw-p 00000000 00:00 0          [stack:1666]
b2ac9000-b2aee000 r--p 00000000 08:01 288543     /usr/share/locale-langpack/fr/LC_MESSAGES/libc.mo
b2aee000-b2af1000 r-xp 00000000 08:01 263062     /lib/i386-linux-gnu/libgpg-error.so.0.8.0
b2af1000-b2af2000 r--p 00002000 08:01 263062     /lib/i386-linux-gnu/libgpg-error.so.0.8.0
b2af2000-b2af3000 rw-p 00003000 08:01 263062     /lib/i386-linux-gnu/libgpg-error.so.0.8.0
b2af3000-b2af5000 r-xp 00000000 08:01 263069     /lib/i386-linux-gnu/libkeyutils.so.1.4
b2af5000-b2af6000 r--p 00002000 08:01 263069     /lib/i386-linux-gnu/libkeyutils.so.1.4
b2af6000-b2af7000 rw-p 00003000 08:01 263069     /lib/i386-linux-gnu/libkeyutils.so.1.4
b2af7000-b2b3f000 r-xp 00000000 08:01 263043     /lib/i386-linux-gnu/libdbus-1.so.3.7.2
b2b3f000-b2b40000 r--p 00047000 08:01 263043     /lib/i386-linux-gnu/libdbus-1.so.3.7.2
b2b40000-b2b41000 rw-p 00048000 08:01 263043     /lib/i386-linux-gnu/libdbus-1.so.3.7.2
b2b41000-b2b53000 r-xp 00000000 08:01 396453     /usr/lib/i386-linux-gnu/libp11-kit.so.0.0.0
b2b53000-b2b54000 r--p 00011000 08:01 396453     /usr/lib/i386-linux-gnu/libp11-kit.so.0.0.0
b2b54000-b2b55000 rw-p 00012000 08:01 396453     /usr/lib/i386-linux-gnu/libp11-kit.so.0.0.0
b2b55000-b2bd6000 r-xp 00000000 08:01 263058     /lib/i386-linux-gnu/libgcrypt.so.11.7.0
b2bd6000-b2bd7000 r--p 00080000 08:01 263058     /lib/i386-linux-gnu/libgcrypt.so.11.7.0
b2bd7000-b2bd9000 rw-p 00081000 08:01 263058     /lib/i386-linux-gnu/libgcrypt.so.11.7.0
b2bd9000-b2be9000 r-xp 00000000 08:01 396574     /usr/lib/i386-linux-gnu/libtasn1.so.3.1.16
b2be9000-b2bea000 r--p 0000f000 08:01 396574     /usr/lib/i386-linux-gnu/libtasn1.so.3.1.16
b2bea000-b2beb000 rw-p 00010000 08:01 396574     /usr/lib/i386-linux-gnu/libtasn1.so.3.1.16
b2beb000-b2bf2000 r-xp 00000000 08:01 396386     /usr/lib/i386-linux-gnu/libkrb5support.so.0.1
b2bf2000-b2bf3000 r--p 00006000 08:01 396386     /usr/lib/i386-linux-gnu/libkrb5support.so.0.1
b2bf3000-b2bf4000 rw-p 00007000 08:01 396386     /usr/lib/i386-linux-gnu/libkrb5support.so.0.1
b2bf4000-b2bf7000 r-xp 00000000 08:01 263038     /lib/i386-linux-gnu/libcom_err.so.2.1
b2bf7000-b2bf8000 r--p 00002000 08:01 263038     /lib/i386-linux-gnu/libcom_err.so.2.1
b2bf8000-b2bf9000 rw-p 00003000 08:01 263038     /lib/i386-linux-gnu/libcom_err.so.2.1
b2bf9000-b2c1f000 r-xp 00000000 08:01 396378     /usr/lib/i386-linux-gnu/libk5crypto.so.3.1
b2c1f000-b2c20000 r--p 00026000 08:01 396378     /usr/lib/i386-linux-gnu/libk5crypto.so.3.1
b2c20000-b2c21000 rw-p 00027000 08:01 396378     /usr/lib/i386-linux-gnu/libk5crypto.so.3.1
b2c21000-b2ce8000 r-xp 00000000 08:01 396384     /usr/lib/i386-linux-gnu/libkrb5.so.3.3
b2ce8000-b2cee000 r--p 000c6000 08:01 396384     /usr/lib/i386-linux-gnu/libkrb5.so.3.3
b2cee000-b2cef000 rw-p 000cc000 08:01 396384     /usr/lib/i386-linux-gnu/libkrb5.so.3.3
b2cef000-b2cf7000 r-xp 00000000 08:01 396642     /usr/lib/i386-linux-gnu/libxcb-render.so.0.0.0
b2cf7000-b2cf8000 r--p 00008000 08:01 396642     /usr/lib/i386-linux-gnu/libxcb-render.so.0.0.0
b2cf8000-b2cf9000 rw-p 00009000 08:01 396642     /usr/lib/i386-linux-gnu/libxcb-render.so.0.0.0
b2cf9000-b2cfb000 r-xp 00000000 08:01 396646     /usr/lib/i386-linux-gnu/libxcb-shm.so.0.0.0
b2cfb000-b2cfc000 r--p 00001000 08:01 396646     /usr/lib/i386-linux-gnu/libxcb-shm.so.0.0.0
b2cfc000-b2cfd000 rw-p 00002000 08:01 396646     /usr/lib/i386-linux-gnu/libxcb-shm.so.0.0.0
b2cfd000-b2d24000 r-xp 00000000 08:01 263121     /lib/i386-linux-gnu/libpng12.so.0.49.0
b2d24000-b2d25000 r--p 00026000 08:01 263121     /lib/i386-linux-gnu/libpng12.so.0.49.0
b2d25000-b2d26000 rw-p 00027000 08:01 263121     /lib/i386-linux-gnu/libpng12.so.0.49.0
b2d26000-b2db8000 r-xp 00000000 08:01 396481     /usr/lib/i386-linux-gnu/libpixman-1.so.0.26.0
b2db8000-b2dbc000 r--p 00092000 08:01 396481     /usr/lib/i386-linux-gnu/libpixman-1.so.0.26.0
b2dbc000-b2dbd000 rw-p 00096000 08:01 396481     /usr/lib/i386-linux-gnu/libpixman-1.so.0.26.0
b2dbd000-b2dc2000 r-xp 00000000 08:01 395996     /usr/lib/i386-linux-gnu/libXdmcp.so.6.0.0
b2dc2000-b2dc3000 r--p 00004000 08:01 395996     /usr/lib/i386-linux-gnu/libXdmcp.so.6.0.0
b2dc3000-b2dc4000 rw-p 00005000 08:01 395996     /usr/lib/i386-linux-gnu/libXdmcp.so.6.0.0
b2dc4000-b2dc6000 r-xp 00000000 08:01 395985     /usr/lib/i386-linux-gnu/libXau.so.6.0.0
b2dc6000-b2dc7000 r--p 00001000 08:01 395985     /usr/lib/i386-linux-gnu/libXau.so.6.0.0
b2dc7000-b2dc8000 rw-p 00002000 08:01 395985     /usr/lib/i386-linux-gnu/libXau.so.6.0.0
b2dc8000-b2dd8000 r-xp 00000000 08:01 396062     /usr/lib/i386-linux-gnu/libavahi-client.so.3.2.9
b2dd8000-b2dd9000 r--p 0000f000 08:01 396062     /usr/lib/i386-linux-gnu/libavahi-client.so.3.2.9
b2dd9000-b2dda000 rw-p 00010000 08:01 396062     /usr/lib/i386-linux-gnu/libavahi-client.so.3.2.9
b2dda000-b2de6000 r-xp 00000000 08:01 396064     /usr/lib/i386-linux-gnu/libavahi-common.so.3.5.3
b2de6000-b2de7000 r--p 0000b000 08:01 396064     /usr/lib/i386-linux-gnu/libavahi-common.so.3.5.3
b2de7000-b2de8000 rw-p 0000c000 08:01 396064     /usr/lib/i386-linux-gnu/libavahi-common.so.3.5.3
b2de8000-b2ea7000 r-xp 00000000 08:01 396246     /usr/lib/i386-linux-gnu/libgnutls.so.26.21.8
b2ea7000-b2eab000 r--p 000be000 08:01 396246     /usr/lib/i386-linux-gnu/libgnutls.so.26.21.8
b2eab000-b2eac000 rw-p 000c2000 08:01 396246     /usr/lib/i386-linux-gnu/libgnutls.so.26.21.8
b2eac000-b2ee7000 r-xp 00000000 08:01 396261     /usr/lib/i386-linux-gnu/libgssapi_krb5.so.2.2
b2ee7000-b2ee8000 r--p 0003a000 08:01 396261     /usr/lib/i386-linux-gnu/libgssapi_krb5.so.2.2
b2ee8000-b2ee9000 rw-p 0003b000 08:01 396261     /usr/lib/i386-linux-gnu/libgssapi_krb5.so.2.2
b2ee9000-b2f27000 r-xp 00000000 08:01 263117     /lib/i386-linux-gnu/libpcre.so.3.13.1
b2f27000-b2f28000 r--p 0003d000 08:01 263117     /lib/i386-linux-gnu/libpcre.so.3.13.1
b2f28000-b2f29000 rw-p 0003e000 08:01 263117     /lib/i386-linux-gnu/libpcre.so.3.13.1
b2f29000-b2f2e000 r-xp 00000000 08:01 396171     /usr/lib/i386-linux-gnu/libffi.so.6.0.0
b2f2e000-b2f2f000 r--p 00005000 08:01 396171     /usr/lib/i386-linux-gnu/libffi.so.6.0.0
b2f2f000-b2f30000 rw-p 00006000 08:01 396171     /usr/lib/i386-linux-gnu/libffi.so.6.0.0
b2f30000-b2f55000 r-xp 00000000 08:01 263051     /lib/i386-linux-gnu/libexpat.so.1.6.0
b2f55000-b2f57000 r--p 00025000 08:01 263051     /lib/i386-linux-gnu/libexpat.so.1.6.0
b2f57000-b2f58000 rw-p 00027000 08:01 263051     /lib/i386-linux-gnu/libexpat.so.1.6.0
b2f58000-b2fed000 r-xp 00000000 08:01 396188     /usr/lib/i386-linux-gnu/libfreetype.so.6.9.0
b2fed000-b2ff1000 r--p 00094000 08:01 396188     /usr/lib/i386-linux-gnu/libfreetype.so.6.9.0
b2ff1000-b2ff2000 rw-p 00098000 08:01 396188     /usr/lib/i386-linux-gnu/libfreetype.so.6.9.0
b2ff2000-b3005000 r-xp 00000000 08:01 263132     /lib/i386-linux-gnu/libresolv-2.15.so
b3005000-b3006000 r--p 00013000 08:01 263132     /lib/i386-linux-gnu/libresolv-2.15.so
b3006000-b3007000 rw-p 00014000 08:01 263132     /lib/i386-linux-gnu/libresolv-2.15.so
b3007000-b3009000 rw-p 00000000 00:00 0 
b3009000-b3026000 r-xp 00000000 08:01 263136     /lib/i386-linux-gnu/libselinux.so.1
b3026000-b3027000 r--p 0001c000 08:01 263136     /lib/i386-linux-gnu/libselinux.so.1
b3027000-b3028000 rw-p 0001d000 08:01 263136     /lib/i386-linux-gnu/libselinux.so.1
b3028000-b302b000 r-xp 00000000 08:01 396236     /usr/lib/i386-linux-gnu/libgmodule-2.0.so.0.3400.0
b302b000-b302c000 r--p 00002000 08:01 396236     /usr/lib/i386-linux-gnu/libgmodule-2.0.so.0.3400.0
b302c000-b302d000 rw-p 00003000 08:01 396236     /usr/lib/i386-linux-gnu/libgmodule-2.0.so.0.3400.0
b302d000-b302f000 r-xp 00000000 08:01 395994     /usr/lib/i386-linux-gnu/libXdamage.so.1.1.0
b302f000-b3030000 r--p 00001000 08:01 395994     /usr/lib/i386-linux-gnu/libXdamage.so.1.1.0
b3030000-b3031000 rw-p 00002000 08:01 395994     /usr/lib/i386-linux-gnu/libXdamage.so.1.1.0
b3031000-b3033000 r-xp 00000000 08:01 395990     /usr/lib/i386-linux-gnu/libXcomposite.so.1.0.0
b3033000-b3034000 r--p 00001000 08:01 395990     /usr/lib/i386-linux-gnu/libXcomposite.so.1.0.0
b3034000-b3035000 rw-p 00002000 08:01 395990     /usr/lib/i386-linux-gnu/libXcomposite.so.1.0.0
b3035000-b303e000 r-xp 00000000 08:01 395992     /usr/lib/i386-linux-gnu/libXcursor.so.1.0.2
b303e000-b303f000 r--p 00008000 08:01 395992     /usr/lib/i386-linux-gnu/libXcursor.so.1.0.2
b303f000-b3040000 rw-p 00009000 08:01 395992     /usr/lib/i386-linux-gnu/libXcursor.so.1.0.2
b3040000-b3049000 r-xp 00000000 08:01 396016     /usr/lib/i386-linux-gnu/libXrandr.so.2.2.0
b3049000-b304a000 r--p 00008000 08:01 396016     /usr/lib/i386-linux-gnu/libXrandr.so.2.2.0
b304a000-b304b000 rw-p 00009000 08:01 396016     /usr/lib/i386-linux-gnu/libXrandr.so.2.2.0
b304b000-b304d000 r-xp 00000000 08:01 396006     /usr/lib/i386-linux-gnu/libXinerama.so.1.0.0
b304d000-b304e000 r--p 00001000 08:01 396006     /usr/lib/i386-linux-gnu/libXinerama.so.1.0.0
b304e000-b304f000 rw-p 00002000 08:01 396006     /usr/lib/i386-linux-gnu/libXinerama.so.1.0.0
b304f000-b307c000 r-xp 00000000 08:01 396463     /usr/lib/i386-linux-gnu/libpangoft2-1.0.so.0.3000.1
b307c000-b307d000 r--p 0002c000 08:01 396463     /usr/lib/i386-linux-gnu/libpangoft2-1.0.so.0.3000.1
b307d000-b307e000 rw-p 0002d000 08:01 396463     /usr/lib/i386-linux-gnu/libpangoft2-1.0.so.0.3000.1
b307e000-b3184000 r-xp 00000000 08:01 396084     /usr/lib/i386-linux-gnu/libcairo.so.2.11200.2
b3184000-b3186000 r--p 00105000 08:01 396084     /usr/lib/i386-linux-gnu/libcairo.so.2.11200.2
b3186000-b3187000 rw-p 00107000 08:01 396084     /usr/lib/i386-linux-gnu/libcairo.so.2.11200.2
b3187000-b3188000 rw-p 00000000 00:00 0 
b3188000-b31a6000 r-xp 00000000 08:01 396054     /usr/lib/i386-linux-gnu/libatk-1.0.so.0.20609.1
b31a6000-b31a8000 r--p 0001d000 08:01 396054     /usr/lib/i386-linux-gnu/libatk-1.0.so.0.20609.1
b31a8000-b31a9000 rw-p 0001f000 08:01 396054     /usr/lib/i386-linux-gnu/libatk-1.0.so.0.20609.1
b31a9000-b31ae000 r-xp 00000000 08:01 396000     /usr/lib/i386-linux-gnu/libXfixes.so.3.1.0
b31ae000-b31af000 r--p 00004000 08:01 396000     /usr/lib/i386-linux-gnu/libXfixes.so.3.1.0
b31af000-b31b0000 rw-p 00005000 08:01 396000     /usr/lib/i386-linux-gnu/libXfixes.so.3.1.0
b31b0000-b31bb000 r-xp 00000000 08:01 396461     /usr/lib/i386-linux-gnu/libpangocairo-1.0.so.0.3000.1
b31bb000-b31bc000 r--p 0000a000 08:01 396461     /usr/lib/i386-linux-gnu/libpangocairo-1.0.so.0.3000.1
b31bc000-b31bd000 rw-p 0000b000 08:01 396461     /usr/lib/i386-linux-gnu/libpangocairo-1.0.so.0.3000.1
b31bd000-b31dd000 r-xp 00000000 08:01 393520     /usr/lib/i386-linux-gnu/libxcb.so.1.1.0
b31dd000-b31de000 r--p 0001f000 08:01 393520     /usr/lib/i386-linux-gnu/libxcb.so.1.1.0
b31de000-b31df000 rw-p 00020000 08:01 393520     /usr/lib/i386-linux-gnu/libxcb.so.1.1.0
b31df000-b3239000 r-xp 00000000 08:01 396108     /usr/lib/i386-linux-gnu/libcups.so.2
b3239000-b323a000 ---p 0005a000 08:01 396108     /usr/lib/i386-linux-gnu/libcups.so.2
b323a000-b323d000 r--p 0005a000 08:01 396108     /usr/lib/i386-linux-gnu/libcups.so.2
b323d000-b323e000 rw-p 0005d000 08:01 396108     /usr/lib/i386-linux-gnu/libcups.so.2
b323e000-b3337000 r-xp 00000000 08:01 263060     /lib/i386-linux-gnu/libglib-2.0.so.0.3400.0
b3337000-b3338000 r--p 000f9000 08:01 263060     /lib/i386-linux-gnu/libglib-2.0.so.0.3400.0
b3338000-b3339000 rw-p 000fa000 08:01 263060     /lib/i386-linux-gnu/libglib-2.0.so.0.3400.0
b3339000-b3387000 r-xp 00000000 08:01 396248     /usr/lib/i386-linux-gnu/libgobject-2.0.so.0.3400.0
b3387000-b3388000 r--p 0004d000 08:01 396248     /usr/lib/i386-linux-gnu/libgobject-2.0.so.0.3400.0
b3388000-b3389000 rw-p 0004e000 08:01 396248     /usr/lib/i386-linux-gnu/libgobject-2.0.so.0.3400.0
b3389000-b33bf000 r-xp 00000000 08:01 396176     /usr/lib/i386-linux-gnu/libfontconfig.so.1.6.2
b33bf000-b33c0000 r--p 00036000 08:01 396176     /usr/lib/i386-linux-gnu/libfontconfig.so.1.6.2
b33c0000-b33c1000 rw-p 00037000 08:01 396176     /usr/lib/i386-linux-gnu/libfontconfig.so.1.6.2
b33c1000-b3408000 r-xp 00000000 08:01 396459     /usr/lib/i386-linux-gnu/libpango-1.0.so.0.3000.1
b3408000-b3409000 r--p 00047000 08:01 396459     /usr/lib/i386-linux-gnu/libpango-1.0.so.0.3000.1
b3409000-b340a000 rw-p 00048000 08:01 396459     /usr/lib/i386-linux-gnu/libpango-1.0.so.0.3000.1
b340a000-b342a000 r-xp 00000000 08:01 396209     /usr/lib/i386-linux-gnu/libgdk_pixbuf-2.0.so.0.2600.4
b342a000-b342b000 r--p 0001f000 08:01 396209     /usr/lib/i386-linux-gnu/libgdk_pixbuf-2.0.so.0.2600.4
b342b000-b342c000 rw-p 00020000 08:01 396209     /usr/lib/i386-linux-gnu/libgdk_pixbuf-2.0.so.0.2600.4
b342c000-b3587000 r-xp 00000000 08:01 396224     /usr/lib/i386-linux-gnu/libgio-2.0.so.0.3400.0
b3587000-b3588000 ---p 0015b000 08:01 396224     /usr/lib/i386-linux-gnu/libgio-2.0.so.0.3400.0
b3588000-b358a000 r--p 0015b000 08:01 396224     /usr/lib/i386-linux-gnu/libgio-2.0.so.0.3400.0
b358a000-b358b000 rw-p 0015d000 08:01 396224     /usr/lib/i386-linux-gnu/libgio-2.0.so.0.3400.0
b358b000-b358c000 rw-p 00000000 00:00 0 
b358c000-b3637000 r-xp 00000000 08:01 396207     /usr/lib/i386-linux-gnu/libgdk-x11-2.0.so.0.2400.13
b3637000-b3639000 r--p 000ab000 08:01 396207     /usr/lib/i386-linux-gnu/libgdk-x11-2.0.so.0.2400.13
b3639000-b363a000 rw-p 000ad000 08:01 396207     /usr/lib/i386-linux-gnu/libgdk-x11-2.0.so.0.2400.13
b363a000-b3a9b000 r-xp 00000000 08:01 396309     /usr/lib/i386-linux-gnu/libgtk-x11-2.0.so.0.2400.13
b3a9b000-b3a9f000 r--p 00460000 08:01 396309     /usr/lib/i386-linux-gnu/libgtk-x11-2.0.so.0.2400.13
b3a9f000-b3aa1000 rw-p 00464000 08:01 396309     /usr/lib/i386-linux-gnu/libgtk-x11-2.0.so.0.2400.13
b3aa1000-b3aa3000 rw-p 00000000 00:00 0 
b3aa3000-b3ab1000 r-xp 00000000 08:01 396004     /usr/lib/i386-linux-gnu/libXi.so.6.1.0
b3ab1000-b3ab2000 r--p 0000d000 08:01 396004     /usr/lib/i386-linux-gnu/libXi.so.6.1.0
b3ab2000-b3ab3000 rw-p 0000e000 08:01 396004     /usr/lib/i386-linux-gnu/libXi.so.6.1.0
b3ab3000-b3be6000 r-xp 00000000 08:01 393522     /usr/lib/i386-linux-gnu/libX11.so.6.3.0
b3be6000-b3be7000 r--p 00132000 08:01 393522     /usr/lib/i386-linux-gnu/libX11.so.6.3.0
b3be7000-b3bea000 rw-p 00133000 08:01 393522     /usr/lib/i386-linux-gnu/libX11.so.6.3.0
b3bea000-b3c3c000 r-xp 00000000 08:01 305233     /usr/lib/jvm/java-7-openjdk-i386/jre/lib/i386/xawt/libmawt.so
b3c3c000-b3c3d000 r--p 00051000 08:01 305233     /usr/lib/jvm/java-7-openjdk-i386/jre/lib/i386/xawt/libmawt.so
b3c3d000-b3c3f000 rw-p 00052000 08:01 305233     /usr/lib/jvm/java-7-openjdk-i386/jre/lib/i386/xawt/libmawt.so
b3c3f000-b3c40000 rw-p 00000000 00:00 0 
b3c40000-b3cd4000 r-xp 00000000 08:01 304512     /usr/lib/jvm/java-7-openjdk-i386/jre/lib/i386/libawt.so
b3cd4000-b3cd5000 r--p 00093000 08:01 304512     /usr/lib/jvm/java-7-openjdk-i386/jre/lib/i386/libawt.so
b3cd5000-b3cdc000 rw-p 00094000 08:01 304512     /usr/lib/jvm/java-7-openjdk-i386/jre/lib/i386/libawt.so
b3cdc000-b3d00000 rw-p 00000000 00:00 0 
b3d00000-b3e00000 rw-p 00000000 00:00 0 
b3e03000-b3e04000 r-xp 00000000 08:01 396305     /usr/lib/i386-linux-gnu/libgthread-2.0.so.0.3400.0
b3e04000-b3e05000 r--p 00000000 08:01 396305     /usr/lib/i386-linux-gnu/libgthread-2.0.so.0.3400.0
b3e05000-b3e06000 rw-p 00001000 08:01 396305     /usr/lib/i386-linux-gnu/libgthread-2.0.so.0.3400.0
b3e06000-b3e0b000 r-xp 00000000 08:01 396024     /usr/lib/i386-linux-gnu/libXtst.so.6.1.0
b3e0b000-b3e0c000 r--p 00004000 08:01 396024     /usr/lib/i386-linux-gnu/libXtst.so.6.1.0
b3e0c000-b3e0d000 rw-p 00005000 08:01 396024     /usr/lib/i386-linux-gnu/libXtst.so.6.1.0
b3e0d000-b3e15000 r-xp 00000000 08:01 396018     /usr/lib/i386-linux-gnu/libXrender.so.1.3.0
b3e15000-b3e16000 r--p 00007000 08:01 396018     /usr/lib/i386-linux-gnu/libXrender.so.1.3.0
b3e16000-b3e17000 rw-p 00008000 08:01 396018     /usr/lib/i386-linux-gnu/libXrender.so.1.3.0
b3e17000-b3e27000 r-xp 00000000 08:01 395998     /usr/lib/i386-linux-gnu/libXext.so.6.4.0
b3e27000-b3e28000 r--p 0000f000 08:01 395998     /usr/lib/i386-linux-gnu/libXext.so.6.4.0
b3e28000-b3e29000 rw-p 00010000 08:01 395998     /usr/lib/i386-linux-gnu/libXext.so.6.4.0
b3e29000-b3e2a000 rw-p 00000000 00:00 0 
b3e2a000-b3e2b000 rwxp 00000000 00:00 0 
b3e2b000-b3e2c000 r-xp 00000000 08:01 395979     /usr/lib/i386-linux-gnu/libX11-xcb.so.1.0.0
b3e2c000-b3e2d000 r--p 00000000 08:01 395979     /usr/lib/i386-linux-gnu/libX11-xcb.so.1.0.0
b3e2d000-b3e2e000 rw-p 00001000 08:01 395979     /usr/lib/i386-linux-gnu/libX11-xcb.so.1.0.0
b3e2e000-b3e2f000 r-xp 00000000 08:01 304522     /usr/lib/jvm/java-7-openjdk-i386/jre/lib/i386/libjawt.so
b3e2f000-b3e30000 r--p 00000000 08:01 304522     /usr/lib/jvm/java-7-openjdk-i386/jre/lib/i386/libjawt.so
b3e30000-b3e31000 rw-p 00001000 08:01 304522     /usr/lib/jvm/java-7-openjdk-i386/jre/lib/i386/libjawt.so
b3e31000-b3e38000 r--s 00000000 08:01 397249     /usr/lib/i386-linux-gnu/gconv/gconv-modules.cache
b3e38000-b3e3a000 r--s 00005000 08:01 158434     /home/atra/Engine/lib/slf4j-api-1.7.5.jar
b3e3a000-b3e3e000 r--s 00034000 08:01 158425     /home/atra/Engine/lib/jbox2d-library-2.1.2.jar
b3e3e000-b3e40000 r--s 00045000 08:01 158435     /home/atra/Engine/lib/vecmath-1.3.1.jar
b3e40000-b3e41000 r--s 00001000 08:01 158428     /home/atra/Engine/lib/jutils-1.0.0.jar
b3e41000-b3e45000 r--s 0002f000 08:01 158426     /home/atra/Engine/lib/jinput-2.0.5.jar
b3e45000-b3e4e000 r--s 000bc000 08:01 304177     /usr/lib/jvm/java-7-openjdk-common/jre/lib/resources.jar
b3e4e000-b3e4f000 r--s 00000000 08:01 158424     /home/atra/Engine/lib/javax.inject-1.jar
b3e4f000-b3e5c000 r--s 000e6000 08:01 158431     /home/atra/Engine/lib/lwjgl.jar
b3e5c000-b3e5d000 ---p 00000000 00:00 0 
b3e5d000-b3edd000 rw-p 00000000 00:00 0          [stack:1665]
b3edd000-b3ee0000 ---p 00000000 00:00 0 
b3ee0000-b3f2e000 rw-p 00000000 00:00 0          [stack:1664]
b3f2e000-b3f31000 ---p 00000000 00:00 0 
b3f31000-b3faf000 rw-p 00000000 00:00 0          [stack:1663]
b3faf000-b3fb2000 ---p 00000000 00:00 0 
b3fb2000-b4000000 rw-p 00000000 00:00 0          [stack:1662]
b4000000-b4200000 r--p 00000000 08:01 398204     /usr/lib/locale/locale-archive
b4200000-b4221000 rw-p 00000000 00:00 0 
b4221000-b4300000 ---p 00000000 00:00 0 
b4300000-b4305000 r--s 00041000 08:01 158017     /home/atra/Engine/lib/commons-lang-2.6.jar
b4305000-b4308000 r--s 00015000 08:01 158429     /home/atra/Engine/lib/kouinject-1.2.jar
b4308000-b4316000 r--s 000e9000 08:01 158430     /home/atra/Engine/lib/lwjgl-debug.jar
b4316000-b431a000 r--s 00027000 08:01 158432     /home/atra/Engine/lib/lwjgl_util.jar
b431a000-b431f000 r--s 00030000 08:01 158427     /home/atra/Engine/lib/jinput.jar
b431f000-b4322000 r--s 0000e000 08:01 307649     /usr/share/java/hamcrest-core-1.2.jar
b4322000-b4325000 r--s 0000e000 08:01 307649     /usr/share/java/hamcrest-core-1.2.jar
b4325000-b432c000 r--s 00033000 08:01 307674     /usr/share/java/junit4-4.10.jar
b432c000-b432d000 r--s 00002000 08:01 304154     /usr/lib/jvm/java-7-openjdk-common/jre/lib/ext/dnsns.jar
b432d000-b432f000 r--s 00012000 08:01 304157     /usr/lib/jvm/java-7-openjdk-common/jre/lib/ext/zipfs.jar
b432f000-b4333000 r--s 00085000 08:01 304156     /usr/lib/jvm/java-7-openjdk-common/jre/lib/ext/localedata.jar
b4333000-b4336000 r--s 0000f000 08:01 304155     /usr/lib/jvm/java-7-openjdk-common/jre/lib/ext/pulse-java.jar
b4336000-b4338000 r--s 00006000 08:01 305221     /usr/share/java/java-atk-wrapper.jar
b4338000-b433b000 r--s 0003c000 08:01 304159     /usr/lib/jvm/java-7-openjdk-common/jre/lib/ext/sunpkcs11.jar
b433b000-b433e000 ---p 00000000 00:00 0 
b433e000-b438c000 rw-p 00000000 00:00 0          [stack:1661]
b438c000-b438f000 ---p 00000000 00:00 0 
b438f000-b43dd000 rw-p 00000000 00:00 0          [stack:1660]
b43dd000-b43de000 ---p 00000000 00:00 0 
b43de000-b44a6000 rw-p 00000000 00:00 0          [stack:1659]
b44a6000-b4653000 r--s 01cec000 08:01 304698     /usr/lib/jvm/java-7-openjdk-i386/jre/lib/rt.jar
b4653000-b4667000 rw-p 00000000 00:00 0 
b4667000-b4681000 rw-p 00000000 00:00 0 
b4681000-b4687000 rw-p 00000000 00:00 0 
b4687000-b4729000 rw-p 00000000 00:00 0 
b4729000-b472c000 rw-p 00000000 00:00 0 
b472c000-b477c000 rw-p 00000000 00:00 0 
b477c000-b4782000 rw-p 00000000 00:00 0 
b4782000-b4824000 rw-p 00000000 00:00 0 
b4824000-b482a000 rw-p 00000000 00:00 0 
b482a000-b4844000 rw-p 00000000 00:00 0 
b4844000-b4855000 rw-p 00000000 00:00 0 
b4855000-b48d0000 rw-p 00000000 00:00 0 
b48d0000-b4a08000 rwxp 00000000 00:00 0 
b4a08000-b68d0000 rw-p 00000000 00:00 0 
b68d0000-b68db000 r-xp 00000000 08:01 263095     /lib/i386-linux-gnu/libnss_files-2.15.so
b68db000-b68dc000 r--p 0000a000 08:01 263095     /lib/i386-linux-gnu/libnss_files-2.15.so
b68dc000-b68dd000 rw-p 0000b000 08:01 263095     /lib/i386-linux-gnu/libnss_files-2.15.so
b68dd000-b68f3000 r-xp 00000000 08:01 263089     /lib/i386-linux-gnu/libnsl-2.15.so
b68f3000-b68f4000 r--p 00015000 08:01 263089     /lib/i386-linux-gnu/libnsl-2.15.so
b68f4000-b68f5000 rw-p 00016000 08:01 263089     /lib/i386-linux-gnu/libnsl-2.15.so
b68f5000-b68f7000 rw-p 00000000 00:00 0 
b68f7000-b68fe000 r-xp 00000000 08:01 263091     /lib/i386-linux-gnu/libnss_compat-2.15.so
b68fe000-b68ff000 r--p 00006000 08:01 263091     /lib/i386-linux-gnu/libnss_compat-2.15.so
b68ff000-b6900000 rw-p 00007000 08:01 263091     /lib/i386-linux-gnu/libnss_compat-2.15.so
b6900000-b69fe000 rw-p 00000000 00:00 0 
b69fe000-b6a00000 ---p 00000000 00:00 0 
b6a00000-b6a01000 r--s 00001000 08:01 158433     /home/atra/Engine/lib/lzma.jar
b6a01000-b6a04000 r--s 00032000 08:01 304158     /usr/lib/jvm/java-7-openjdk-common/jre/lib/ext/sunjce_provider.jar
b6a04000-b6a0c000 r-xp 00000000 08:01 304546     /usr/lib/jvm/java-7-openjdk-i386/jre/lib/i386/libzip.so
b6a0c000-b6a0d000 r--p 00007000 08:01 304546     /usr/lib/jvm/java-7-openjdk-i386/jre/lib/i386/libzip.so
b6a0d000-b6a0e000 rw-p 00008000 08:01 304546     /usr/lib/jvm/java-7-openjdk-i386/jre/lib/i386/libzip.so
b6a0e000-b6a16000 rw-s 00000000 08:01 198        /tmp/hsperfdata_atra/1653
b6a16000-b6a3d000 r-xp 00000000 08:01 304514     /usr/lib/jvm/java-7-openjdk-i386/jre/lib/i386/libjava.so
b6a3d000-b6a3e000 r--p 00026000 08:01 304514     /usr/lib/jvm/java-7-openjdk-i386/jre/lib/i386/libjava.so
b6a3e000-b6a3f000 rw-p 00027000 08:01 304514     /usr/lib/jvm/java-7-openjdk-i386/jre/lib/i386/libjava.so
b6a3f000-b6a4c000 r-xp 00000000 08:01 304544     /usr/lib/jvm/java-7-openjdk-i386/jre/lib/i386/libverify.so
b6a4c000-b6a4d000 ---p 0000d000 08:01 304544     /usr/lib/jvm/java-7-openjdk-i386/jre/lib/i386/libverify.so
b6a4d000-b6a4e000 r--p 0000d000 08:01 304544     /usr/lib/jvm/java-7-openjdk-i386/jre/lib/i386/libverify.so
b6a4e000-b6a4f000 rw-p 0000e000 08:01 304544     /usr/lib/jvm/java-7-openjdk-i386/jre/lib/i386/libverify.so
b6a4f000-b6a56000 r-xp 00000000 08:01 263134     /lib/i386-linux-gnu/librt-2.15.so
b6a56000-b6a57000 r--p 00006000 08:01 263134     /lib/i386-linux-gnu/librt-2.15.so
b6a57000-b6a58000 rw-p 00007000 08:01 263134     /lib/i386-linux-gnu/librt-2.15.so
b6a58000-b6a5b000 ---p 00000000 00:00 0 
b6a5b000-b6aa9000 rw-p 00000000 00:00 0          [stack:1658]
b6aa9000-b6ac5000 r-xp 00000000 08:01 263056     /lib/i386-linux-gnu/libgcc_s.so.1
b6ac5000-b6ac6000 r--p 0001b000 08:01 263056     /lib/i386-linux-gnu/libgcc_s.so.1
b6ac6000-b6ac7000 rw-p 0001c000 08:01 263056     /lib/i386-linux-gnu/libgcc_s.so.1
b6ac7000-b6af1000 r-xp 00000000 08:01 263072     /lib/i386-linux-gnu/libm-2.15.so
b6af1000-b6af2000 r--p 00029000 08:01 263072     /lib/i386-linux-gnu/libm-2.15.so
b6af2000-b6af3000 rw-p 0002a000 08:01 263072     /lib/i386-linux-gnu/libm-2.15.so
b6af3000-b6bcf000 r-xp 00000000 08:01 396566     /usr/lib/i386-linux-gnu/libstdc++.so.6.0.17
b6bcf000-b6bd0000 ---p 000dc000 08:01 396566     /usr/lib/i386-linux-gnu/libstdc++.so.6.0.17
b6bd0000-b6bd4000 r--p 000dc000 08:01 396566     /usr/lib/i386-linux-gnu/libstdc++.so.6.0.17
b6bd4000-b6bd5000 rw-p 000e0000 08:01 396566     /usr/lib/i386-linux-gnu/libstdc++.so.6.0.17
b6bd5000-b6bdc000 rw-p 00000000 00:00 0 
b6bdc000-b718f000 r-xp 00000000 08:01 304582     /usr/lib/jvm/java-7-openjdk-i386/jre/lib/i386/client/libjvm.so
b718f000-b71a6000 r--p 005b2000 08:01 304582     /usr/lib/jvm/java-7-openjdk-i386/jre/lib/i386/client/libjvm.so
b71a6000-b71b5000 rw-p 005c9000 08:01 304582     /usr/lib/jvm/java-7-openjdk-i386/jre/lib/i386/client/libjvm.so
b71b5000-b75d0000 rw-p 00000000 00:00 0 
b75d0000-b75e7000 r-xp 00000000 08:01 263164     /lib/i386-linux-gnu/libz.so.1.2.7
b75e7000-b75e8000 r--p 00016000 08:01 263164     /lib/i386-linux-gnu/libz.so.1.2.7
b75e8000-b75e9000 rw-p 00017000 08:01 263164     /lib/i386-linux-gnu/libz.so.1.2.7
b75e9000-b7600000 r-xp 00000000 08:01 263126     /lib/i386-linux-gnu/libpthread-2.15.so
b7600000-b7601000 r--p 00016000 08:01 263126     /lib/i386-linux-gnu/libpthread-2.15.so
b7601000-b7602000 rw-p 00017000 08:01 263126     /lib/i386-linux-gnu/libpthread-2.15.so
b7602000-b7604000 rw-p 00000000 00:00 0 
b7604000-b7607000 r-xp 00000000 08:01 263046     /lib/i386-linux-gnu/libdl-2.15.so
b7607000-b7608000 r--p 00002000 08:01 263046     /lib/i386-linux-gnu/libdl-2.15.so
b7608000-b7609000 rw-p 00003000 08:01 263046     /lib/i386-linux-gnu/libdl-2.15.so
b7609000-b77ac000 r-xp 00000000 08:01 263031     /lib/i386-linux-gnu/libc-2.15.so
b77ac000-b77ad000 ---p 001a3000 08:01 263031     /lib/i386-linux-gnu/libc-2.15.so
b77ad000-b77af000 r--p 001a3000 08:01 263031     /lib/i386-linux-gnu/libc-2.15.so
b77af000-b77b0000 rw-p 001a5000 08:01 263031     /lib/i386-linux-gnu/libc-2.15.so
b77b0000-b77b3000 rw-p 00000000 00:00 0 
b77b3000-b77b4000 r--p 006e7000 08:01 398204     /usr/lib/locale/locale-archive
b77b4000-b77be000 r-xp 00000000 08:01 263099     /lib/i386-linux-gnu/libnss_nis-2.15.so
b77be000-b77bf000 r--p 00009000 08:01 263099     /lib/i386-linux-gnu/libnss_nis-2.15.so
b77bf000-b77c0000 rw-p 0000a000 08:01 263099     /lib/i386-linux-gnu/libnss_nis-2.15.so
b77c0000-b77c1000 rw-p 00000000 00:00 0 
b77c1000-b77c2000 r--p 00000000 00:00 0 
b77c2000-b77cf000 r-xp 00000000 08:01 304520     /usr/lib/jvm/java-7-openjdk-i386/jre/lib/i386/jli/libjli.so
b77cf000-b77d0000 r--p 0000c000 08:01 304520     /usr/lib/jvm/java-7-openjdk-i386/jre/lib/i386/jli/libjli.so
b77d0000-b77d1000 rw-p 0000d000 08:01 304520     /usr/lib/jvm/java-7-openjdk-i386/jre/lib/i386/jli/libjli.so
b77d1000-b77d4000 rw-p 00000000 00:00 0 
b77d4000-b77d5000 r-xp 00000000 00:00 0          [vdso]
b77d5000-b77f5000 r-xp 00000000 08:01 263009     /lib/i386-linux-gnu/ld-2.15.so
b77f5000-b77f6000 r--p 0001f000 08:01 263009     /lib/i386-linux-gnu/ld-2.15.so
b77f6000-b77f7000 rw-p 00020000 08:01 263009     /lib/i386-linux-gnu/ld-2.15.so
bf876000-bf897000 rw-p 00000000 00:00 0          [stack]

VM Arguments:
jvm_args: -Dfile.encoding=UTF-8 
java_command: gameoct.GameMain
Launcher Type: SUN_STANDARD

Environment Variables:
PATH=/usr/lib/lightdm/lightdm:/usr/local/sbin:/usr/local/bin:/usr/sbin:/usr/bin:/sbin:/bin:/usr/games:/usr/local/games
LD_LIBRARY_PATH=/usr/lib/jvm/java-7-openjdk-i386/jre/lib/i386/client:/usr/lib/jvm/java-7-openjdk-i386/jre/lib/i386:
SHELL=/bin/bash
DISPLAY=:0.0

Signal Handlers:
SIGSEGV: [libjvm.so+0x49b600], sa_mask[0]=0x7ffbfeff, sa_flags=0x10000004
SIGBUS: [libjvm.so+0x49b600], sa_mask[0]=0x7ffbfeff, sa_flags=0x10000004
SIGFPE: [libjvm.so+0x399dc0], sa_mask[0]=0x7ffbfeff, sa_flags=0x10000004
SIGPIPE: SIG_IGN, sa_mask[0]=0x00001000, sa_flags=0x10000000
SIGXFSZ: [libjvm.so+0x399dc0], sa_mask[0]=0x7ffbfeff, sa_flags=0x10000004
SIGILL: [libjvm.so+0x399dc0], sa_mask[0]=0x7ffbfeff, sa_flags=0x10000004
SIGUSR1: SIG_DFL, sa_mask[0]=0x00000000, sa_flags=0x00000000
SIGUSR2: [libjvm.so+0x399c70], sa_mask[0]=0x00000004, sa_flags=0x10000004
SIGHUP: [libjvm.so+0x39a200], sa_mask[0]=0x7ffbfeff, sa_flags=0x10000004
SIGINT: [swrast_dri.so+0x6a0ee0], sa_mask[0]=0x00000002, sa_flags=0x10000000
SIGTERM: [swrast_dri.so+0x6a0ee0], sa_mask[0]=0x00004000, sa_flags=0x10000000
SIGQUIT: [libjvm.so+0x39a200], sa_mask[0]=0x7ffbfeff, sa_flags=0x10000004


---------------  S Y S T E M  ---------------

OS:Ubuntu 12.10 (quantal)
uname:Linux 3.5.0-17-generic #28-Ubuntu SMP Tue Oct 9 19:32:08 UTC 2012 i686
libc:glibc 2.15 NPTL 2.15 
rlimit: STACK 8192k, CORE 0k, NPROC 7903, NOFILE 4096, AS infinity
load average:1,73 0,93 0,39

/proc/meminfo:
MemTotal:        1027104 kB
MemFree:          386412 kB
Buffers:           57560 kB
Cached:           265488 kB
SwapCached:            0 kB
Active:           351812 kB
Inactive:         220220 kB
Active(anon):     256816 kB
Inactive(anon):     2536 kB
Active(file):      94996 kB
Inactive(file):   217684 kB
Unevictable:       32504 kB
Mlocked:           32504 kB
HighTotal:        135112 kB
HighFree:           1776 kB
LowTotal:         891992 kB
LowFree:          384636 kB
SwapTotal:        522236 kB
SwapFree:         522236 kB
Dirty:                80 kB
Writeback:             0 kB
AnonPages:        281508 kB
Mapped:            74140 kB
Shmem:              3228 kB
Slab:              19784 kB
SReclaimable:      11068 kB
SUnreclaim:         8716 kB
KernelStack:        2512 kB
PageTables:         4344 kB
NFS_Unstable:          0 kB
Bounce:                0 kB
WritebackTmp:          0 kB
CommitLimit:     1035788 kB
Committed_AS:    1097328 kB
VmallocTotal:     122880 kB
VmallocUsed:       24480 kB
VmallocChunk:      97076 kB
HardwareCorrupted:     0 kB
AnonHugePages:         0 kB
HugePages_Total:       0
HugePages_Free:        0
HugePages_Rsvd:        0
HugePages_Surp:        0
Hugepagesize:       2048 kB
DirectMap4k:       24568 kB
DirectMap2M:      888832 kB


CPU:total 1 (1 cores per cpu, 1 threads per core) family 20 model 1 stepping 0, cmov, cx8, fxsr, mmx, sse, sse2, sse3, ssse3, tsc

/proc/cpuinfo:
processor	: 0
vendor_id	: AuthenticAMD
cpu family	: 20
model		: 1
model name	: AMD E-350 Processor
stepping	: 0
cpu MHz		: 1535.666
cache size	: 512 KB
fdiv_bug	: no
hlt_bug		: no
f00f_bug	: no
coma_bug	: no
fpu		: yes
fpu_exception	: yes
cpuid level	: 5
wp		: yes
flags		: fpu vme de pse tsc msr pae mce cx8 apic sep mtrr pge mca cmov pat pse36 clflush mmx fxsr sse sse2 syscall nx fxsr_opt rdtscp lm up extd_apicid pni monitor ssse3 lahf_lm cr8_legacy arat
bogomips	: 3071.33
clflush size	: 64
cache_alignment	: 64
address sizes	: 36 bits physical, 48 bits virtual
power management:



Memory: 4k page, physical 1027104k(386412k free), swap 522236k(522236k free)

vm_info: OpenJDK Client VM (23.7-b01) for linux-x86 JRE (1.7.0_25-b30), built on Jul  3 2013 14:00:01 by "buildd" with gcc 4.7.2

time: Fri Oct 25 09:43:42 2013
elapsed time: 30 seconds

