#
# A fatal error has been detected by the Java Runtime Environment:
#
#  SIGSEGV (0xb) at pc=0xb2647ee0, pid=2380, tid=3075393216
#
# JRE version: 7.0_25-b30
# Java VM: OpenJDK Client VM (23.7-b01 mixed mode, sharing linux-x86 )
# Problematic frame:
# C  [swrast_dri.so+0x6a0ee0]  _fini+0x3a6cfc
#
# Failed to write core dump. Core dumps have been disabled. To enable core dumping, try "ulimit -c unlimited" before starting Java again
#
# If you would like to submit a bug report, please include
# instructions on how to reproduce the bug and visit:
#   https://bugs.launchpad.net/ubuntu/+source/openjdk-7/
#

---------------  T H R E A D  ---------------

Current thread is native thread

siginfo:si_signo=SIGSEGV: si_errno=0, si_code=2 (SEGV_ACCERR), si_addr=0xb2647ee0

Registers:
EAX=0x0000000f, EBX=0xb69c6ba8, ECX=0x00000000, EDX=0x00000000
ESP=0xbfb11d2c, EBP=0xb69c6b40, ESI=0x00000000, EDI=0xb751f000
EIP=0xb2647ee0, EFLAGS=0x00010206, CR2=0xb2647ee0

Top of Stack: (sp=0xbfb11d2c)
0xbfb11d2c:   b76f2400 0000000f 00000033 00000000
0xbfb11d3c:   0000007b 0000007b b751f000 00000000
0xbfb11d4c:   b69c6b40 bfb12280 b69c6ba8 0000094e
0xbfb11d5c:   00000000 000000f0 0000000e 00000004
0xbfb11d6c:   b76f2422 00000073 00000206 bfb12280
0xbfb11d7c:   0000007b bfb12010 00000004 b64e3100
0xbfb11d8c:   00000000 0001f530 00000000 000000ff
0xbfb11d9c:   b759d5e9 0000005e 0000006e 00000077 

Instructions: (pc=0xb2647ee0)
0xb2647ec0:   00 00 00 00 00 00 00 00 00 00 00 00 00 00 00 00
0xb2647ed0:   00 00 00 00 00 00 00 00 00 00 00 00 00 00 00 00
0xb2647ee0:   00 00 00 00 00 00 00 00 00 00 00 00 00 00 00 00
0xb2647ef0:   00 00 00 00 00 00 00 00 00 00 00 00 00 00 00 00 

Register to memory mapping:

EAX=0x0000000f is an unknown value
EBX=0xb69c6ba8 is pointing into the stack for thread: 0xb6806c00
ECX=0x00000000 is an unknown value
EDX=0x00000000 is an unknown value
ESP=0xbfb11d2c is an unknown value
EBP=0xb69c6b40 is pointing into the stack for thread: 0xb6806c00
ESI=0x00000000 is an unknown value
EDI=0xb751f000: <offset 0x18000> in /lib/i386-linux-gnu/libpthread.so.0 at 0xb7507000


Stack: [0xbfac9000,0xbfb19000],  sp=0xbfb11d2c,  free space=291k
Native frames: (J=compiled Java code, j=interpreted, Vv=VM code, C=native code)
C  [swrast_dri.so+0x6a0ee0]  _fini+0x3a6cfc


---------------  P R O C E S S  ---------------

VM state:not at safepoint (normal execution)

VM Mutex/Monitor currently owned by a thread: None

Heap
 def new generation   total 4800K, used 3430K [0x6f400000, 0x6f930000, 0x79b50000)
  eden space 4288K,  68% used [0x6f400000, 0x6f6d9b58, 0x6f830000)
  from space 512K, 100% used [0x6f830000, 0x6f8b0000, 0x6f8b0000)
  to   space 512K,   0% used [0x6f8b0000, 0x6f8b0000, 0x6f930000)
 tenured generation   total 10752K, used 1325K [0x79b50000, 0x7a5d0000, 0x8ea00000)
   the space 10752K,  12% used [0x79b50000, 0x79c9b610, 0x79c9b800, 0x7a5d0000)
 compacting perm gen  total 12288K, used 1959K [0x8ea00000, 0x8f600000, 0x92a00000)
   the space 12288K,  15% used [0x8ea00000, 0x8ebe9ff0, 0x8ebea000, 0x8f600000)
    ro space 10240K,  60% used [0x92a00000, 0x9300c968, 0x9300ca00, 0x93400000)
    rw space 12288K,  61% used [0x93400000, 0x93b662d8, 0x93b66400, 0x94000000)

Card table byte_map: [0xb4642000,0xb4769000] byte_map_base: 0xb42c8000

Polling page: 0xb76df000

Code Cache  [0xb47e9000, 0xb4921000, 0xb67e9000)
 total_blobs=629 nmethods=365 adapters=199 free_code_cache=31547Kb largest_free_block=32303872

Compilation events (10 events):
Event: 10,674 Thread 0xb6841c00  361             sun.awt.SunToolkit::awtUnlock (7 bytes)
Event: 10,678 Thread 0xb6841c00 nmethod 361 0xb4918888 code [0xb4918990, 0xb4918a2c]
Event: 11,338 Thread 0xb6841c00  362             java.util.ArrayList::<init> (44 bytes)
Event: 11,338 Thread 0xb6841c00 nmethod 362 0xb4918b08 code [0xb4918c70, 0xb4918f78]
Event: 11,903 Thread 0xb6841c00  363   !         org.lwjgl.opengl.LinuxDisplay::lockAWT (30 bytes)
Event: 11,903 Thread 0xb6841c00 nmethod 363 0xb4919148 code [0xb49192b0, 0xb4919504]
Event: 11,907 Thread 0xb6841c00  365   !         org.lwjgl.opengl.LinuxDisplay::unlockAWT (30 bytes)
Event: 11,907 Thread 0xb6841c00 nmethod 365 0xb4919908 code [0xb4919a70, 0xb4919cc4]
Event: 13,368 Thread 0xb6841c00  367             java.nio.DirectIntBufferU::ix (10 bytes)
Event: 13,368 Thread 0xb6841c00 nmethod 367 0xb491a0c8 code [0xb491a1c0, 0xb491a250]

GC Heap History (4 events):
Event: 0,941 GC heap before
{Heap before GC invocations=0 (full 0):
 def new generation   total 4800K, used 4288K [0x6f400000, 0x6f930000, 0x79b50000)
  eden space 4288K, 100% used [0x6f400000, 0x6f830000, 0x6f830000)
  from space 512K,   0% used [0x6f830000, 0x6f830000, 0x6f8b0000)
  to   space 512K,   0% used [0x6f8b0000, 0x6f8b0000, 0x6f930000)
 tenured generation   total 10752K, used 0K [0x79b50000, 0x7a5d0000, 0x8ea00000)
   the space 10752K,   0% used [0x79b50000, 0x79b50000, 0x79b50200, 0x7a5d0000)
 compacting perm gen  total 12288K, used 832K [0x8ea00000, 0x8f600000, 0x92a00000)
   the space 12288K,   6% used [0x8ea00000, 0x8ead0120, 0x8ead0200, 0x8f600000)
    ro space 10240K,  60% used [0x92a00000, 0x9300c968, 0x9300ca00, 0x93400000)
    rw space 12288K,  61% used [0x93400000, 0x93b662d8, 0x93b66400, 0x94000000)
Event: 0,957 GC heap after
Heap after GC invocations=1 (full 0):
 def new generation   total 4800K, used 512K [0x6f400000, 0x6f930000, 0x79b50000)
  eden space 4288K,   0% used [0x6f400000, 0x6f400000, 0x6f830000)
  from space 512K, 100% used [0x6f8b0000, 0x6f930000, 0x6f930000)
  to   space 512K,   0% used [0x6f830000, 0x6f830000, 0x6f8b0000)
 tenured generation   total 10752K, used 394K [0x79b50000, 0x7a5d0000, 0x8ea00000)
   the space 10752K,   3% used [0x79b50000, 0x79bb2bf0, 0x79bb2c00, 0x7a5d0000)
 compacting perm gen  total 12288K, used 832K [0x8ea00000, 0x8f600000, 0x92a00000)
   the space 12288K,   6% used [0x8ea00000, 0x8ead0120, 0x8ead0200, 0x8f600000)
    ro space 10240K,  60% used [0x92a00000, 0x9300c968, 0x9300ca00, 0x93400000)
    rw space 12288K,  61% used [0x93400000, 0x93b662d8, 0x93b66400, 0x94000000)
}
Event: 2,269 GC heap before
{Heap before GC invocations=1 (full 0):
 def new generation   total 4800K, used 4800K [0x6f400000, 0x6f930000, 0x79b50000)
  eden space 4288K, 100% used [0x6f400000, 0x6f830000, 0x6f830000)
  from space 512K, 100% used [0x6f8b0000, 0x6f930000, 0x6f930000)
  to   space 512K,   0% used [0x6f830000, 0x6f830000, 0x6f8b0000)
 tenured generation   total 10752K, used 394K [0x79b50000, 0x7a5d0000, 0x8ea00000)
   the space 10752K,   3% used [0x79b50000, 0x79bb2bf0, 0x79bb2c00, 0x7a5d0000)
 compacting perm gen  total 12288K, used 1896K [0x8ea00000, 0x8f600000, 0x92a00000)
   the space 12288K,  15% used [0x8ea00000, 0x8ebda0e0, 0x8ebda200, 0x8f600000)
    ro space 10240K,  60% used [0x92a00000, 0x9300c968, 0x9300ca00, 0x93400000)
    rw space 12288K,  61% used [0x93400000, 0x93b662d8, 0x93b66400, 0x94000000)
Event: 2,293 GC heap after
Heap after GC invocations=2 (full 0):
 def new generation   total 4800K, used 512K [0x6f400000, 0x6f930000, 0x79b50000)
  eden space 4288K,   0% used [0x6f400000, 0x6f400000, 0x6f830000)
  from space 512K, 100% used [0x6f830000, 0x6f8b0000, 0x6f8b0000)
  to   space 512K,   0% used [0x6f8b0000, 0x6f8b0000, 0x6f930000)
 tenured generation   total 10752K, used 1325K [0x79b50000, 0x7a5d0000, 0x8ea00000)
   the space 10752K,  12% used [0x79b50000, 0x79c9b610, 0x79c9b800, 0x7a5d0000)
 compacting perm gen  total 12288K, used 1896K [0x8ea00000, 0x8f600000, 0x92a00000)
   the space 12288K,  15% used [0x8ea00000, 0x8ebda0e0, 0x8ebda200, 0x8f600000)
    ro space 10240K,  60% used [0x92a00000, 0x9300c968, 0x9300ca00, 0x93400000)
    rw space 12288K,  61% used [0x93400000, 0x93b662d8, 0x93b66400, 0x94000000)
}

Deoptimization events (0 events):
No events

Internal exceptions (10 events):
Event: 2,417 Thread 0xb6806c00 Threw 0x6f439f40 at /build/buildd/openjdk-7-7u25-2.3.10/build/openjdk/hotspot/src/share/vm/prims/jvm.cpp:1235
Event: 2,417 Thread 0xb6806c00 Threw 0x6f43d740 at /build/buildd/openjdk-7-7u25-2.3.10/build/openjdk/hotspot/src/share/vm/prims/jvm.cpp:1235
Event: 2,417 Thread 0xb6806c00 Threw 0x6f441b00 at /build/buildd/openjdk-7-7u25-2.3.10/build/openjdk/hotspot/src/share/vm/prims/jvm.cpp:1235
Event: 2,561 Thread 0xb6806c00 Threw 0x6f4dba50 at /build/buildd/openjdk-7-7u25-2.3.10/build/openjdk/hotspot/src/share/vm/prims/jvm.cpp:1235
Event: 2,726 Thread 0xb6806c00 Threw 0x6f4f9cb8 at /build/buildd/openjdk-7-7u25-2.3.10/build/openjdk/hotspot/src/share/vm/prims/jvm.cpp:1235
Event: 2,734 Thread 0xb6806c00 Threw 0x6f5016e8 at /build/buildd/openjdk-7-7u25-2.3.10/build/openjdk/hotspot/src/share/vm/prims/jvm.cpp:1235
Event: 2,734 Thread 0xb6806c00 Threw 0x6f504db8 at /build/buildd/openjdk-7-7u25-2.3.10/build/openjdk/hotspot/src/share/vm/prims/jvm.cpp:1235
Event: 2,806 Thread 0xb6806c00 Threw 0x6f514ea8 at /build/buildd/openjdk-7-7u25-2.3.10/build/openjdk/hotspot/src/share/vm/prims/jvm.cpp:1235
Event: 6,484 Thread 0xb6806c00 Threw 0x6f5ccb58 at /build/buildd/openjdk-7-7u25-2.3.10/build/openjdk/hotspot/src/share/vm/prims/jvm.cpp:1235
Event: 6,488 Thread 0xb6806c00 Threw 0x6f5d1858 at /build/buildd/openjdk-7-7u25-2.3.10/build/openjdk/hotspot/src/share/vm/prims/jvm.cpp:1235

Events (10 events):
Event: 4,430 Executing VM operation: EnableBiasedLocking
Event: 4,430 Executing VM operation: EnableBiasedLocking done
Event: 4,491 Thread 0xb6841c00 flushing nmethod 0xb4898808
Event: 4,491 Thread 0xb6841c00 flushing nmethod 0xb4898b88
Event: 4,491 Thread 0xb6841c00 flushing nmethod 0xb4899d08
Event: 6,484 loading class 0xb3c6b418
Event: 6,484 loading class 0xb3c6b418 done
Event: 6,488 loading class 0xb3c76868
Event: 6,488 loading class 0xb3c76868 done
Event: 7,596 Thread 0xb6841c00 flushing nmethod 0xb4896808


Dynamic libraries:
08048000-08049000 r-xp 00000000 08:01 304490     /usr/lib/jvm/java-7-openjdk-i386/jre/bin/java
08049000-0804a000 r--p 00000000 08:01 304490     /usr/lib/jvm/java-7-openjdk-i386/jre/bin/java
0804a000-0804b000 rw-p 00001000 08:01 304490     /usr/lib/jvm/java-7-openjdk-i386/jre/bin/java
09855000-09974000 rw-p 00000000 00:00 0          [heap]
6f400000-6f930000 rw-p 00000000 00:00 0 
6f930000-79b50000 rw-p 00000000 00:00 0 
79b50000-7a5d0000 rw-p 00000000 00:00 0 
7a5d0000-8ea00000 rw-p 00000000 00:00 0 
8ea00000-8f600000 rw-p 00000000 00:00 0 
8f600000-92a00000 rw-p 00000000 00:00 0 
92a00000-9300d000 r--p 00001000 08:01 309004     /usr/lib/jvm/java-7-openjdk-i386/jre/lib/i386/client/classes.jsa
9300d000-93400000 rw-p 00000000 00:00 0 
93400000-93b67000 rw-p 0060e000 08:01 309004     /usr/lib/jvm/java-7-openjdk-i386/jre/lib/i386/client/classes.jsa
93b67000-94000000 rw-p 00000000 00:00 0 
94000000-9431a000 rw-p 00d75000 08:01 309004     /usr/lib/jvm/java-7-openjdk-i386/jre/lib/i386/client/classes.jsa
9431a000-94400000 rw-p 00000000 00:00 0 
94400000-94409000 r-xp 0108f000 08:01 309004     /usr/lib/jvm/java-7-openjdk-i386/jre/lib/i386/client/classes.jsa
94409000-94800000 rw-p 00000000 00:00 0 
af7f7000-b01f7000 rwxp 00000000 00:00 0 
b01f7000-b0400000 rw-p 00000000 00:00 0 
b0400000-b04ee000 rw-p 00000000 00:00 0 
b04ee000-b0500000 ---p 00000000 00:00 0 
b0500000-b0600000 rwxp 00000000 00:00 0 
b0600000-b0700000 rw-p 00000000 00:00 0 
b0777000-b07f7000 rwxp 00000000 00:00 0 
b07f7000-b0a00000 rw-p 00000000 00:00 0 
b0a00000-b0b00000 rw-p 00000000 00:00 0 
b0b23000-b0b7a000 rw-p 00000000 00:00 0 
b0b9c000-b0c3e000 rw-p 00000000 00:00 0 
b0c3e000-b0c6e000 r-xp 00000000 08:01 396598     /usr/lib/i386-linux-gnu/libtxc_dxtn_s2tc.so.0.0.0
b0c6e000-b0c6f000 r--p 0002f000 08:01 396598     /usr/lib/i386-linux-gnu/libtxc_dxtn_s2tc.so.0.0.0
b0c6f000-b0c70000 rw-p 00030000 08:01 396598     /usr/lib/i386-linux-gnu/libtxc_dxtn_s2tc.so.0.0.0
b0c70000-b1f0a000 r-xp 00000000 08:01 395975     /usr/lib/i386-linux-gnu/libLLVM-3.1.so.1
b1f0a000-b1f9c000 r--p 01299000 08:01 395975     /usr/lib/i386-linux-gnu/libLLVM-3.1.so.1
b1f9c000-b1f9f000 rw-p 0132b000 08:01 395975     /usr/lib/i386-linux-gnu/libLLVM-3.1.so.1
b1f9f000-b1fa7000 rw-p 00000000 00:00 0 
b1fa7000-b240b000 r-xp 00000000 08:01 396770     /usr/lib/i386-linux-gnu/dri/swrast_dri.so
b240b000-b241c000 r--p 00464000 08:01 396770     /usr/lib/i386-linux-gnu/dri/swrast_dri.so
b241c000-b2420000 rw-p 00475000 08:01 396770     /usr/lib/i386-linux-gnu/dri/swrast_dri.so
b2420000-b2700000 rw-p 00000000 00:00 0 
b2700000-b27fc000 rw-p 00000000 00:00 0 
b27fc000-b2800000 ---p 00000000 00:00 0 
b282d000-b2838000 r-xp 00000000 08:01 396141     /usr/lib/i386-linux-gnu/libdrm.so.2.4.0
b2838000-b2839000 r--p 0000a000 08:01 396141     /usr/lib/i386-linux-gnu/libdrm.so.2.4.0
b2839000-b283a000 rw-p 0000b000 08:01 396141     /usr/lib/i386-linux-gnu/libdrm.so.2.4.0
b283a000-b2850000 r-xp 00000000 08:01 396640     /usr/lib/i386-linux-gnu/libxcb-glx.so.0.0.0
b2850000-b2851000 r--p 00016000 08:01 396640     /usr/lib/i386-linux-gnu/libxcb-glx.so.0.0.0
b2851000-b2852000 rw-p 00017000 08:01 396640     /usr/lib/i386-linux-gnu/libxcb-glx.so.0.0.0
b2852000-b2861000 r-xp 00000000 08:01 396230     /usr/lib/i386-linux-gnu/libglapi.so.0.0.0
b2861000-b2863000 r--p 0000f000 08:01 396230     /usr/lib/i386-linux-gnu/libglapi.so.0.0.0
b2863000-b2868000 rwxp 00011000 08:01 396230     /usr/lib/i386-linux-gnu/libglapi.so.0.0.0
b2868000-b28bf000 r-xp 00000000 08:01 397601     /usr/lib/i386-linux-gnu/mesa/libGL.so.1.2.0
b28bf000-b28c1000 r--p 00056000 08:01 397601     /usr/lib/i386-linux-gnu/mesa/libGL.so.1.2.0
b28c1000-b28c6000 rwxp 00058000 08:01 397601     /usr/lib/i386-linux-gnu/mesa/libGL.so.1.2.0
b28d5000-b28d9000 r-xp 00000000 08:01 396030     /usr/lib/i386-linux-gnu/libXxf86vm.so.1.0.0
b28d9000-b28da000 r--p 00003000 08:01 396030     /usr/lib/i386-linux-gnu/libXxf86vm.so.1.0.0
b28da000-b28db000 rw-p 00004000 08:01 396030     /usr/lib/i386-linux-gnu/libXxf86vm.so.1.0.0
b28db000-b28de000 ---p 00000000 00:00 0 
b28de000-b28ea000 rw-p 00000000 00:00 0          [stack:2397]
b28ea000-b2944000 r-xp 00000000 08:01 158246     /home/atra/Engine/native/linux/liblwjgl.so
b2944000-b2945000 r--p 0005a000 08:01 158246     /home/atra/Engine/native/linux/liblwjgl.so
b2945000-b2946000 rw-p 0005b000 08:01 158246     /home/atra/Engine/native/linux/liblwjgl.so
b2946000-b2949000 ---p 00000000 00:00 0 
b2949000-b2997000 rw-p 00000000 00:00 0          [stack:2395]
b2997000-b299a000 ---p 00000000 00:00 0 
b299a000-b29e8000 rw-p 00000000 00:00 0          [stack:2394]
b29e8000-b2a0d000 r--p 00000000 08:01 288543     /usr/share/locale-langpack/fr/LC_MESSAGES/libc.mo
b2a0d000-b2a10000 r-xp 00000000 08:01 263062     /lib/i386-linux-gnu/libgpg-error.so.0.8.0
b2a10000-b2a11000 r--p 00002000 08:01 263062     /lib/i386-linux-gnu/libgpg-error.so.0.8.0
b2a11000-b2a12000 rw-p 00003000 08:01 263062     /lib/i386-linux-gnu/libgpg-error.so.0.8.0
b2a12000-b2a14000 r-xp 00000000 08:01 263069     /lib/i386-linux-gnu/libkeyutils.so.1.4
b2a14000-b2a15000 r--p 00002000 08:01 263069     /lib/i386-linux-gnu/libkeyutils.so.1.4
b2a15000-b2a16000 rw-p 00003000 08:01 263069     /lib/i386-linux-gnu/libkeyutils.so.1.4
b2a16000-b2a5e000 r-xp 00000000 08:01 263043     /lib/i386-linux-gnu/libdbus-1.so.3.7.2
b2a5e000-b2a5f000 r--p 00047000 08:01 263043     /lib/i386-linux-gnu/libdbus-1.so.3.7.2
b2a5f000-b2a60000 rw-p 00048000 08:01 263043     /lib/i386-linux-gnu/libdbus-1.so.3.7.2
b2a60000-b2a72000 r-xp 00000000 08:01 396453     /usr/lib/i386-linux-gnu/libp11-kit.so.0.0.0
b2a72000-b2a73000 r--p 00011000 08:01 396453     /usr/lib/i386-linux-gnu/libp11-kit.so.0.0.0
b2a73000-b2a74000 rw-p 00012000 08:01 396453     /usr/lib/i386-linux-gnu/libp11-kit.so.0.0.0
b2a74000-b2af5000 r-xp 00000000 08:01 263058     /lib/i386-linux-gnu/libgcrypt.so.11.7.0
b2af5000-b2af6000 r--p 00080000 08:01 263058     /lib/i386-linux-gnu/libgcrypt.so.11.7.0
b2af6000-b2af8000 rw-p 00081000 08:01 263058     /lib/i386-linux-gnu/libgcrypt.so.11.7.0
b2af8000-b2b08000 r-xp 00000000 08:01 396574     /usr/lib/i386-linux-gnu/libtasn1.so.3.1.16
b2b08000-b2b09000 r--p 0000f000 08:01 396574     /usr/lib/i386-linux-gnu/libtasn1.so.3.1.16
b2b09000-b2b0a000 rw-p 00010000 08:01 396574     /usr/lib/i386-linux-gnu/libtasn1.so.3.1.16
b2b0a000-b2b11000 r-xp 00000000 08:01 396386     /usr/lib/i386-linux-gnu/libkrb5support.so.0.1
b2b11000-b2b12000 r--p 00006000 08:01 396386     /usr/lib/i386-linux-gnu/libkrb5support.so.0.1
b2b12000-b2b13000 rw-p 00007000 08:01 396386     /usr/lib/i386-linux-gnu/libkrb5support.so.0.1
b2b13000-b2b16000 r-xp 00000000 08:01 263038     /lib/i386-linux-gnu/libcom_err.so.2.1
b2b16000-b2b17000 r--p 00002000 08:01 263038     /lib/i386-linux-gnu/libcom_err.so.2.1
b2b17000-b2b18000 rw-p 00003000 08:01 263038     /lib/i386-linux-gnu/libcom_err.so.2.1
b2b18000-b2b3e000 r-xp 00000000 08:01 396378     /usr/lib/i386-linux-gnu/libk5crypto.so.3.1
b2b3e000-b2b3f000 r--p 00026000 08:01 396378     /usr/lib/i386-linux-gnu/libk5crypto.so.3.1
b2b3f000-b2b40000 rw-p 00027000 08:01 396378     /usr/lib/i386-linux-gnu/libk5crypto.so.3.1
b2b40000-b2c07000 r-xp 00000000 08:01 396384     /usr/lib/i386-linux-gnu/libkrb5.so.3.3
b2c07000-b2c0d000 r--p 000c6000 08:01 396384     /usr/lib/i386-linux-gnu/libkrb5.so.3.3
b2c0d000-b2c0e000 rw-p 000cc000 08:01 396384     /usr/lib/i386-linux-gnu/libkrb5.so.3.3
b2c0e000-b2c16000 r-xp 00000000 08:01 396642     /usr/lib/i386-linux-gnu/libxcb-render.so.0.0.0
b2c16000-b2c17000 r--p 00008000 08:01 396642     /usr/lib/i386-linux-gnu/libxcb-render.so.0.0.0
b2c17000-b2c18000 rw-p 00009000 08:01 396642     /usr/lib/i386-linux-gnu/libxcb-render.so.0.0.0
b2c18000-b2c1a000 r-xp 00000000 08:01 396646     /usr/lib/i386-linux-gnu/libxcb-shm.so.0.0.0
b2c1a000-b2c1b000 r--p 00001000 08:01 396646     /usr/lib/i386-linux-gnu/libxcb-shm.so.0.0.0
b2c1b000-b2c1c000 rw-p 00002000 08:01 396646     /usr/lib/i386-linux-gnu/libxcb-shm.so.0.0.0
b2c1c000-b2c43000 r-xp 00000000 08:01 263121     /lib/i386-linux-gnu/libpng12.so.0.49.0
b2c43000-b2c44000 r--p 00026000 08:01 263121     /lib/i386-linux-gnu/libpng12.so.0.49.0
b2c44000-b2c45000 rw-p 00027000 08:01 263121     /lib/i386-linux-gnu/libpng12.so.0.49.0
b2c45000-b2cd7000 r-xp 00000000 08:01 396481     /usr/lib/i386-linux-gnu/libpixman-1.so.0.26.0
b2cd7000-b2cdb000 r--p 00092000 08:01 396481     /usr/lib/i386-linux-gnu/libpixman-1.so.0.26.0
b2cdb000-b2cdc000 rw-p 00096000 08:01 396481     /usr/lib/i386-linux-gnu/libpixman-1.so.0.26.0
b2cdc000-b2ce1000 r-xp 00000000 08:01 395996     /usr/lib/i386-linux-gnu/libXdmcp.so.6.0.0
b2ce1000-b2ce2000 r--p 00004000 08:01 395996     /usr/lib/i386-linux-gnu/libXdmcp.so.6.0.0
b2ce2000-b2ce3000 rw-p 00005000 08:01 395996     /usr/lib/i386-linux-gnu/libXdmcp.so.6.0.0
b2ce3000-b2ce5000 r-xp 00000000 08:01 395985     /usr/lib/i386-linux-gnu/libXau.so.6.0.0
b2ce5000-b2ce6000 r--p 00001000 08:01 395985     /usr/lib/i386-linux-gnu/libXau.so.6.0.0
b2ce6000-b2ce7000 rw-p 00002000 08:01 395985     /usr/lib/i386-linux-gnu/libXau.so.6.0.0
b2ce7000-b2cf7000 r-xp 00000000 08:01 396062     /usr/lib/i386-linux-gnu/libavahi-client.so.3.2.9
b2cf7000-b2cf8000 r--p 0000f000 08:01 396062     /usr/lib/i386-linux-gnu/libavahi-client.so.3.2.9
b2cf8000-b2cf9000 rw-p 00010000 08:01 396062     /usr/lib/i386-linux-gnu/libavahi-client.so.3.2.9
b2cf9000-b2d05000 r-xp 00000000 08:01 396064     /usr/lib/i386-linux-gnu/libavahi-common.so.3.5.3
b2d05000-b2d06000 r--p 0000b000 08:01 396064     /usr/lib/i386-linux-gnu/libavahi-common.so.3.5.3
b2d06000-b2d07000 rw-p 0000c000 08:01 396064     /usr/lib/i386-linux-gnu/libavahi-common.so.3.5.3
b2d07000-b2dc6000 r-xp 00000000 08:01 396246     /usr/lib/i386-linux-gnu/libgnutls.so.26.21.8
b2dc6000-b2dca000 r--p 000be000 08:01 396246     /usr/lib/i386-linux-gnu/libgnutls.so.26.21.8
b2dca000-b2dcb000 rw-p 000c2000 08:01 396246     /usr/lib/i386-linux-gnu/libgnutls.so.26.21.8
b2dcb000-b2e06000 r-xp 00000000 08:01 396261     /usr/lib/i386-linux-gnu/libgssapi_krb5.so.2.2
b2e06000-b2e07000 r--p 0003a000 08:01 396261     /usr/lib/i386-linux-gnu/libgssapi_krb5.so.2.2
b2e07000-b2e08000 rw-p 0003b000 08:01 396261     /usr/lib/i386-linux-gnu/libgssapi_krb5.so.2.2
b2e08000-b2e46000 r-xp 00000000 08:01 263117     /lib/i386-linux-gnu/libpcre.so.3.13.1
b2e46000-b2e47000 r--p 0003d000 08:01 263117     /lib/i386-linux-gnu/libpcre.so.3.13.1
b2e47000-b2e48000 rw-p 0003e000 08:01 263117     /lib/i386-linux-gnu/libpcre.so.3.13.1
b2e48000-b2e4d000 r-xp 00000000 08:01 396171     /usr/lib/i386-linux-gnu/libffi.so.6.0.0
b2e4d000-b2e4e000 r--p 00005000 08:01 396171     /usr/lib/i386-linux-gnu/libffi.so.6.0.0
b2e4e000-b2e4f000 rw-p 00006000 08:01 396171     /usr/lib/i386-linux-gnu/libffi.so.6.0.0
b2e4f000-b2e74000 r-xp 00000000 08:01 263051     /lib/i386-linux-gnu/libexpat.so.1.6.0
b2e74000-b2e76000 r--p 00025000 08:01 263051     /lib/i386-linux-gnu/libexpat.so.1.6.0
b2e76000-b2e77000 rw-p 00027000 08:01 263051     /lib/i386-linux-gnu/libexpat.so.1.6.0
b2e77000-b2f0c000 r-xp 00000000 08:01 396188     /usr/lib/i386-linux-gnu/libfreetype.so.6.9.0
b2f0c000-b2f10000 r--p 00094000 08:01 396188     /usr/lib/i386-linux-gnu/libfreetype.so.6.9.0
b2f10000-b2f11000 rw-p 00098000 08:01 396188     /usr/lib/i386-linux-gnu/libfreetype.so.6.9.0
b2f11000-b2f24000 r-xp 00000000 08:01 263132     /lib/i386-linux-gnu/libresolv-2.15.so
b2f24000-b2f25000 r--p 00013000 08:01 263132     /lib/i386-linux-gnu/libresolv-2.15.so
b2f25000-b2f26000 rw-p 00014000 08:01 263132     /lib/i386-linux-gnu/libresolv-2.15.so
b2f26000-b2f28000 rw-p 00000000 00:00 0 
b2f28000-b2f45000 r-xp 00000000 08:01 263136     /lib/i386-linux-gnu/libselinux.so.1
b2f45000-b2f46000 r--p 0001c000 08:01 263136     /lib/i386-linux-gnu/libselinux.so.1
b2f46000-b2f47000 rw-p 0001d000 08:01 263136     /lib/i386-linux-gnu/libselinux.so.1
b2f47000-b2f4a000 r-xp 00000000 08:01 396236     /usr/lib/i386-linux-gnu/libgmodule-2.0.so.0.3400.0
b2f4a000-b2f4b000 r--p 00002000 08:01 396236     /usr/lib/i386-linux-gnu/libgmodule-2.0.so.0.3400.0
b2f4b000-b2f4c000 rw-p 00003000 08:01 396236     /usr/lib/i386-linux-gnu/libgmodule-2.0.so.0.3400.0
b2f4c000-b2f55000 r-xp 00000000 08:01 395992     /usr/lib/i386-linux-gnu/libXcursor.so.1.0.2
b2f55000-b2f56000 r--p 00008000 08:01 395992     /usr/lib/i386-linux-gnu/libXcursor.so.1.0.2
b2f56000-b2f57000 rw-p 00009000 08:01 395992     /usr/lib/i386-linux-gnu/libXcursor.so.1.0.2
b2f57000-b2f60000 r-xp 00000000 08:01 396016     /usr/lib/i386-linux-gnu/libXrandr.so.2.2.0
b2f60000-b2f61000 r--p 00008000 08:01 396016     /usr/lib/i386-linux-gnu/libXrandr.so.2.2.0
b2f61000-b2f62000 rw-p 00009000 08:01 396016     /usr/lib/i386-linux-gnu/libXrandr.so.2.2.0
b2f62000-b2f64000 r-xp 00000000 08:01 396006     /usr/lib/i386-linux-gnu/libXinerama.so.1.0.0
b2f64000-b2f65000 r--p 00001000 08:01 396006     /usr/lib/i386-linux-gnu/libXinerama.so.1.0.0
b2f65000-b2f66000 rw-p 00002000 08:01 396006     /usr/lib/i386-linux-gnu/libXinerama.so.1.0.0
b2f66000-b2f93000 r-xp 00000000 08:01 396463     /usr/lib/i386-linux-gnu/libpangoft2-1.0.so.0.3000.1
b2f93000-b2f94000 r--p 0002c000 08:01 396463     /usr/lib/i386-linux-gnu/libpangoft2-1.0.so.0.3000.1
b2f94000-b2f95000 rw-p 0002d000 08:01 396463     /usr/lib/i386-linux-gnu/libpangoft2-1.0.so.0.3000.1
b2f95000-b309b000 r-xp 00000000 08:01 396084     /usr/lib/i386-linux-gnu/libcairo.so.2.11200.2
b309b000-b309d000 r--p 00105000 08:01 396084     /usr/lib/i386-linux-gnu/libcairo.so.2.11200.2
b309d000-b309e000 rw-p 00107000 08:01 396084     /usr/lib/i386-linux-gnu/libcairo.so.2.11200.2
b309e000-b309f000 rw-p 00000000 00:00 0 
b309f000-b30bd000 r-xp 00000000 08:01 396054     /usr/lib/i386-linux-gnu/libatk-1.0.so.0.20609.1
b30bd000-b30bf000 r--p 0001d000 08:01 396054     /usr/lib/i386-linux-gnu/libatk-1.0.so.0.20609.1
b30bf000-b30c0000 rw-p 0001f000 08:01 396054     /usr/lib/i386-linux-gnu/libatk-1.0.so.0.20609.1
b30c0000-b30cb000 r-xp 00000000 08:01 396461     /usr/lib/i386-linux-gnu/libpangocairo-1.0.so.0.3000.1
b30cb000-b30cc000 r--p 0000a000 08:01 396461     /usr/lib/i386-linux-gnu/libpangocairo-1.0.so.0.3000.1
b30cc000-b30cd000 rw-p 0000b000 08:01 396461     /usr/lib/i386-linux-gnu/libpangocairo-1.0.so.0.3000.1
b30cd000-b30ed000 r-xp 00000000 08:01 393520     /usr/lib/i386-linux-gnu/libxcb.so.1.1.0
b30ed000-b30ee000 r--p 0001f000 08:01 393520     /usr/lib/i386-linux-gnu/libxcb.so.1.1.0
b30ee000-b30ef000 rw-p 00020000 08:01 393520     /usr/lib/i386-linux-gnu/libxcb.so.1.1.0
b30ef000-b3149000 r-xp 00000000 08:01 396108     /usr/lib/i386-linux-gnu/libcups.so.2
b3149000-b314a000 ---p 0005a000 08:01 396108     /usr/lib/i386-linux-gnu/libcups.so.2
b314a000-b314d000 r--p 0005a000 08:01 396108     /usr/lib/i386-linux-gnu/libcups.so.2
b314d000-b314e000 rw-p 0005d000 08:01 396108     /usr/lib/i386-linux-gnu/libcups.so.2
b314e000-b3247000 r-xp 00000000 08:01 263060     /lib/i386-linux-gnu/libglib-2.0.so.0.3400.0
b3247000-b3248000 r--p 000f9000 08:01 263060     /lib/i386-linux-gnu/libglib-2.0.so.0.3400.0
b3248000-b3249000 rw-p 000fa000 08:01 263060     /lib/i386-linux-gnu/libglib-2.0.so.0.3400.0
b3249000-b3297000 r-xp 00000000 08:01 396248     /usr/lib/i386-linux-gnu/libgobject-2.0.so.0.3400.0
b3297000-b3298000 r--p 0004d000 08:01 396248     /usr/lib/i386-linux-gnu/libgobject-2.0.so.0.3400.0
b3298000-b3299000 rw-p 0004e000 08:01 396248     /usr/lib/i386-linux-gnu/libgobject-2.0.so.0.3400.0
b3299000-b32cf000 r-xp 00000000 08:01 396176     /usr/lib/i386-linux-gnu/libfontconfig.so.1.6.2
b32cf000-b32d0000 r--p 00036000 08:01 396176     /usr/lib/i386-linux-gnu/libfontconfig.so.1.6.2
b32d0000-b32d1000 rw-p 00037000 08:01 396176     /usr/lib/i386-linux-gnu/libfontconfig.so.1.6.2
b32d1000-b3318000 r-xp 00000000 08:01 396459     /usr/lib/i386-linux-gnu/libpango-1.0.so.0.3000.1
b3318000-b3319000 r--p 00047000 08:01 396459     /usr/lib/i386-linux-gnu/libpango-1.0.so.0.3000.1
b3319000-b331a000 rw-p 00048000 08:01 396459     /usr/lib/i386-linux-gnu/libpango-1.0.so.0.3000.1
b331a000-b333a000 r-xp 00000000 08:01 396209     /usr/lib/i386-linux-gnu/libgdk_pixbuf-2.0.so.0.2600.4
b333a000-b333b000 r--p 0001f000 08:01 396209     /usr/lib/i386-linux-gnu/libgdk_pixbuf-2.0.so.0.2600.4
b333b000-b333c000 rw-p 00020000 08:01 396209     /usr/lib/i386-linux-gnu/libgdk_pixbuf-2.0.so.0.2600.4
b333c000-b3497000 r-xp 00000000 08:01 396224     /usr/lib/i386-linux-gnu/libgio-2.0.so.0.3400.0
b3497000-b3498000 ---p 0015b000 08:01 396224     /usr/lib/i386-linux-gnu/libgio-2.0.so.0.3400.0
b3498000-b349a000 r--p 0015b000 08:01 396224     /usr/lib/i386-linux-gnu/libgio-2.0.so.0.3400.0
b349a000-b349b000 rw-p 0015d000 08:01 396224     /usr/lib/i386-linux-gnu/libgio-2.0.so.0.3400.0
b349b000-b349c000 rw-p 00000000 00:00 0 
b349c000-b3547000 r-xp 00000000 08:01 396207     /usr/lib/i386-linux-gnu/libgdk-x11-2.0.so.0.2400.13
b3547000-b3549000 r--p 000ab000 08:01 396207     /usr/lib/i386-linux-gnu/libgdk-x11-2.0.so.0.2400.13
b3549000-b354a000 rw-p 000ad000 08:01 396207     /usr/lib/i386-linux-gnu/libgdk-x11-2.0.so.0.2400.13
b354a000-b39ab000 r-xp 00000000 08:01 396309     /usr/lib/i386-linux-gnu/libgtk-x11-2.0.so.0.2400.13
b39ab000-b39af000 r--p 00460000 08:01 396309     /usr/lib/i386-linux-gnu/libgtk-x11-2.0.so.0.2400.13
b39af000-b39b1000 rw-p 00464000 08:01 396309     /usr/lib/i386-linux-gnu/libgtk-x11-2.0.so.0.2400.13
b39b1000-b39b3000 rw-p 00000000 00:00 0 
b39b3000-b3ae6000 r-xp 00000000 08:01 393522     /usr/lib/i386-linux-gnu/libX11.so.6.3.0
b3ae6000-b3ae7000 r--p 00132000 08:01 393522     /usr/lib/i386-linux-gnu/libX11.so.6.3.0
b3ae7000-b3aea000 rw-p 00133000 08:01 393522     /usr/lib/i386-linux-gnu/libX11.so.6.3.0
b3aea000-b3b3c000 r-xp 00000000 08:01 305233     /usr/lib/jvm/java-7-openjdk-i386/jre/lib/i386/xawt/libmawt.so
b3b3c000-b3b3d000 r--p 00051000 08:01 305233     /usr/lib/jvm/java-7-openjdk-i386/jre/lib/i386/xawt/libmawt.so
b3b3d000-b3b3f000 rw-p 00052000 08:01 305233     /usr/lib/jvm/java-7-openjdk-i386/jre/lib/i386/xawt/libmawt.so
b3b3f000-b3b40000 rw-p 00000000 00:00 0 
b3b40000-b3bd4000 r-xp 00000000 08:01 304512     /usr/lib/jvm/java-7-openjdk-i386/jre/lib/i386/libawt.so
b3bd4000-b3bd5000 r--p 00093000 08:01 304512     /usr/lib/jvm/java-7-openjdk-i386/jre/lib/i386/libawt.so
b3bd5000-b3bdc000 rw-p 00094000 08:01 304512     /usr/lib/jvm/java-7-openjdk-i386/jre/lib/i386/libawt.so
b3bdc000-b3c00000 rw-p 00000000 00:00 0 
b3c00000-b3cfb000 rw-p 00000000 00:00 0 
b3cfb000-b3d00000 ---p 00000000 00:00 0 
b3d02000-b3d04000 r-xp 00000000 08:01 395994     /usr/lib/i386-linux-gnu/libXdamage.so.1.1.0
b3d04000-b3d05000 r--p 00001000 08:01 395994     /usr/lib/i386-linux-gnu/libXdamage.so.1.1.0
b3d05000-b3d06000 rw-p 00002000 08:01 395994     /usr/lib/i386-linux-gnu/libXdamage.so.1.1.0
b3d06000-b3d08000 r-xp 00000000 08:01 395990     /usr/lib/i386-linux-gnu/libXcomposite.so.1.0.0
b3d08000-b3d09000 r--p 00001000 08:01 395990     /usr/lib/i386-linux-gnu/libXcomposite.so.1.0.0
b3d09000-b3d0a000 rw-p 00002000 08:01 395990     /usr/lib/i386-linux-gnu/libXcomposite.so.1.0.0
b3d0a000-b3d0f000 r-xp 00000000 08:01 396000     /usr/lib/i386-linux-gnu/libXfixes.so.3.1.0
b3d0f000-b3d10000 r--p 00004000 08:01 396000     /usr/lib/i386-linux-gnu/libXfixes.so.3.1.0
b3d10000-b3d11000 rw-p 00005000 08:01 396000     /usr/lib/i386-linux-gnu/libXfixes.so.3.1.0
b3d11000-b3d12000 r-xp 00000000 08:01 396305     /usr/lib/i386-linux-gnu/libgthread-2.0.so.0.3400.0
b3d12000-b3d13000 r--p 00000000 08:01 396305     /usr/lib/i386-linux-gnu/libgthread-2.0.so.0.3400.0
b3d13000-b3d14000 rw-p 00001000 08:01 396305     /usr/lib/i386-linux-gnu/libgthread-2.0.so.0.3400.0
b3d14000-b3d22000 r-xp 00000000 08:01 396004     /usr/lib/i386-linux-gnu/libXi.so.6.1.0
b3d22000-b3d23000 r--p 0000d000 08:01 396004     /usr/lib/i386-linux-gnu/libXi.so.6.1.0
b3d23000-b3d24000 rw-p 0000e000 08:01 396004     /usr/lib/i386-linux-gnu/libXi.so.6.1.0
b3d24000-b3d29000 r-xp 00000000 08:01 396024     /usr/lib/i386-linux-gnu/libXtst.so.6.1.0
b3d29000-b3d2a000 r--p 00004000 08:01 396024     /usr/lib/i386-linux-gnu/libXtst.so.6.1.0
b3d2a000-b3d2b000 rw-p 00005000 08:01 396024     /usr/lib/i386-linux-gnu/libXtst.so.6.1.0
b3d2b000-b3d33000 r-xp 00000000 08:01 396018     /usr/lib/i386-linux-gnu/libXrender.so.1.3.0
b3d33000-b3d34000 r--p 00007000 08:01 396018     /usr/lib/i386-linux-gnu/libXrender.so.1.3.0
b3d34000-b3d35000 rw-p 00008000 08:01 396018     /usr/lib/i386-linux-gnu/libXrender.so.1.3.0
b3d35000-b3d45000 r-xp 00000000 08:01 395998     /usr/lib/i386-linux-gnu/libXext.so.6.4.0
b3d45000-b3d46000 r--p 0000f000 08:01 395998     /usr/lib/i386-linux-gnu/libXext.so.6.4.0
b3d46000-b3d47000 rw-p 00010000 08:01 395998     /usr/lib/i386-linux-gnu/libXext.so.6.4.0
b3d47000-b3d48000 rw-p 00000000 00:00 0 
b3d48000-b3d49000 rwxp 00000000 00:00 0 
b3d49000-b3d4a000 r-xp 00000000 08:01 395979     /usr/lib/i386-linux-gnu/libX11-xcb.so.1.0.0
b3d4a000-b3d4b000 r--p 00000000 08:01 395979     /usr/lib/i386-linux-gnu/libX11-xcb.so.1.0.0
b3d4b000-b3d4c000 rw-p 00001000 08:01 395979     /usr/lib/i386-linux-gnu/libX11-xcb.so.1.0.0
b3d4c000-b3d4d000 r-xp 00000000 08:01 304522     /usr/lib/jvm/java-7-openjdk-i386/jre/lib/i386/libjawt.so
b3d4d000-b3d4e000 r--p 00000000 08:01 304522     /usr/lib/jvm/java-7-openjdk-i386/jre/lib/i386/libjawt.so
b3d4e000-b3d4f000 rw-p 00001000 08:01 304522     /usr/lib/jvm/java-7-openjdk-i386/jre/lib/i386/libjawt.so
b3d4f000-b3d56000 r--s 00000000 08:01 397249     /usr/lib/i386-linux-gnu/gconv/gconv-modules.cache
b3d56000-b3d58000 r--s 00005000 08:01 158434     /home/atra/Engine/lib/slf4j-api-1.7.5.jar
b3d58000-b3d5c000 r--s 00034000 08:01 158425     /home/atra/Engine/lib/jbox2d-library-2.1.2.jar
b3d5c000-b3d5e000 r--s 00045000 08:01 158435     /home/atra/Engine/lib/vecmath-1.3.1.jar
b3d5e000-b3d5f000 r--s 00001000 08:01 158428     /home/atra/Engine/lib/jutils-1.0.0.jar
b3d5f000-b3d63000 r--s 0002f000 08:01 158426     /home/atra/Engine/lib/jinput-2.0.5.jar
b3d63000-b3d6c000 r--s 000bc000 08:01 304177     /usr/lib/jvm/java-7-openjdk-common/jre/lib/resources.jar
b3d6c000-b3d71000 r--s 00041000 08:01 158017     /home/atra/Engine/lib/commons-lang-2.6.jar
b3d71000-b3d74000 r--s 00015000 08:01 158429     /home/atra/Engine/lib/kouinject-1.2.jar
b3d74000-b3d75000 r--s 00001000 08:01 158433     /home/atra/Engine/lib/lzma.jar
b3d75000-b3d82000 r--s 000e6000 08:01 158431     /home/atra/Engine/lib/lwjgl.jar
b3d82000-b3d90000 r--s 000e9000 08:01 158430     /home/atra/Engine/lib/lwjgl-debug.jar
b3d90000-b3d94000 r--s 00027000 08:01 158432     /home/atra/Engine/lib/lwjgl_util.jar
b3d94000-b3d99000 r--s 00030000 08:01 158427     /home/atra/Engine/lib/jinput.jar
b3d99000-b3d9c000 r--s 0000e000 08:01 307649     /usr/share/java/hamcrest-core-1.2.jar
b3d9c000-b3d9f000 r--s 0000e000 08:01 307649     /usr/share/java/hamcrest-core-1.2.jar
b3d9f000-b3da6000 r--s 00033000 08:01 307674     /usr/share/java/junit4-4.10.jar
b3da6000-b3daa000 r--s 00085000 08:01 304156     /usr/lib/jvm/java-7-openjdk-common/jre/lib/ext/localedata.jar
b3daa000-b3dad000 r--s 0000f000 08:01 304155     /usr/lib/jvm/java-7-openjdk-common/jre/lib/ext/pulse-java.jar
b3dad000-b3dae000 ---p 00000000 00:00 0 
b3dae000-b3e2e000 rw-p 00000000 00:00 0          [stack:2393]
b3e2e000-b3e31000 ---p 00000000 00:00 0 
b3e31000-b3e7f000 rw-p 00000000 00:00 0          [stack:2392]
b3e7f000-b3e82000 ---p 00000000 00:00 0 
b3e82000-b3f00000 rw-p 00000000 00:00 0          [stack:2391]
b3f00000-b4100000 r--p 00000000 08:01 398204     /usr/lib/locale/locale-archive
b4100000-b4121000 rw-p 00000000 00:00 0 
b4121000-b4200000 ---p 00000000 00:00 0 
b4200000-b4201000 r--s 00002000 08:01 304154     /usr/lib/jvm/java-7-openjdk-common/jre/lib/ext/dnsns.jar
b4201000-b4203000 r--s 00006000 08:01 305221     /usr/share/java/java-atk-wrapper.jar
b4203000-b4206000 r--s 0003c000 08:01 304159     /usr/lib/jvm/java-7-openjdk-common/jre/lib/ext/sunpkcs11.jar
b4206000-b4209000 r--s 00032000 08:01 304158     /usr/lib/jvm/java-7-openjdk-common/jre/lib/ext/sunjce_provider.jar
b4209000-b420c000 ---p 00000000 00:00 0 
b420c000-b425a000 rw-p 00000000 00:00 0          [stack:2390]
b425a000-b425d000 ---p 00000000 00:00 0 
b425d000-b42ab000 rw-p 00000000 00:00 0          [stack:2389]
b42ab000-b42ae000 ---p 00000000 00:00 0 
b42ae000-b42fc000 rw-p 00000000 00:00 0          [stack:2388]
b42fc000-b42fd000 ---p 00000000 00:00 0 
b42fd000-b43c5000 rw-p 00000000 00:00 0          [stack:2387]
b43c5000-b4572000 r--s 01cec000 08:01 304698     /usr/lib/jvm/java-7-openjdk-i386/jre/lib/rt.jar
b4572000-b4580000 rw-p 00000000 00:00 0 
b4580000-b459a000 rw-p 00000000 00:00 0 
b459a000-b45a0000 rw-p 00000000 00:00 0 
b45a0000-b4642000 rw-p 00000000 00:00 0 
b4642000-b4645000 rw-p 00000000 00:00 0 
b4645000-b4695000 rw-p 00000000 00:00 0 
b4695000-b469b000 rw-p 00000000 00:00 0 
b469b000-b473d000 rw-p 00000000 00:00 0 
b473d000-b4743000 rw-p 00000000 00:00 0 
b4743000-b475d000 rw-p 00000000 00:00 0 
b475d000-b476e000 rw-p 00000000 00:00 0 
b476e000-b47e9000 rw-p 00000000 00:00 0 
b47e9000-b4921000 rwxp 00000000 00:00 0 
b4921000-b67e9000 rw-p 00000000 00:00 0 
b67e9000-b67f1000 r-xp 00000000 08:01 304546     /usr/lib/jvm/java-7-openjdk-i386/jre/lib/i386/libzip.so
b67f1000-b67f2000 r--p 00007000 08:01 304546     /usr/lib/jvm/java-7-openjdk-i386/jre/lib/i386/libzip.so
b67f2000-b67f3000 rw-p 00008000 08:01 304546     /usr/lib/jvm/java-7-openjdk-i386/jre/lib/i386/libzip.so
b67f3000-b67fe000 r-xp 00000000 08:01 263095     /lib/i386-linux-gnu/libnss_files-2.15.so
b67fe000-b67ff000 r--p 0000a000 08:01 263095     /lib/i386-linux-gnu/libnss_files-2.15.so
b67ff000-b6800000 rw-p 0000b000 08:01 263095     /lib/i386-linux-gnu/libnss_files-2.15.so
b6800000-b68f9000 rw-p 00000000 00:00 0 
b68f9000-b6900000 ---p 00000000 00:00 0 
b6900000-b6902000 r--s 00012000 08:01 304157     /usr/lib/jvm/java-7-openjdk-common/jre/lib/ext/zipfs.jar
b6902000-b6918000 r-xp 00000000 08:01 263089     /lib/i386-linux-gnu/libnsl-2.15.so
b6918000-b6919000 r--p 00015000 08:01 263089     /lib/i386-linux-gnu/libnsl-2.15.so
b6919000-b691a000 rw-p 00016000 08:01 263089     /lib/i386-linux-gnu/libnsl-2.15.so
b691a000-b691c000 rw-p 00000000 00:00 0 
b691c000-b6923000 r-xp 00000000 08:01 263091     /lib/i386-linux-gnu/libnss_compat-2.15.so
b6923000-b6924000 r--p 00006000 08:01 263091     /lib/i386-linux-gnu/libnss_compat-2.15.so
b6924000-b6925000 rw-p 00007000 08:01 263091     /lib/i386-linux-gnu/libnss_compat-2.15.so
b6925000-b6926000 r--s 00000000 08:01 158424     /home/atra/Engine/lib/javax.inject-1.jar
b6926000-b692c000 rw-p 00000000 00:00 0 
b692c000-b6934000 rw-s 00000000 08:01 201        /tmp/hsperfdata_atra/2380
b6934000-b695b000 r-xp 00000000 08:01 304514     /usr/lib/jvm/java-7-openjdk-i386/jre/lib/i386/libjava.so
b695b000-b695c000 r--p 00026000 08:01 304514     /usr/lib/jvm/java-7-openjdk-i386/jre/lib/i386/libjava.so
b695c000-b695d000 rw-p 00027000 08:01 304514     /usr/lib/jvm/java-7-openjdk-i386/jre/lib/i386/libjava.so
b695d000-b696a000 r-xp 00000000 08:01 304544     /usr/lib/jvm/java-7-openjdk-i386/jre/lib/i386/libverify.so
b696a000-b696b000 ---p 0000d000 08:01 304544     /usr/lib/jvm/java-7-openjdk-i386/jre/lib/i386/libverify.so
b696b000-b696c000 r--p 0000d000 08:01 304544     /usr/lib/jvm/java-7-openjdk-i386/jre/lib/i386/libverify.so
b696c000-b696d000 rw-p 0000e000 08:01 304544     /usr/lib/jvm/java-7-openjdk-i386/jre/lib/i386/libverify.so
b696d000-b6974000 r-xp 00000000 08:01 263134     /lib/i386-linux-gnu/librt-2.15.so
b6974000-b6975000 r--p 00006000 08:01 263134     /lib/i386-linux-gnu/librt-2.15.so
b6975000-b6976000 rw-p 00007000 08:01 263134     /lib/i386-linux-gnu/librt-2.15.so
b6976000-b6979000 ---p 00000000 00:00 0 
b6979000-b69c7000 rw-p 00000000 00:00 0          [stack:2382]
b69c7000-b69e3000 r-xp 00000000 08:01 263056     /lib/i386-linux-gnu/libgcc_s.so.1
b69e3000-b69e4000 r--p 0001b000 08:01 263056     /lib/i386-linux-gnu/libgcc_s.so.1
b69e4000-b69e5000 rw-p 0001c000 08:01 263056     /lib/i386-linux-gnu/libgcc_s.so.1
b69e5000-b6a0f000 r-xp 00000000 08:01 263072     /lib/i386-linux-gnu/libm-2.15.so
b6a0f000-b6a10000 r--p 00029000 08:01 263072     /lib/i386-linux-gnu/libm-2.15.so
b6a10000-b6a11000 rw-p 0002a000 08:01 263072     /lib/i386-linux-gnu/libm-2.15.so
b6a11000-b6aed000 r-xp 00000000 08:01 396566     /usr/lib/i386-linux-gnu/libstdc++.so.6.0.17
b6aed000-b6aee000 ---p 000dc000 08:01 396566     /usr/lib/i386-linux-gnu/libstdc++.so.6.0.17
b6aee000-b6af2000 r--p 000dc000 08:01 396566     /usr/lib/i386-linux-gnu/libstdc++.so.6.0.17
b6af2000-b6af3000 rw-p 000e0000 08:01 396566     /usr/lib/i386-linux-gnu/libstdc++.so.6.0.17
b6af3000-b6afa000 rw-p 00000000 00:00 0 
b6afa000-b70ad000 r-xp 00000000 08:01 304582     /usr/lib/jvm/java-7-openjdk-i386/jre/lib/i386/client/libjvm.so
b70ad000-b70c4000 r--p 005b2000 08:01 304582     /usr/lib/jvm/java-7-openjdk-i386/jre/lib/i386/client/libjvm.so
b70c4000-b70d3000 rw-p 005c9000 08:01 304582     /usr/lib/jvm/java-7-openjdk-i386/jre/lib/i386/client/libjvm.so
b70d3000-b74ee000 rw-p 00000000 00:00 0 
b74ee000-b7505000 r-xp 00000000 08:01 263164     /lib/i386-linux-gnu/libz.so.1.2.7
b7505000-b7506000 r--p 00016000 08:01 263164     /lib/i386-linux-gnu/libz.so.1.2.7
b7506000-b7507000 rw-p 00017000 08:01 263164     /lib/i386-linux-gnu/libz.so.1.2.7
b7507000-b751e000 r-xp 00000000 08:01 263126     /lib/i386-linux-gnu/libpthread-2.15.so
b751e000-b751f000 r--p 00016000 08:01 263126     /lib/i386-linux-gnu/libpthread-2.15.so
b751f000-b7520000 rw-p 00017000 08:01 263126     /lib/i386-linux-gnu/libpthread-2.15.so
b7520000-b7522000 rw-p 00000000 00:00 0 
b7522000-b7525000 r-xp 00000000 08:01 263046     /lib/i386-linux-gnu/libdl-2.15.so
b7525000-b7526000 r--p 00002000 08:01 263046     /lib/i386-linux-gnu/libdl-2.15.so
b7526000-b7527000 rw-p 00003000 08:01 263046     /lib/i386-linux-gnu/libdl-2.15.so
b7527000-b76ca000 r-xp 00000000 08:01 263031     /lib/i386-linux-gnu/libc-2.15.so
b76ca000-b76cb000 ---p 001a3000 08:01 263031     /lib/i386-linux-gnu/libc-2.15.so
b76cb000-b76cd000 r--p 001a3000 08:01 263031     /lib/i386-linux-gnu/libc-2.15.so
b76cd000-b76ce000 rw-p 001a5000 08:01 263031     /lib/i386-linux-gnu/libc-2.15.so
b76ce000-b76d1000 rw-p 00000000 00:00 0 
b76d1000-b76d2000 r--p 006e7000 08:01 398204     /usr/lib/locale/locale-archive
b76d2000-b76dc000 r-xp 00000000 08:01 263099     /lib/i386-linux-gnu/libnss_nis-2.15.so
b76dc000-b76dd000 r--p 00009000 08:01 263099     /lib/i386-linux-gnu/libnss_nis-2.15.so
b76dd000-b76de000 rw-p 0000a000 08:01 263099     /lib/i386-linux-gnu/libnss_nis-2.15.so
b76de000-b76df000 rw-p 00000000 00:00 0 
b76df000-b76e0000 r--p 00000000 00:00 0 
b76e0000-b76ed000 r-xp 00000000 08:01 304520     /usr/lib/jvm/java-7-openjdk-i386/jre/lib/i386/jli/libjli.so
b76ed000-b76ee000 r--p 0000c000 08:01 304520     /usr/lib/jvm/java-7-openjdk-i386/jre/lib/i386/jli/libjli.so
b76ee000-b76ef000 rw-p 0000d000 08:01 304520     /usr/lib/jvm/java-7-openjdk-i386/jre/lib/i386/jli/libjli.so
b76ef000-b76f2000 rw-p 00000000 00:00 0 
b76f2000-b76f3000 r-xp 00000000 00:00 0          [vdso]
b76f3000-b7713000 r-xp 00000000 08:01 263009     /lib/i386-linux-gnu/ld-2.15.so
b7713000-b7714000 r--p 0001f000 08:01 263009     /lib/i386-linux-gnu/ld-2.15.so
b7714000-b7715000 rw-p 00020000 08:01 263009     /lib/i386-linux-gnu/ld-2.15.so
bfaf8000-bfb19000 rw-p 00000000 00:00 0          [stack]

VM Arguments:
jvm_args: -Dfile.encoding=UTF-8 
java_command: gameoct.GameMain
Launcher Type: SUN_STANDARD

Environment Variables:
PATH=/usr/lib/lightdm/lightdm:/usr/local/sbin:/usr/local/bin:/usr/sbin:/usr/bin:/sbin:/bin:/usr/games:/usr/local/games
LD_LIBRARY_PATH=/usr/lib/jvm/java-7-openjdk-i386/jre/lib/i386/client:/usr/lib/jvm/java-7-openjdk-i386/jre/lib/i386:
SHELL=/bin/bash
DISPLAY=:0.0

Signal Handlers:
SIGSEGV: [libjvm.so+0x49b600], sa_mask[0]=0x7ffbfeff, sa_flags=0x10000004
SIGBUS: [libjvm.so+0x49b600], sa_mask[0]=0x7ffbfeff, sa_flags=0x10000004
SIGFPE: [libjvm.so+0x399dc0], sa_mask[0]=0x7ffbfeff, sa_flags=0x10000004
SIGPIPE: SIG_IGN, sa_mask[0]=0x00001000, sa_flags=0x10000000
SIGXFSZ: [libjvm.so+0x399dc0], sa_mask[0]=0x7ffbfeff, sa_flags=0x10000004
SIGILL: [libjvm.so+0x399dc0], sa_mask[0]=0x7ffbfeff, sa_flags=0x10000004
SIGUSR1: SIG_DFL, sa_mask[0]=0x00000000, sa_flags=0x00000000
SIGUSR2: [libjvm.so+0x399c70], sa_mask[0]=0x00000004, sa_flags=0x10000004
SIGHUP: [libjvm.so+0x39a200], sa_mask[0]=0x7ffbfeff, sa_flags=0x10000004
SIGINT: [swrast_dri.so+0x6a0ee0], sa_mask[0]=0x00000002, sa_flags=0x10000000
SIGTERM: [swrast_dri.so+0x6a0ee0], sa_mask[0]=0x00004000, sa_flags=0x10000000
SIGQUIT: [libjvm.so+0x39a200], sa_mask[0]=0x7ffbfeff, sa_flags=0x10000004


---------------  S Y S T E M  ---------------

OS:Ubuntu 12.10 (quantal)
uname:Linux 3.5.0-17-generic #28-Ubuntu SMP Tue Oct 9 19:32:08 UTC 2012 i686
libc:glibc 2.15 NPTL 2.15 
rlimit: STACK 8192k, CORE 0k, NPROC 7903, NOFILE 4096, AS infinity
load average:1,09 0,82 0,67

/proc/meminfo:
MemTotal:        1027104 kB
MemFree:          335660 kB
Buffers:           51780 kB
Cached:           295908 kB
SwapCached:            0 kB
Active:           374760 kB
Inactive:         248000 kB
Active(anon):     282908 kB
Inactive(anon):     2500 kB
Active(file):      91852 kB
Inactive(file):   245500 kB
Unevictable:       32500 kB
Mlocked:           32500 kB
HighTotal:        135112 kB
HighFree:           1776 kB
LowTotal:         891992 kB
LowFree:          333884 kB
SwapTotal:        522236 kB
SwapFree:         522236 kB
Dirty:               196 kB
Writeback:             0 kB
AnonPages:        307620 kB
Mapped:            73948 kB
Shmem:              3196 kB
Slab:              19764 kB
SReclaimable:      11172 kB
SUnreclaim:         8592 kB
KernelStack:        2464 kB
PageTables:         4424 kB
NFS_Unstable:          0 kB
Bounce:                0 kB
WritebackTmp:          0 kB
CommitLimit:     1035788 kB
Committed_AS:    1105804 kB
VmallocTotal:     122880 kB
VmallocUsed:       24480 kB
VmallocChunk:      97076 kB
HardwareCorrupted:     0 kB
AnonHugePages:         0 kB
HugePages_Total:       0
HugePages_Free:        0
HugePages_Rsvd:        0
HugePages_Surp:        0
Hugepagesize:       2048 kB
DirectMap4k:       20472 kB
DirectMap2M:      892928 kB


CPU:total 1 (1 cores per cpu, 1 threads per core) family 20 model 1 stepping 0, cmov, cx8, fxsr, mmx, sse, sse2, sse3, ssse3, tsc

/proc/cpuinfo:
processor	: 0
vendor_id	: AuthenticAMD
cpu family	: 20
model		: 1
model name	: AMD E-350 Processor
stepping	: 0
cpu MHz		: 1530.308
cache size	: 512 KB
fdiv_bug	: no
hlt_bug		: no
f00f_bug	: no
coma_bug	: no
fpu		: yes
fpu_exception	: yes
cpuid level	: 5
wp		: yes
flags		: fpu vme de pse tsc msr pae mce cx8 apic sep mtrr pge mca cmov pat pse36 clflush mmx fxsr sse sse2 syscall nx fxsr_opt rdtscp lm up extd_apicid pni monitor ssse3 lahf_lm cr8_legacy arat
bogomips	: 3060.61
clflush size	: 64
cache_alignment	: 64
address sizes	: 36 bits physical, 48 bits virtual
power management:



Memory: 4k page, physical 1027104k(335660k free), swap 522236k(522236k free)

vm_info: OpenJDK Client VM (23.7-b01) for linux-x86 JRE (1.7.0_25-b30), built on Jul  3 2013 14:00:01 by "buildd" with gcc 4.7.2

time: Fri Oct 25 14:22:39 2013
elapsed time: 17 seconds

