#
# A fatal error has been detected by the Java Runtime Environment:
#
#  SIGSEGV (0xb) at pc=0xb2647ee0, pid=2095, tid=3075999424
#
# JRE version: 7.0_25-b30
# Java VM: OpenJDK Client VM (23.7-b01 mixed mode, sharing linux-x86 )
# Problematic frame:
# C  [swrast_dri.so+0x6a0ee0]  _fini+0x3a6cfc
#
# Failed to write core dump. Core dumps have been disabled. To enable core dumping, try "ulimit -c unlimited" before starting Java again
#
# If you would like to submit a bug report, please include
# instructions on how to reproduce the bug and visit:
#   https://bugs.launchpad.net/ubuntu/+source/openjdk-7/
#

---------------  T H R E A D  ---------------

Current thread is native thread

siginfo:si_signo=SIGSEGV: si_errno=0, si_code=2 (SEGV_ACCERR), si_addr=0xb2647ee0

Registers:
EAX=0x0000000f, EBX=0xb6a5aba8, ECX=0x00000000, EDX=0x00000000
ESP=0xbff4b40c, EBP=0xb6a5ab40, ESI=0x00000000, EDI=0xb75b3000
EIP=0xb2647ee0, EFLAGS=0x00010206, CR2=0xb2647ee0

Top of Stack: (sp=0xbff4b40c)
0xbff4b40c:   b7786400 0000000f 00000033 00000000
0xbff4b41c:   0000007b 0000007b b75b3000 00000000
0xbff4b42c:   b6a5ab40 bff4b960 b6a5aba8 00000835
0xbff4b43c:   00000000 000000f0 0000000e 00000004
0xbff4b44c:   b7786422 00000073 00000206 bff4b960
0xbff4b45c:   0000007b bff4b6f0 00000004 b6579100
0xbff4b46c:   00000000 0001f530 00000000 000000ff
0xbff4b47c:   b76315e9 0000005e 0000006e 00000077 

Instructions: (pc=0xb2647ee0)
0xb2647ec0:   00 00 00 00 00 00 00 00 00 00 00 00 00 00 00 00
0xb2647ed0:   00 00 00 00 00 00 00 00 00 00 00 00 00 00 00 00
0xb2647ee0:   00 00 00 00 00 00 00 00 00 00 00 00 00 00 00 00
0xb2647ef0:   00 00 00 00 00 00 00 00 00 00 00 00 00 00 00 00 

Register to memory mapping:

EAX=0x0000000f is an unknown value
EBX=0xb6a5aba8 is pointing into the stack for thread: 0xb6906c00
ECX=0x00000000 is an unknown value
EDX=0x00000000 is an unknown value
ESP=0xbff4b40c is an unknown value
EBP=0xb6a5ab40 is pointing into the stack for thread: 0xb6906c00
ESI=0x00000000 is an unknown value
EDI=0xb75b3000: <offset 0x18000> in /lib/i386-linux-gnu/libpthread.so.0 at 0xb759b000


Stack: [0xbff02000,0xbff52000],  sp=0xbff4b40c,  free space=293k
Native frames: (J=compiled Java code, j=interpreted, Vv=VM code, C=native code)
C  [swrast_dri.so+0x6a0ee0]  _fini+0x3a6cfc


---------------  P R O C E S S  ---------------

VM state:not at safepoint (normal execution)

VM Mutex/Monitor currently owned by a thread: None

Heap
 def new generation   total 4800K, used 1947K [0x6f400000, 0x6f930000, 0x79b50000)
  eden space 4288K,  33% used [0x6f400000, 0x6f566f10, 0x6f830000)
  from space 512K, 100% used [0x6f830000, 0x6f8b0000, 0x6f8b0000)
  to   space 512K,   0% used [0x6f8b0000, 0x6f8b0000, 0x6f930000)
 tenured generation   total 10752K, used 1327K [0x79b50000, 0x7a5d0000, 0x8ea00000)
   the space 10752K,  12% used [0x79b50000, 0x79c9bfd8, 0x79c9c000, 0x7a5d0000)
 compacting perm gen  total 12288K, used 1954K [0x8ea00000, 0x8f600000, 0x92a00000)
   the space 12288K,  15% used [0x8ea00000, 0x8ebe8ad0, 0x8ebe8c00, 0x8f600000)
    ro space 10240K,  60% used [0x92a00000, 0x9300c968, 0x9300ca00, 0x93400000)
    rw space 12288K,  61% used [0x93400000, 0x93b662d8, 0x93b66400, 0x94000000)

Card table byte_map: [0xb46d7000,0xb47fe000] byte_map_base: 0xb435d000

Polling page: 0xb7773000

Code Cache  [0xb487e000, 0xb499e000, 0xb687e000)
 total_blobs=583 nmethods=319 adapters=199 free_code_cache=31633Kb largest_free_block=32392192

Compilation events (10 events):
Event: 17,254 Thread 0xb6941c00  318             sun.awt.SunToolkit::awtUnlock (7 bytes)
Event: 17,255 Thread 0xb6941c00 nmethod 318 0xb4998c08 code [0xb4998d10, 0xb4998dac]
Event: 17,273 Thread 0xb6941c00  319             java.lang.ThreadLocal::get (34 bytes)
Event: 17,274 Thread 0xb6941c00 nmethod 319 0xb4998e88 code [0xb4998fa0, 0xb4999094]
Event: 18,073 Thread 0xb6941c00  320             java.util.AbstractCollection::<init> (5 bytes)
Event: 18,073 Thread 0xb6941c00 nmethod 320 0xb49991c8 code [0xb49992c0, 0xb4999340]
Event: 18,327 Thread 0xb6941c00  321             java.lang.Integer::getChars (131 bytes)
Event: 18,329 Thread 0xb6941c00 nmethod 321 0xb4999388 code [0xb49994b0, 0xb49996c0]
Event: 18,380 Thread 0xb6941c00  322             java.lang.Math::max (11 bytes)
Event: 18,381 Thread 0xb6941c00 nmethod 322 0xb4999a48 code [0xb4999b40, 0xb4999bb0]

GC Heap History (4 events):
Event: 1,946 GC heap before
{Heap before GC invocations=0 (full 0):
 def new generation   total 4800K, used 4288K [0x6f400000, 0x6f930000, 0x79b50000)
  eden space 4288K, 100% used [0x6f400000, 0x6f830000, 0x6f830000)
  from space 512K,   0% used [0x6f830000, 0x6f830000, 0x6f8b0000)
  to   space 512K,   0% used [0x6f8b0000, 0x6f8b0000, 0x6f930000)
 tenured generation   total 10752K, used 0K [0x79b50000, 0x7a5d0000, 0x8ea00000)
   the space 10752K,   0% used [0x79b50000, 0x79b50000, 0x79b50200, 0x7a5d0000)
 compacting perm gen  total 12288K, used 832K [0x8ea00000, 0x8f600000, 0x92a00000)
   the space 12288K,   6% used [0x8ea00000, 0x8ead00e8, 0x8ead0200, 0x8f600000)
    ro space 10240K,  60% used [0x92a00000, 0x9300c968, 0x9300ca00, 0x93400000)
    rw space 12288K,  61% used [0x93400000, 0x93b662d8, 0x93b66400, 0x94000000)
Event: 1,968 GC heap after
Heap after GC invocations=1 (full 0):
 def new generation   total 4800K, used 512K [0x6f400000, 0x6f930000, 0x79b50000)
  eden space 4288K,   0% used [0x6f400000, 0x6f400000, 0x6f830000)
  from space 512K, 100% used [0x6f8b0000, 0x6f930000, 0x6f930000)
  to   space 512K,   0% used [0x6f830000, 0x6f830000, 0x6f8b0000)
 tenured generation   total 10752K, used 394K [0x79b50000, 0x7a5d0000, 0x8ea00000)
   the space 10752K,   3% used [0x79b50000, 0x79bb2848, 0x79bb2a00, 0x7a5d0000)
 compacting perm gen  total 12288K, used 832K [0x8ea00000, 0x8f600000, 0x92a00000)
   the space 12288K,   6% used [0x8ea00000, 0x8ead00e8, 0x8ead0200, 0x8f600000)
    ro space 10240K,  60% used [0x92a00000, 0x9300c968, 0x9300ca00, 0x93400000)
    rw space 12288K,  61% used [0x93400000, 0x93b662d8, 0x93b66400, 0x94000000)
}
Event: 4,517 GC heap before
{Heap before GC invocations=1 (full 0):
 def new generation   total 4800K, used 4800K [0x6f400000, 0x6f930000, 0x79b50000)
  eden space 4288K, 100% used [0x6f400000, 0x6f830000, 0x6f830000)
  from space 512K, 100% used [0x6f8b0000, 0x6f930000, 0x6f930000)
  to   space 512K,   0% used [0x6f830000, 0x6f830000, 0x6f8b0000)
 tenured generation   total 10752K, used 394K [0x79b50000, 0x7a5d0000, 0x8ea00000)
   the space 10752K,   3% used [0x79b50000, 0x79bb2848, 0x79bb2a00, 0x7a5d0000)
 compacting perm gen  total 12288K, used 1894K [0x8ea00000, 0x8f600000, 0x92a00000)
   the space 12288K,  15% used [0x8ea00000, 0x8ebd9a58, 0x8ebd9c00, 0x8f600000)
    ro space 10240K,  60% used [0x92a00000, 0x9300c968, 0x9300ca00, 0x93400000)
    rw space 12288K,  61% used [0x93400000, 0x93b662d8, 0x93b66400, 0x94000000)
Event: 4,569 GC heap after
Heap after GC invocations=2 (full 0):
 def new generation   total 4800K, used 512K [0x6f400000, 0x6f930000, 0x79b50000)
  eden space 4288K,   0% used [0x6f400000, 0x6f400000, 0x6f830000)
  from space 512K, 100% used [0x6f830000, 0x6f8b0000, 0x6f8b0000)
  to   space 512K,   0% used [0x6f8b0000, 0x6f8b0000, 0x6f930000)
 tenured generation   total 10752K, used 1327K [0x79b50000, 0x7a5d0000, 0x8ea00000)
   the space 10752K,  12% used [0x79b50000, 0x79c9bfd8, 0x79c9c000, 0x7a5d0000)
 compacting perm gen  total 12288K, used 1894K [0x8ea00000, 0x8f600000, 0x92a00000)
   the space 12288K,  15% used [0x8ea00000, 0x8ebd9a58, 0x8ebd9c00, 0x8f600000)
    ro space 10240K,  60% used [0x92a00000, 0x9300c968, 0x9300ca00, 0x93400000)
    rw space 12288K,  61% used [0x93400000, 0x93b662d8, 0x93b66400, 0x94000000)
}

Deoptimization events (0 events):
No events

Internal exceptions (10 events):
Event: 4,768 Thread 0xb6906c00 Threw 0x6f434808 at /build/buildd/openjdk-7-7u25-2.3.10/build/openjdk/hotspot/src/share/vm/prims/jvm.cpp:1235
Event: 4,772 Thread 0xb6906c00 Threw 0x6f438168 at /build/buildd/openjdk-7-7u25-2.3.10/build/openjdk/hotspot/src/share/vm/prims/jvm.cpp:1235
Event: 4,775 Thread 0xb6906c00 Threw 0x6f43b950 at /build/buildd/openjdk-7-7u25-2.3.10/build/openjdk/hotspot/src/share/vm/prims/jvm.cpp:1235
Event: 4,778 Thread 0xb6906c00 Threw 0x6f43fd10 at /build/buildd/openjdk-7-7u25-2.3.10/build/openjdk/hotspot/src/share/vm/prims/jvm.cpp:1235
Event: 5,084 Thread 0xb6906c00 Threw 0x6f4da200 at /build/buildd/openjdk-7-7u25-2.3.10/build/openjdk/hotspot/src/share/vm/prims/jvm.cpp:1235
Event: 5,089 Thread 0xb6906c00 Threw 0x6f4e1c30 at /build/buildd/openjdk-7-7u25-2.3.10/build/openjdk/hotspot/src/share/vm/prims/jvm.cpp:1235
Event: 5,092 Thread 0xb6906c00 Threw 0x6f4e52c8 at /build/buildd/openjdk-7-7u25-2.3.10/build/openjdk/hotspot/src/share/vm/prims/jvm.cpp:1235
Event: 9,840 Thread 0xb6906c00 Threw 0x6f505fb0 at /build/buildd/openjdk-7-7u25-2.3.10/build/openjdk/hotspot/src/share/vm/prims/jvm.cpp:1235
Event: 9,842 Thread 0xb6906c00 Threw 0x6f50acb0 at /build/buildd/openjdk-7-7u25-2.3.10/build/openjdk/hotspot/src/share/vm/prims/jvm.cpp:1235
Event: 9,912 Thread 0xb6906c00 Threw 0x6f50f730 at /build/buildd/openjdk-7-7u25-2.3.10/build/openjdk/hotspot/src/share/vm/prims/jvm.cpp:1235

Events (10 events):
Event: 9,059 Thread 0xb6941c00 flushing nmethod 0xb492d608
Event: 9,059 Thread 0xb6941c00 flushing nmethod 0xb492d988
Event: 9,064 Thread 0xb6941c00 flushing nmethod 0xb492eb08
Event: 9,840 loading class 0xb3c6b338
Event: 9,840 loading class 0xb3c6b338 done
Event: 9,842 loading class 0xb3c77c20
Event: 9,842 loading class 0xb3c77c20 done
Event: 9,912 loading class 0xb3c6f7f8
Event: 9,912 loading class 0xb3c6f7f8 done
Event: 11,158 Thread 0xb6941c00 flushing nmethod 0xb492b608


Dynamic libraries:
08048000-08049000 r-xp 00000000 08:01 304490     /usr/lib/jvm/java-7-openjdk-i386/jre/bin/java
08049000-0804a000 r--p 00000000 08:01 304490     /usr/lib/jvm/java-7-openjdk-i386/jre/bin/java
0804a000-0804b000 rw-p 00001000 08:01 304490     /usr/lib/jvm/java-7-openjdk-i386/jre/bin/java
08903000-089fe000 rw-p 00000000 00:00 0          [heap]
6f400000-6f930000 rw-p 00000000 00:00 0 
6f930000-79b50000 rw-p 00000000 00:00 0 
79b50000-7a5d0000 rw-p 00000000 00:00 0 
7a5d0000-8ea00000 rw-p 00000000 00:00 0 
8ea00000-8f600000 rw-p 00000000 00:00 0 
8f600000-92a00000 rw-p 00000000 00:00 0 
92a00000-9300d000 r--p 00001000 08:01 309004     /usr/lib/jvm/java-7-openjdk-i386/jre/lib/i386/client/classes.jsa
9300d000-93400000 rw-p 00000000 00:00 0 
93400000-93b67000 rw-p 0060e000 08:01 309004     /usr/lib/jvm/java-7-openjdk-i386/jre/lib/i386/client/classes.jsa
93b67000-94000000 rw-p 00000000 00:00 0 
94000000-9431a000 rw-p 00d75000 08:01 309004     /usr/lib/jvm/java-7-openjdk-i386/jre/lib/i386/client/classes.jsa
9431a000-94400000 rw-p 00000000 00:00 0 
94400000-94409000 r-xp 0108f000 08:01 309004     /usr/lib/jvm/java-7-openjdk-i386/jre/lib/i386/client/classes.jsa
94409000-94800000 rw-p 00000000 00:00 0 
af7f7000-b01f7000 rwxp 00000000 00:00 0 
b01f7000-b0400000 rw-p 00000000 00:00 0 
b0400000-b04d6000 rw-p 00000000 00:00 0 
b04d6000-b0500000 ---p 00000000 00:00 0 
b0580000-b0600000 rwxp 00000000 00:00 0 
b0600000-b06f9000 rw-p 00000000 00:00 0 
b06f9000-b0700000 ---p 00000000 00:00 0 
b0777000-b07f7000 rwxp 00000000 00:00 0 
b07f7000-b0a00000 rw-p 00000000 00:00 0 
b0a00000-b0aff000 rw-p 00000000 00:00 0 
b0aff000-b0b00000 ---p 00000000 00:00 0 
b0b3e000-b0bbe000 rwxp 00000000 00:00 0 
b0bbe000-b0c0f000 rw-p 00000000 00:00 0 
b0c0f000-b0c66000 rw-p 00000000 00:00 0 
b0c70000-b1f0a000 r-xp 00000000 08:01 395975     /usr/lib/i386-linux-gnu/libLLVM-3.1.so.1
b1f0a000-b1f9c000 r--p 01299000 08:01 395975     /usr/lib/i386-linux-gnu/libLLVM-3.1.so.1
b1f9c000-b1f9f000 rw-p 0132b000 08:01 395975     /usr/lib/i386-linux-gnu/libLLVM-3.1.so.1
b1f9f000-b1fa7000 rw-p 00000000 00:00 0 
b1fa7000-b240b000 r-xp 00000000 08:01 396770     /usr/lib/i386-linux-gnu/dri/swrast_dri.so
b240b000-b241c000 r--p 00464000 08:01 396770     /usr/lib/i386-linux-gnu/dri/swrast_dri.so
b241c000-b2420000 rw-p 00475000 08:01 396770     /usr/lib/i386-linux-gnu/dri/swrast_dri.so
b2420000-b2700000 rw-p 00000000 00:00 0 
b2700000-b27fc000 rw-p 00000000 00:00 0 
b27fc000-b2800000 ---p 00000000 00:00 0 
b283e000-b288f000 rw-p 00000000 00:00 0 
b288f000-b28bf000 r-xp 00000000 08:01 396598     /usr/lib/i386-linux-gnu/libtxc_dxtn_s2tc.so.0.0.0
b28bf000-b28c0000 r--p 0002f000 08:01 396598     /usr/lib/i386-linux-gnu/libtxc_dxtn_s2tc.so.0.0.0
b28c0000-b28c1000 rw-p 00030000 08:01 396598     /usr/lib/i386-linux-gnu/libtxc_dxtn_s2tc.so.0.0.0
b28c1000-b28cc000 r-xp 00000000 08:01 396141     /usr/lib/i386-linux-gnu/libdrm.so.2.4.0
b28cc000-b28cd000 r--p 0000a000 08:01 396141     /usr/lib/i386-linux-gnu/libdrm.so.2.4.0
b28cd000-b28ce000 rw-p 0000b000 08:01 396141     /usr/lib/i386-linux-gnu/libdrm.so.2.4.0
b28ce000-b28e4000 r-xp 00000000 08:01 396640     /usr/lib/i386-linux-gnu/libxcb-glx.so.0.0.0
b28e4000-b28e5000 r--p 00016000 08:01 396640     /usr/lib/i386-linux-gnu/libxcb-glx.so.0.0.0
b28e5000-b28e6000 rw-p 00017000 08:01 396640     /usr/lib/i386-linux-gnu/libxcb-glx.so.0.0.0
b28e6000-b28f5000 r-xp 00000000 08:01 396230     /usr/lib/i386-linux-gnu/libglapi.so.0.0.0
b28f5000-b28f7000 r--p 0000f000 08:01 396230     /usr/lib/i386-linux-gnu/libglapi.so.0.0.0
b28f7000-b28fc000 rwxp 00011000 08:01 396230     /usr/lib/i386-linux-gnu/libglapi.so.0.0.0
b28fc000-b2953000 r-xp 00000000 08:01 397601     /usr/lib/i386-linux-gnu/mesa/libGL.so.1.2.0
b2953000-b2955000 r--p 00056000 08:01 397601     /usr/lib/i386-linux-gnu/mesa/libGL.so.1.2.0
b2955000-b295a000 rwxp 00058000 08:01 397601     /usr/lib/i386-linux-gnu/mesa/libGL.so.1.2.0
b2969000-b296d000 r-xp 00000000 08:01 396030     /usr/lib/i386-linux-gnu/libXxf86vm.so.1.0.0
b296d000-b296e000 r--p 00003000 08:01 396030     /usr/lib/i386-linux-gnu/libXxf86vm.so.1.0.0
b296e000-b296f000 rw-p 00004000 08:01 396030     /usr/lib/i386-linux-gnu/libXxf86vm.so.1.0.0
b296f000-b2972000 ---p 00000000 00:00 0 
b2972000-b297e000 rw-p 00000000 00:00 0          [stack:2112]
b297e000-b29d8000 r-xp 00000000 08:01 158246     /home/atra/Engine/native/linux/liblwjgl.so
b29d8000-b29d9000 r--p 0005a000 08:01 158246     /home/atra/Engine/native/linux/liblwjgl.so
b29d9000-b29da000 rw-p 0005b000 08:01 158246     /home/atra/Engine/native/linux/liblwjgl.so
b29da000-b29dd000 ---p 00000000 00:00 0 
b29dd000-b2a2b000 rw-p 00000000 00:00 0          [stack:2110]
b2a2b000-b2a2e000 ---p 00000000 00:00 0 
b2a2e000-b2a7c000 rw-p 00000000 00:00 0          [stack:2109]
b2a7c000-b2aa1000 r--p 00000000 08:01 288543     /usr/share/locale-langpack/fr/LC_MESSAGES/libc.mo
b2aa1000-b2aa4000 r-xp 00000000 08:01 263062     /lib/i386-linux-gnu/libgpg-error.so.0.8.0
b2aa4000-b2aa5000 r--p 00002000 08:01 263062     /lib/i386-linux-gnu/libgpg-error.so.0.8.0
b2aa5000-b2aa6000 rw-p 00003000 08:01 263062     /lib/i386-linux-gnu/libgpg-error.so.0.8.0
b2aa6000-b2aa8000 r-xp 00000000 08:01 263069     /lib/i386-linux-gnu/libkeyutils.so.1.4
b2aa8000-b2aa9000 r--p 00002000 08:01 263069     /lib/i386-linux-gnu/libkeyutils.so.1.4
b2aa9000-b2aaa000 rw-p 00003000 08:01 263069     /lib/i386-linux-gnu/libkeyutils.so.1.4
b2aaa000-b2af2000 r-xp 00000000 08:01 263043     /lib/i386-linux-gnu/libdbus-1.so.3.7.2
b2af2000-b2af3000 r--p 00047000 08:01 263043     /lib/i386-linux-gnu/libdbus-1.so.3.7.2
b2af3000-b2af4000 rw-p 00048000 08:01 263043     /lib/i386-linux-gnu/libdbus-1.so.3.7.2
b2af4000-b2b06000 r-xp 00000000 08:01 396453     /usr/lib/i386-linux-gnu/libp11-kit.so.0.0.0
b2b06000-b2b07000 r--p 00011000 08:01 396453     /usr/lib/i386-linux-gnu/libp11-kit.so.0.0.0
b2b07000-b2b08000 rw-p 00012000 08:01 396453     /usr/lib/i386-linux-gnu/libp11-kit.so.0.0.0
b2b08000-b2b89000 r-xp 00000000 08:01 263058     /lib/i386-linux-gnu/libgcrypt.so.11.7.0
b2b89000-b2b8a000 r--p 00080000 08:01 263058     /lib/i386-linux-gnu/libgcrypt.so.11.7.0
b2b8a000-b2b8c000 rw-p 00081000 08:01 263058     /lib/i386-linux-gnu/libgcrypt.so.11.7.0
b2b8c000-b2b9c000 r-xp 00000000 08:01 396574     /usr/lib/i386-linux-gnu/libtasn1.so.3.1.16
b2b9c000-b2b9d000 r--p 0000f000 08:01 396574     /usr/lib/i386-linux-gnu/libtasn1.so.3.1.16
b2b9d000-b2b9e000 rw-p 00010000 08:01 396574     /usr/lib/i386-linux-gnu/libtasn1.so.3.1.16
b2b9e000-b2ba5000 r-xp 00000000 08:01 396386     /usr/lib/i386-linux-gnu/libkrb5support.so.0.1
b2ba5000-b2ba6000 r--p 00006000 08:01 396386     /usr/lib/i386-linux-gnu/libkrb5support.so.0.1
b2ba6000-b2ba7000 rw-p 00007000 08:01 396386     /usr/lib/i386-linux-gnu/libkrb5support.so.0.1
b2ba7000-b2baa000 r-xp 00000000 08:01 263038     /lib/i386-linux-gnu/libcom_err.so.2.1
b2baa000-b2bab000 r--p 00002000 08:01 263038     /lib/i386-linux-gnu/libcom_err.so.2.1
b2bab000-b2bac000 rw-p 00003000 08:01 263038     /lib/i386-linux-gnu/libcom_err.so.2.1
b2bac000-b2bd2000 r-xp 00000000 08:01 396378     /usr/lib/i386-linux-gnu/libk5crypto.so.3.1
b2bd2000-b2bd3000 r--p 00026000 08:01 396378     /usr/lib/i386-linux-gnu/libk5crypto.so.3.1
b2bd3000-b2bd4000 rw-p 00027000 08:01 396378     /usr/lib/i386-linux-gnu/libk5crypto.so.3.1
b2bd4000-b2c9b000 r-xp 00000000 08:01 396384     /usr/lib/i386-linux-gnu/libkrb5.so.3.3
b2c9b000-b2ca1000 r--p 000c6000 08:01 396384     /usr/lib/i386-linux-gnu/libkrb5.so.3.3
b2ca1000-b2ca2000 rw-p 000cc000 08:01 396384     /usr/lib/i386-linux-gnu/libkrb5.so.3.3
b2ca2000-b2caa000 r-xp 00000000 08:01 396642     /usr/lib/i386-linux-gnu/libxcb-render.so.0.0.0
b2caa000-b2cab000 r--p 00008000 08:01 396642     /usr/lib/i386-linux-gnu/libxcb-render.so.0.0.0
b2cab000-b2cac000 rw-p 00009000 08:01 396642     /usr/lib/i386-linux-gnu/libxcb-render.so.0.0.0
b2cac000-b2cae000 r-xp 00000000 08:01 396646     /usr/lib/i386-linux-gnu/libxcb-shm.so.0.0.0
b2cae000-b2caf000 r--p 00001000 08:01 396646     /usr/lib/i386-linux-gnu/libxcb-shm.so.0.0.0
b2caf000-b2cb0000 rw-p 00002000 08:01 396646     /usr/lib/i386-linux-gnu/libxcb-shm.so.0.0.0
b2cb0000-b2cd7000 r-xp 00000000 08:01 263121     /lib/i386-linux-gnu/libpng12.so.0.49.0
b2cd7000-b2cd8000 r--p 00026000 08:01 263121     /lib/i386-linux-gnu/libpng12.so.0.49.0
b2cd8000-b2cd9000 rw-p 00027000 08:01 263121     /lib/i386-linux-gnu/libpng12.so.0.49.0
b2cd9000-b2d6b000 r-xp 00000000 08:01 396481     /usr/lib/i386-linux-gnu/libpixman-1.so.0.26.0
b2d6b000-b2d6f000 r--p 00092000 08:01 396481     /usr/lib/i386-linux-gnu/libpixman-1.so.0.26.0
b2d6f000-b2d70000 rw-p 00096000 08:01 396481     /usr/lib/i386-linux-gnu/libpixman-1.so.0.26.0
b2d70000-b2d75000 r-xp 00000000 08:01 395996     /usr/lib/i386-linux-gnu/libXdmcp.so.6.0.0
b2d75000-b2d76000 r--p 00004000 08:01 395996     /usr/lib/i386-linux-gnu/libXdmcp.so.6.0.0
b2d76000-b2d77000 rw-p 00005000 08:01 395996     /usr/lib/i386-linux-gnu/libXdmcp.so.6.0.0
b2d77000-b2d79000 r-xp 00000000 08:01 395985     /usr/lib/i386-linux-gnu/libXau.so.6.0.0
b2d79000-b2d7a000 r--p 00001000 08:01 395985     /usr/lib/i386-linux-gnu/libXau.so.6.0.0
b2d7a000-b2d7b000 rw-p 00002000 08:01 395985     /usr/lib/i386-linux-gnu/libXau.so.6.0.0
b2d7b000-b2d8b000 r-xp 00000000 08:01 396062     /usr/lib/i386-linux-gnu/libavahi-client.so.3.2.9
b2d8b000-b2d8c000 r--p 0000f000 08:01 396062     /usr/lib/i386-linux-gnu/libavahi-client.so.3.2.9
b2d8c000-b2d8d000 rw-p 00010000 08:01 396062     /usr/lib/i386-linux-gnu/libavahi-client.so.3.2.9
b2d8d000-b2d99000 r-xp 00000000 08:01 396064     /usr/lib/i386-linux-gnu/libavahi-common.so.3.5.3
b2d99000-b2d9a000 r--p 0000b000 08:01 396064     /usr/lib/i386-linux-gnu/libavahi-common.so.3.5.3
b2d9a000-b2d9b000 rw-p 0000c000 08:01 396064     /usr/lib/i386-linux-gnu/libavahi-common.so.3.5.3
b2d9b000-b2e5a000 r-xp 00000000 08:01 396246     /usr/lib/i386-linux-gnu/libgnutls.so.26.21.8
b2e5a000-b2e5e000 r--p 000be000 08:01 396246     /usr/lib/i386-linux-gnu/libgnutls.so.26.21.8
b2e5e000-b2e5f000 rw-p 000c2000 08:01 396246     /usr/lib/i386-linux-gnu/libgnutls.so.26.21.8
b2e5f000-b2e9a000 r-xp 00000000 08:01 396261     /usr/lib/i386-linux-gnu/libgssapi_krb5.so.2.2
b2e9a000-b2e9b000 r--p 0003a000 08:01 396261     /usr/lib/i386-linux-gnu/libgssapi_krb5.so.2.2
b2e9b000-b2e9c000 rw-p 0003b000 08:01 396261     /usr/lib/i386-linux-gnu/libgssapi_krb5.so.2.2
b2e9c000-b2eda000 r-xp 00000000 08:01 263117     /lib/i386-linux-gnu/libpcre.so.3.13.1
b2eda000-b2edb000 r--p 0003d000 08:01 263117     /lib/i386-linux-gnu/libpcre.so.3.13.1
b2edb000-b2edc000 rw-p 0003e000 08:01 263117     /lib/i386-linux-gnu/libpcre.so.3.13.1
b2edc000-b2ee1000 r-xp 00000000 08:01 396171     /usr/lib/i386-linux-gnu/libffi.so.6.0.0
b2ee1000-b2ee2000 r--p 00005000 08:01 396171     /usr/lib/i386-linux-gnu/libffi.so.6.0.0
b2ee2000-b2ee3000 rw-p 00006000 08:01 396171     /usr/lib/i386-linux-gnu/libffi.so.6.0.0
b2ee3000-b2f08000 r-xp 00000000 08:01 263051     /lib/i386-linux-gnu/libexpat.so.1.6.0
b2f08000-b2f0a000 r--p 00025000 08:01 263051     /lib/i386-linux-gnu/libexpat.so.1.6.0
b2f0a000-b2f0b000 rw-p 00027000 08:01 263051     /lib/i386-linux-gnu/libexpat.so.1.6.0
b2f0b000-b2fa0000 r-xp 00000000 08:01 396188     /usr/lib/i386-linux-gnu/libfreetype.so.6.9.0
b2fa0000-b2fa4000 r--p 00094000 08:01 396188     /usr/lib/i386-linux-gnu/libfreetype.so.6.9.0
b2fa4000-b2fa5000 rw-p 00098000 08:01 396188     /usr/lib/i386-linux-gnu/libfreetype.so.6.9.0
b2fa5000-b2fb8000 r-xp 00000000 08:01 263132     /lib/i386-linux-gnu/libresolv-2.15.so
b2fb8000-b2fb9000 r--p 00013000 08:01 263132     /lib/i386-linux-gnu/libresolv-2.15.so
b2fb9000-b2fba000 rw-p 00014000 08:01 263132     /lib/i386-linux-gnu/libresolv-2.15.so
b2fba000-b2fbc000 rw-p 00000000 00:00 0 
b2fbc000-b2fd9000 r-xp 00000000 08:01 263136     /lib/i386-linux-gnu/libselinux.so.1
b2fd9000-b2fda000 r--p 0001c000 08:01 263136     /lib/i386-linux-gnu/libselinux.so.1
b2fda000-b2fdb000 rw-p 0001d000 08:01 263136     /lib/i386-linux-gnu/libselinux.so.1
b2fdb000-b2fde000 r-xp 00000000 08:01 396236     /usr/lib/i386-linux-gnu/libgmodule-2.0.so.0.3400.0
b2fde000-b2fdf000 r--p 00002000 08:01 396236     /usr/lib/i386-linux-gnu/libgmodule-2.0.so.0.3400.0
b2fdf000-b2fe0000 rw-p 00003000 08:01 396236     /usr/lib/i386-linux-gnu/libgmodule-2.0.so.0.3400.0
b2fe0000-b2fe2000 r-xp 00000000 08:01 395994     /usr/lib/i386-linux-gnu/libXdamage.so.1.1.0
b2fe2000-b2fe3000 r--p 00001000 08:01 395994     /usr/lib/i386-linux-gnu/libXdamage.so.1.1.0
b2fe3000-b2fe4000 rw-p 00002000 08:01 395994     /usr/lib/i386-linux-gnu/libXdamage.so.1.1.0
b2fe4000-b2fed000 r-xp 00000000 08:01 395992     /usr/lib/i386-linux-gnu/libXcursor.so.1.0.2
b2fed000-b2fee000 r--p 00008000 08:01 395992     /usr/lib/i386-linux-gnu/libXcursor.so.1.0.2
b2fee000-b2fef000 rw-p 00009000 08:01 395992     /usr/lib/i386-linux-gnu/libXcursor.so.1.0.2
b2fef000-b2ff8000 r-xp 00000000 08:01 396016     /usr/lib/i386-linux-gnu/libXrandr.so.2.2.0
b2ff8000-b2ff9000 r--p 00008000 08:01 396016     /usr/lib/i386-linux-gnu/libXrandr.so.2.2.0
b2ff9000-b2ffa000 rw-p 00009000 08:01 396016     /usr/lib/i386-linux-gnu/libXrandr.so.2.2.0
b2ffa000-b2ffc000 r-xp 00000000 08:01 396006     /usr/lib/i386-linux-gnu/libXinerama.so.1.0.0
b2ffc000-b2ffd000 r--p 00001000 08:01 396006     /usr/lib/i386-linux-gnu/libXinerama.so.1.0.0
b2ffd000-b2ffe000 rw-p 00002000 08:01 396006     /usr/lib/i386-linux-gnu/libXinerama.so.1.0.0
b2ffe000-b302b000 r-xp 00000000 08:01 396463     /usr/lib/i386-linux-gnu/libpangoft2-1.0.so.0.3000.1
b302b000-b302c000 r--p 0002c000 08:01 396463     /usr/lib/i386-linux-gnu/libpangoft2-1.0.so.0.3000.1
b302c000-b302d000 rw-p 0002d000 08:01 396463     /usr/lib/i386-linux-gnu/libpangoft2-1.0.so.0.3000.1
b302d000-b3133000 r-xp 00000000 08:01 396084     /usr/lib/i386-linux-gnu/libcairo.so.2.11200.2
b3133000-b3135000 r--p 00105000 08:01 396084     /usr/lib/i386-linux-gnu/libcairo.so.2.11200.2
b3135000-b3136000 rw-p 00107000 08:01 396084     /usr/lib/i386-linux-gnu/libcairo.so.2.11200.2
b3136000-b3137000 rw-p 00000000 00:00 0 
b3137000-b3155000 r-xp 00000000 08:01 396054     /usr/lib/i386-linux-gnu/libatk-1.0.so.0.20609.1
b3155000-b3157000 r--p 0001d000 08:01 396054     /usr/lib/i386-linux-gnu/libatk-1.0.so.0.20609.1
b3157000-b3158000 rw-p 0001f000 08:01 396054     /usr/lib/i386-linux-gnu/libatk-1.0.so.0.20609.1
b3158000-b315d000 r-xp 00000000 08:01 396000     /usr/lib/i386-linux-gnu/libXfixes.so.3.1.0
b315d000-b315e000 r--p 00004000 08:01 396000     /usr/lib/i386-linux-gnu/libXfixes.so.3.1.0
b315e000-b315f000 rw-p 00005000 08:01 396000     /usr/lib/i386-linux-gnu/libXfixes.so.3.1.0
b315f000-b316a000 r-xp 00000000 08:01 396461     /usr/lib/i386-linux-gnu/libpangocairo-1.0.so.0.3000.1
b316a000-b316b000 r--p 0000a000 08:01 396461     /usr/lib/i386-linux-gnu/libpangocairo-1.0.so.0.3000.1
b316b000-b316c000 rw-p 0000b000 08:01 396461     /usr/lib/i386-linux-gnu/libpangocairo-1.0.so.0.3000.1
b316c000-b318c000 r-xp 00000000 08:01 393520     /usr/lib/i386-linux-gnu/libxcb.so.1.1.0
b318c000-b318d000 r--p 0001f000 08:01 393520     /usr/lib/i386-linux-gnu/libxcb.so.1.1.0
b318d000-b318e000 rw-p 00020000 08:01 393520     /usr/lib/i386-linux-gnu/libxcb.so.1.1.0
b318e000-b31e8000 r-xp 00000000 08:01 396108     /usr/lib/i386-linux-gnu/libcups.so.2
b31e8000-b31e9000 ---p 0005a000 08:01 396108     /usr/lib/i386-linux-gnu/libcups.so.2
b31e9000-b31ec000 r--p 0005a000 08:01 396108     /usr/lib/i386-linux-gnu/libcups.so.2
b31ec000-b31ed000 rw-p 0005d000 08:01 396108     /usr/lib/i386-linux-gnu/libcups.so.2
b31ed000-b32e6000 r-xp 00000000 08:01 263060     /lib/i386-linux-gnu/libglib-2.0.so.0.3400.0
b32e6000-b32e7000 r--p 000f9000 08:01 263060     /lib/i386-linux-gnu/libglib-2.0.so.0.3400.0
b32e7000-b32e8000 rw-p 000fa000 08:01 263060     /lib/i386-linux-gnu/libglib-2.0.so.0.3400.0
b32e8000-b3336000 r-xp 00000000 08:01 396248     /usr/lib/i386-linux-gnu/libgobject-2.0.so.0.3400.0
b3336000-b3337000 r--p 0004d000 08:01 396248     /usr/lib/i386-linux-gnu/libgobject-2.0.so.0.3400.0
b3337000-b3338000 rw-p 0004e000 08:01 396248     /usr/lib/i386-linux-gnu/libgobject-2.0.so.0.3400.0
b3338000-b336e000 r-xp 00000000 08:01 396176     /usr/lib/i386-linux-gnu/libfontconfig.so.1.6.2
b336e000-b336f000 r--p 00036000 08:01 396176     /usr/lib/i386-linux-gnu/libfontconfig.so.1.6.2
b336f000-b3370000 rw-p 00037000 08:01 396176     /usr/lib/i386-linux-gnu/libfontconfig.so.1.6.2
b3370000-b33b7000 r-xp 00000000 08:01 396459     /usr/lib/i386-linux-gnu/libpango-1.0.so.0.3000.1
b33b7000-b33b8000 r--p 00047000 08:01 396459     /usr/lib/i386-linux-gnu/libpango-1.0.so.0.3000.1
b33b8000-b33b9000 rw-p 00048000 08:01 396459     /usr/lib/i386-linux-gnu/libpango-1.0.so.0.3000.1
b33b9000-b33d9000 r-xp 00000000 08:01 396209     /usr/lib/i386-linux-gnu/libgdk_pixbuf-2.0.so.0.2600.4
b33d9000-b33da000 r--p 0001f000 08:01 396209     /usr/lib/i386-linux-gnu/libgdk_pixbuf-2.0.so.0.2600.4
b33da000-b33db000 rw-p 00020000 08:01 396209     /usr/lib/i386-linux-gnu/libgdk_pixbuf-2.0.so.0.2600.4
b33db000-b3536000 r-xp 00000000 08:01 396224     /usr/lib/i386-linux-gnu/libgio-2.0.so.0.3400.0
b3536000-b3537000 ---p 0015b000 08:01 396224     /usr/lib/i386-linux-gnu/libgio-2.0.so.0.3400.0
b3537000-b3539000 r--p 0015b000 08:01 396224     /usr/lib/i386-linux-gnu/libgio-2.0.so.0.3400.0
b3539000-b353a000 rw-p 0015d000 08:01 396224     /usr/lib/i386-linux-gnu/libgio-2.0.so.0.3400.0
b353a000-b353b000 rw-p 00000000 00:00 0 
b353b000-b35e6000 r-xp 00000000 08:01 396207     /usr/lib/i386-linux-gnu/libgdk-x11-2.0.so.0.2400.13
b35e6000-b35e8000 r--p 000ab000 08:01 396207     /usr/lib/i386-linux-gnu/libgdk-x11-2.0.so.0.2400.13
b35e8000-b35e9000 rw-p 000ad000 08:01 396207     /usr/lib/i386-linux-gnu/libgdk-x11-2.0.so.0.2400.13
b35e9000-b3a4a000 r-xp 00000000 08:01 396309     /usr/lib/i386-linux-gnu/libgtk-x11-2.0.so.0.2400.13
b3a4a000-b3a4e000 r--p 00460000 08:01 396309     /usr/lib/i386-linux-gnu/libgtk-x11-2.0.so.0.2400.13
b3a4e000-b3a50000 rw-p 00464000 08:01 396309     /usr/lib/i386-linux-gnu/libgtk-x11-2.0.so.0.2400.13
b3a50000-b3a52000 rw-p 00000000 00:00 0 
b3a52000-b3b85000 r-xp 00000000 08:01 393522     /usr/lib/i386-linux-gnu/libX11.so.6.3.0
b3b85000-b3b86000 r--p 00132000 08:01 393522     /usr/lib/i386-linux-gnu/libX11.so.6.3.0
b3b86000-b3b89000 rw-p 00133000 08:01 393522     /usr/lib/i386-linux-gnu/libX11.so.6.3.0
b3b89000-b3b99000 r-xp 00000000 08:01 395998     /usr/lib/i386-linux-gnu/libXext.so.6.4.0
b3b99000-b3b9a000 r--p 0000f000 08:01 395998     /usr/lib/i386-linux-gnu/libXext.so.6.4.0
b3b9a000-b3b9b000 rw-p 00010000 08:01 395998     /usr/lib/i386-linux-gnu/libXext.so.6.4.0
b3b9d000-b3b9e000 r-xp 00000000 08:01 395979     /usr/lib/i386-linux-gnu/libX11-xcb.so.1.0.0
b3b9e000-b3b9f000 r--p 00000000 08:01 395979     /usr/lib/i386-linux-gnu/libX11-xcb.so.1.0.0
b3b9f000-b3ba0000 rw-p 00001000 08:01 395979     /usr/lib/i386-linux-gnu/libX11-xcb.so.1.0.0
b3ba0000-b3ba1000 r-xp 00000000 08:01 304522     /usr/lib/jvm/java-7-openjdk-i386/jre/lib/i386/libjawt.so
b3ba1000-b3ba2000 r--p 00000000 08:01 304522     /usr/lib/jvm/java-7-openjdk-i386/jre/lib/i386/libjawt.so
b3ba2000-b3ba3000 rw-p 00001000 08:01 304522     /usr/lib/jvm/java-7-openjdk-i386/jre/lib/i386/libjawt.so
b3ba3000-b3baa000 r--s 00000000 08:01 397249     /usr/lib/i386-linux-gnu/gconv/gconv-modules.cache
b3baa000-b3bfc000 r-xp 00000000 08:01 305233     /usr/lib/jvm/java-7-openjdk-i386/jre/lib/i386/xawt/libmawt.so
b3bfc000-b3bfd000 r--p 00051000 08:01 305233     /usr/lib/jvm/java-7-openjdk-i386/jre/lib/i386/xawt/libmawt.so
b3bfd000-b3bff000 rw-p 00052000 08:01 305233     /usr/lib/jvm/java-7-openjdk-i386/jre/lib/i386/xawt/libmawt.so
b3bff000-b3c00000 rw-p 00000000 00:00 0 
b3c00000-b3cfb000 rw-p 00000000 00:00 0 
b3cfb000-b3d00000 ---p 00000000 00:00 0 
b3d00000-b3d01000 rw-p 00000000 00:00 0 
b3d01000-b3d03000 r-xp 00000000 08:01 395990     /usr/lib/i386-linux-gnu/libXcomposite.so.1.0.0
b3d03000-b3d04000 r--p 00001000 08:01 395990     /usr/lib/i386-linux-gnu/libXcomposite.so.1.0.0
b3d04000-b3d05000 rw-p 00002000 08:01 395990     /usr/lib/i386-linux-gnu/libXcomposite.so.1.0.0
b3d05000-b3d06000 r-xp 00000000 08:01 396305     /usr/lib/i386-linux-gnu/libgthread-2.0.so.0.3400.0
b3d06000-b3d07000 r--p 00000000 08:01 396305     /usr/lib/i386-linux-gnu/libgthread-2.0.so.0.3400.0
b3d07000-b3d08000 rw-p 00001000 08:01 396305     /usr/lib/i386-linux-gnu/libgthread-2.0.so.0.3400.0
b3d08000-b3d16000 r-xp 00000000 08:01 396004     /usr/lib/i386-linux-gnu/libXi.so.6.1.0
b3d16000-b3d17000 r--p 0000d000 08:01 396004     /usr/lib/i386-linux-gnu/libXi.so.6.1.0
b3d17000-b3d18000 rw-p 0000e000 08:01 396004     /usr/lib/i386-linux-gnu/libXi.so.6.1.0
b3d18000-b3d1d000 r-xp 00000000 08:01 396024     /usr/lib/i386-linux-gnu/libXtst.so.6.1.0
b3d1d000-b3d1e000 r--p 00004000 08:01 396024     /usr/lib/i386-linux-gnu/libXtst.so.6.1.0
b3d1e000-b3d1f000 rw-p 00005000 08:01 396024     /usr/lib/i386-linux-gnu/libXtst.so.6.1.0
b3d1f000-b3d27000 r-xp 00000000 08:01 396018     /usr/lib/i386-linux-gnu/libXrender.so.1.3.0
b3d27000-b3d28000 r--p 00007000 08:01 396018     /usr/lib/i386-linux-gnu/libXrender.so.1.3.0
b3d28000-b3d29000 rw-p 00008000 08:01 396018     /usr/lib/i386-linux-gnu/libXrender.so.1.3.0
b3d29000-b3dbd000 r-xp 00000000 08:01 304512     /usr/lib/jvm/java-7-openjdk-i386/jre/lib/i386/libawt.so
b3dbd000-b3dbe000 r--p 00093000 08:01 304512     /usr/lib/jvm/java-7-openjdk-i386/jre/lib/i386/libawt.so
b3dbe000-b3dc5000 rw-p 00094000 08:01 304512     /usr/lib/jvm/java-7-openjdk-i386/jre/lib/i386/libawt.so
b3dc5000-b3de9000 rw-p 00000000 00:00 0 
b3de9000-b3deb000 r--s 00005000 08:01 158434     /home/atra/Engine/lib/slf4j-api-1.7.5.jar
b3deb000-b3def000 r--s 00034000 08:01 158425     /home/atra/Engine/lib/jbox2d-library-2.1.2.jar
b3def000-b3df1000 r--s 00045000 08:01 158435     /home/atra/Engine/lib/vecmath-1.3.1.jar
b3df1000-b3df5000 r--s 0002f000 08:01 158426     /home/atra/Engine/lib/jinput-2.0.5.jar
b3df5000-b3dfe000 r--s 000bc000 08:01 304177     /usr/lib/jvm/java-7-openjdk-common/jre/lib/resources.jar
b3dfe000-b3e0b000 r--s 000e6000 08:01 158431     /home/atra/Engine/lib/lwjgl.jar
b3e0b000-b3e0c000 ---p 00000000 00:00 0 
b3e0c000-b3e8c000 rw-p 00000000 00:00 0          [stack:2108]
b3e8c000-b3e8f000 ---p 00000000 00:00 0 
b3e8f000-b3edd000 rw-p 00000000 00:00 0          [stack:2107]
b3edd000-b3ee0000 ---p 00000000 00:00 0 
b3ee0000-b3f5e000 rw-p 00000000 00:00 0          [stack:2106]
b3f5e000-b3f61000 ---p 00000000 00:00 0 
b3f61000-b3faf000 rw-p 00000000 00:00 0          [stack:2105]
b3faf000-b41af000 r--p 00000000 08:01 398204     /usr/lib/locale/locale-archive
b41af000-b41b2000 ---p 00000000 00:00 0 
b41b2000-b4200000 rw-p 00000000 00:00 0          [stack:2104]
b4200000-b4221000 rw-p 00000000 00:00 0 
b4221000-b4300000 ---p 00000000 00:00 0 
b4300000-b4301000 rwxp 00000000 00:00 0 
b4301000-b4302000 r--s 00001000 08:01 158428     /home/atra/Engine/lib/jutils-1.0.0.jar
b4302000-b4307000 r--s 00041000 08:01 158017     /home/atra/Engine/lib/commons-lang-2.6.jar
b4307000-b430a000 r--s 00015000 08:01 158429     /home/atra/Engine/lib/kouinject-1.2.jar
b430a000-b4318000 r--s 000e9000 08:01 158430     /home/atra/Engine/lib/lwjgl-debug.jar
b4318000-b431c000 r--s 00027000 08:01 158432     /home/atra/Engine/lib/lwjgl_util.jar
b431c000-b4321000 r--s 00030000 08:01 158427     /home/atra/Engine/lib/jinput.jar
b4321000-b4324000 r--s 0000e000 08:01 307649     /usr/share/java/hamcrest-core-1.2.jar
b4324000-b4327000 r--s 0000e000 08:01 307649     /usr/share/java/hamcrest-core-1.2.jar
b4327000-b432e000 r--s 00033000 08:01 307674     /usr/share/java/junit4-4.10.jar
b432e000-b432f000 r--s 00002000 08:01 304154     /usr/lib/jvm/java-7-openjdk-common/jre/lib/ext/dnsns.jar
b432f000-b4331000 r--s 00012000 08:01 304157     /usr/lib/jvm/java-7-openjdk-common/jre/lib/ext/zipfs.jar
b4331000-b4335000 r--s 00085000 08:01 304156     /usr/lib/jvm/java-7-openjdk-common/jre/lib/ext/localedata.jar
b4335000-b4338000 r--s 0000f000 08:01 304155     /usr/lib/jvm/java-7-openjdk-common/jre/lib/ext/pulse-java.jar
b4338000-b433a000 r--s 00006000 08:01 305221     /usr/share/java/java-atk-wrapper.jar
b433a000-b433d000 r--s 0003c000 08:01 304159     /usr/lib/jvm/java-7-openjdk-common/jre/lib/ext/sunpkcs11.jar
b433d000-b4340000 r--s 00032000 08:01 304158     /usr/lib/jvm/java-7-openjdk-common/jre/lib/ext/sunjce_provider.jar
b4340000-b4343000 ---p 00000000 00:00 0 
b4343000-b4391000 rw-p 00000000 00:00 0          [stack:2103]
b4391000-b4392000 ---p 00000000 00:00 0 
b4392000-b445a000 rw-p 00000000 00:00 0          [stack:2102]
b445a000-b4607000 r--s 01cec000 08:01 304698     /usr/lib/jvm/java-7-openjdk-i386/jre/lib/rt.jar
b4607000-b4615000 rw-p 00000000 00:00 0 
b4615000-b462f000 rw-p 00000000 00:00 0 
b462f000-b4635000 rw-p 00000000 00:00 0 
b4635000-b46d7000 rw-p 00000000 00:00 0 
b46d7000-b46da000 rw-p 00000000 00:00 0 
b46da000-b472a000 rw-p 00000000 00:00 0 
b472a000-b4730000 rw-p 00000000 00:00 0 
b4730000-b47d2000 rw-p 00000000 00:00 0 
b47d2000-b47d8000 rw-p 00000000 00:00 0 
b47d8000-b47f2000 rw-p 00000000 00:00 0 
b47f2000-b4803000 rw-p 00000000 00:00 0 
b4803000-b487e000 rw-p 00000000 00:00 0 
b487e000-b499e000 rwxp 00000000 00:00 0 
b499e000-b687e000 rw-p 00000000 00:00 0 
b687e000-b6886000 r-xp 00000000 08:01 304546     /usr/lib/jvm/java-7-openjdk-i386/jre/lib/i386/libzip.so
b6886000-b6887000 r--p 00007000 08:01 304546     /usr/lib/jvm/java-7-openjdk-i386/jre/lib/i386/libzip.so
b6887000-b6888000 rw-p 00008000 08:01 304546     /usr/lib/jvm/java-7-openjdk-i386/jre/lib/i386/libzip.so
b6888000-b6893000 r-xp 00000000 08:01 263095     /lib/i386-linux-gnu/libnss_files-2.15.so
b6893000-b6894000 r--p 0000a000 08:01 263095     /lib/i386-linux-gnu/libnss_files-2.15.so
b6894000-b6895000 rw-p 0000b000 08:01 263095     /lib/i386-linux-gnu/libnss_files-2.15.so
b6895000-b68ab000 r-xp 00000000 08:01 263089     /lib/i386-linux-gnu/libnsl-2.15.so
b68ab000-b68ac000 r--p 00015000 08:01 263089     /lib/i386-linux-gnu/libnsl-2.15.so
b68ac000-b68ad000 rw-p 00016000 08:01 263089     /lib/i386-linux-gnu/libnsl-2.15.so
b68ad000-b68af000 rw-p 00000000 00:00 0 
b68af000-b68b6000 r-xp 00000000 08:01 263091     /lib/i386-linux-gnu/libnss_compat-2.15.so
b68b6000-b68b7000 r--p 00006000 08:01 263091     /lib/i386-linux-gnu/libnss_compat-2.15.so
b68b7000-b68b8000 rw-p 00007000 08:01 263091     /lib/i386-linux-gnu/libnss_compat-2.15.so
b68b8000-b68b9000 r--s 00000000 08:01 158424     /home/atra/Engine/lib/javax.inject-1.jar
b68b9000-b68bf000 rw-p 00000000 00:00 0 
b68bf000-b68c7000 rw-s 00000000 08:01 198        /tmp/hsperfdata_atra/2095
b68c7000-b68ee000 r-xp 00000000 08:01 304514     /usr/lib/jvm/java-7-openjdk-i386/jre/lib/i386/libjava.so
b68ee000-b68ef000 r--p 00026000 08:01 304514     /usr/lib/jvm/java-7-openjdk-i386/jre/lib/i386/libjava.so
b68ef000-b68f0000 rw-p 00027000 08:01 304514     /usr/lib/jvm/java-7-openjdk-i386/jre/lib/i386/libjava.so
b68f0000-b68fd000 r-xp 00000000 08:01 304544     /usr/lib/jvm/java-7-openjdk-i386/jre/lib/i386/libverify.so
b68fd000-b68fe000 ---p 0000d000 08:01 304544     /usr/lib/jvm/java-7-openjdk-i386/jre/lib/i386/libverify.so
b68fe000-b68ff000 r--p 0000d000 08:01 304544     /usr/lib/jvm/java-7-openjdk-i386/jre/lib/i386/libverify.so
b68ff000-b6900000 rw-p 0000e000 08:01 304544     /usr/lib/jvm/java-7-openjdk-i386/jre/lib/i386/libverify.so
b6900000-b69f9000 rw-p 00000000 00:00 0 
b69f9000-b6a00000 ---p 00000000 00:00 0 
b6a00000-b6a01000 r--s 00001000 08:01 158433     /home/atra/Engine/lib/lzma.jar
b6a01000-b6a08000 r-xp 00000000 08:01 263134     /lib/i386-linux-gnu/librt-2.15.so
b6a08000-b6a09000 r--p 00006000 08:01 263134     /lib/i386-linux-gnu/librt-2.15.so
b6a09000-b6a0a000 rw-p 00007000 08:01 263134     /lib/i386-linux-gnu/librt-2.15.so
b6a0a000-b6a0d000 ---p 00000000 00:00 0 
b6a0d000-b6a5b000 rw-p 00000000 00:00 0          [stack:2101]
b6a5b000-b6a77000 r-xp 00000000 08:01 263056     /lib/i386-linux-gnu/libgcc_s.so.1
b6a77000-b6a78000 r--p 0001b000 08:01 263056     /lib/i386-linux-gnu/libgcc_s.so.1
b6a78000-b6a79000 rw-p 0001c000 08:01 263056     /lib/i386-linux-gnu/libgcc_s.so.1
b6a79000-b6aa3000 r-xp 00000000 08:01 263072     /lib/i386-linux-gnu/libm-2.15.so
b6aa3000-b6aa4000 r--p 00029000 08:01 263072     /lib/i386-linux-gnu/libm-2.15.so
b6aa4000-b6aa5000 rw-p 0002a000 08:01 263072     /lib/i386-linux-gnu/libm-2.15.so
b6aa5000-b6b81000 r-xp 00000000 08:01 396566     /usr/lib/i386-linux-gnu/libstdc++.so.6.0.17
b6b81000-b6b82000 ---p 000dc000 08:01 396566     /usr/lib/i386-linux-gnu/libstdc++.so.6.0.17
b6b82000-b6b86000 r--p 000dc000 08:01 396566     /usr/lib/i386-linux-gnu/libstdc++.so.6.0.17
b6b86000-b6b87000 rw-p 000e0000 08:01 396566     /usr/lib/i386-linux-gnu/libstdc++.so.6.0.17
b6b87000-b6b8e000 rw-p 00000000 00:00 0 
b6b8e000-b7141000 r-xp 00000000 08:01 304582     /usr/lib/jvm/java-7-openjdk-i386/jre/lib/i386/client/libjvm.so
b7141000-b7158000 r--p 005b2000 08:01 304582     /usr/lib/jvm/java-7-openjdk-i386/jre/lib/i386/client/libjvm.so
b7158000-b7167000 rw-p 005c9000 08:01 304582     /usr/lib/jvm/java-7-openjdk-i386/jre/lib/i386/client/libjvm.so
b7167000-b7582000 rw-p 00000000 00:00 0 
b7582000-b7599000 r-xp 00000000 08:01 263164     /lib/i386-linux-gnu/libz.so.1.2.7
b7599000-b759a000 r--p 00016000 08:01 263164     /lib/i386-linux-gnu/libz.so.1.2.7
b759a000-b759b000 rw-p 00017000 08:01 263164     /lib/i386-linux-gnu/libz.so.1.2.7
b759b000-b75b2000 r-xp 00000000 08:01 263126     /lib/i386-linux-gnu/libpthread-2.15.so
b75b2000-b75b3000 r--p 00016000 08:01 263126     /lib/i386-linux-gnu/libpthread-2.15.so
b75b3000-b75b4000 rw-p 00017000 08:01 263126     /lib/i386-linux-gnu/libpthread-2.15.so
b75b4000-b75b6000 rw-p 00000000 00:00 0 
b75b6000-b75b9000 r-xp 00000000 08:01 263046     /lib/i386-linux-gnu/libdl-2.15.so
b75b9000-b75ba000 r--p 00002000 08:01 263046     /lib/i386-linux-gnu/libdl-2.15.so
b75ba000-b75bb000 rw-p 00003000 08:01 263046     /lib/i386-linux-gnu/libdl-2.15.so
b75bb000-b775e000 r-xp 00000000 08:01 263031     /lib/i386-linux-gnu/libc-2.15.so
b775e000-b775f000 ---p 001a3000 08:01 263031     /lib/i386-linux-gnu/libc-2.15.so
b775f000-b7761000 r--p 001a3000 08:01 263031     /lib/i386-linux-gnu/libc-2.15.so
b7761000-b7762000 rw-p 001a5000 08:01 263031     /lib/i386-linux-gnu/libc-2.15.so
b7762000-b7765000 rw-p 00000000 00:00 0 
b7765000-b7766000 r--p 006e7000 08:01 398204     /usr/lib/locale/locale-archive
b7766000-b7770000 r-xp 00000000 08:01 263099     /lib/i386-linux-gnu/libnss_nis-2.15.so
b7770000-b7771000 r--p 00009000 08:01 263099     /lib/i386-linux-gnu/libnss_nis-2.15.so
b7771000-b7772000 rw-p 0000a000 08:01 263099     /lib/i386-linux-gnu/libnss_nis-2.15.so
b7772000-b7773000 rw-p 00000000 00:00 0 
b7773000-b7774000 r--p 00000000 00:00 0 
b7774000-b7781000 r-xp 00000000 08:01 304520     /usr/lib/jvm/java-7-openjdk-i386/jre/lib/i386/jli/libjli.so
b7781000-b7782000 r--p 0000c000 08:01 304520     /usr/lib/jvm/java-7-openjdk-i386/jre/lib/i386/jli/libjli.so
b7782000-b7783000 rw-p 0000d000 08:01 304520     /usr/lib/jvm/java-7-openjdk-i386/jre/lib/i386/jli/libjli.so
b7783000-b7786000 rw-p 00000000 00:00 0 
b7786000-b7787000 r-xp 00000000 00:00 0          [vdso]
b7787000-b77a7000 r-xp 00000000 08:01 263009     /lib/i386-linux-gnu/ld-2.15.so
b77a7000-b77a8000 r--p 0001f000 08:01 263009     /lib/i386-linux-gnu/ld-2.15.so
b77a8000-b77a9000 rw-p 00020000 08:01 263009     /lib/i386-linux-gnu/ld-2.15.so
bff31000-bff52000 rw-p 00000000 00:00 0          [stack]

VM Arguments:
jvm_args: -Dfile.encoding=UTF-8 
java_command: gameoct.GameMain
Launcher Type: SUN_STANDARD

Environment Variables:
PATH=/usr/lib/lightdm/lightdm:/usr/local/sbin:/usr/local/bin:/usr/sbin:/usr/bin:/sbin:/bin:/usr/games:/usr/local/games
LD_LIBRARY_PATH=/usr/lib/jvm/java-7-openjdk-i386/jre/lib/i386/client:/usr/lib/jvm/java-7-openjdk-i386/jre/lib/i386:
SHELL=/bin/bash
DISPLAY=:0.0

Signal Handlers:
SIGSEGV: [libjvm.so+0x49b600], sa_mask[0]=0x7ffbfeff, sa_flags=0x10000004
SIGBUS: [libjvm.so+0x49b600], sa_mask[0]=0x7ffbfeff, sa_flags=0x10000004
SIGFPE: [libjvm.so+0x399dc0], sa_mask[0]=0x7ffbfeff, sa_flags=0x10000004
SIGPIPE: SIG_IGN, sa_mask[0]=0x00001000, sa_flags=0x10000000
SIGXFSZ: [libjvm.so+0x399dc0], sa_mask[0]=0x7ffbfeff, sa_flags=0x10000004
SIGILL: [libjvm.so+0x399dc0], sa_mask[0]=0x7ffbfeff, sa_flags=0x10000004
SIGUSR1: SIG_DFL, sa_mask[0]=0x00000000, sa_flags=0x00000000
SIGUSR2: [libjvm.so+0x399c70], sa_mask[0]=0x00000004, sa_flags=0x10000004
SIGHUP: [libjvm.so+0x39a200], sa_mask[0]=0x7ffbfeff, sa_flags=0x10000004
SIGINT: [swrast_dri.so+0x6a0ee0], sa_mask[0]=0x00000002, sa_flags=0x10000000
SIGTERM: [swrast_dri.so+0x6a0ee0], sa_mask[0]=0x00004000, sa_flags=0x10000000
SIGQUIT: [libjvm.so+0x39a200], sa_mask[0]=0x7ffbfeff, sa_flags=0x10000004


---------------  S Y S T E M  ---------------

OS:Ubuntu 12.10 (quantal)
uname:Linux 3.5.0-17-generic #28-Ubuntu SMP Tue Oct 9 19:32:08 UTC 2012 i686
libc:glibc 2.15 NPTL 2.15 
rlimit: STACK 8192k, CORE 0k, NPROC 7903, NOFILE 4096, AS infinity
load average:0,87 0,55 0,40

/proc/meminfo:
MemTotal:        1027104 kB
MemFree:          372384 kB
Buffers:           53880 kB
Cached:           268692 kB
SwapCached:            0 kB
Active:           362168 kB
Inactive:         224324 kB
Active(anon):     271752 kB
Inactive(anon):     2496 kB
Active(file):      90416 kB
Inactive(file):   221828 kB
Unevictable:       32500 kB
Mlocked:           32500 kB
HighTotal:        135112 kB
HighFree:           1776 kB
LowTotal:         891992 kB
LowFree:          370608 kB
SwapTotal:        522236 kB
SwapFree:         522236 kB
Dirty:               164 kB
Writeback:             0 kB
AnonPages:        296468 kB
Mapped:            73636 kB
Shmem:              3188 kB
Slab:              19572 kB
SReclaimable:      11020 kB
SUnreclaim:         8552 kB
KernelStack:        2400 kB
PageTables:         4296 kB
NFS_Unstable:          0 kB
Bounce:                0 kB
WritebackTmp:          0 kB
CommitLimit:     1035788 kB
Committed_AS:    1096724 kB
VmallocTotal:     122880 kB
VmallocUsed:       24480 kB
VmallocChunk:      97868 kB
HardwareCorrupted:     0 kB
AnonHugePages:         0 kB
HugePages_Total:       0
HugePages_Free:        0
HugePages_Rsvd:        0
HugePages_Surp:        0
Hugepagesize:       2048 kB
DirectMap4k:       24568 kB
DirectMap2M:      888832 kB


CPU:total 1 (1 cores per cpu, 1 threads per core) family 20 model 1 stepping 0, cmov, cx8, fxsr, mmx, sse, sse2, sse3, ssse3, tsc

/proc/cpuinfo:
processor	: 0
vendor_id	: AuthenticAMD
cpu family	: 20
model		: 1
model name	: AMD E-350 Processor
stepping	: 0
cpu MHz		: 1535.918
cache size	: 512 KB
fdiv_bug	: no
hlt_bug		: no
f00f_bug	: no
coma_bug	: no
fpu		: yes
fpu_exception	: yes
cpuid level	: 5
wp		: yes
flags		: fpu vme de pse tsc msr pae mce cx8 apic sep mtrr pge mca cmov pat pse36 clflush mmx fxsr sse sse2 syscall nx fxsr_opt rdtscp lm up extd_apicid pni monitor ssse3 lahf_lm cr8_legacy arat
bogomips	: 3071.83
clflush size	: 64
cache_alignment	: 64
address sizes	: 36 bits physical, 48 bits virtual
power management:



Memory: 4k page, physical 1027104k(372384k free), swap 522236k(522236k free)

vm_info: OpenJDK Client VM (23.7-b01) for linux-x86 JRE (1.7.0_25-b30), built on Jul  3 2013 14:00:01 by "buildd" with gcc 4.7.2

time: Mon Oct 14 11:35:36 2013
elapsed time: 19 seconds

